2025-11-06T22:36:06.6844897Z,Updating submodules.,4734877c-0473-42fd-98dd-0ec5890592b6,0
2025-11-06T22:36:07.8520207Z,Preparing deployment for commit id '2d9ff0f7-8'.,5ee2b34c-807d-44d9-aaa3-97ec731aa162,0
2025-11-06T22:36:08.2211123Z,PreDeployment: context.CleanOutputPath False,1de2f47e-8c48-4130-bb9d-aa1e248cc275,0
2025-11-06T22:36:08.3863942Z,PreDeployment: context.OutputPath /home/site/wwwroot,c72ba302-3a52-487d-a980-854afe5c5c93,0
2025-11-06T22:36:08.5711685Z,Repository path is /tmp/zipdeploy/extracted,0211864e-0031-4510-bfe3-a6afeeb9d7f2,0
2025-11-06T22:36:08.7187961Z,Running oryx build...,e4886449-9c23-4a31-8dd4-b3dc20287b83,0
	2025-11-06T22:36:08.7337798Z,Command: oryx build /tmp/zipdeploy/extracted -o /home/site/wwwroot --platform python --platform-version 3.10 -p virtualenv_name=antenv --log-file /tmp/build-debug.log  -i /tmp/8de1d84e0f525dd --compress-destination-dir | tee /tmp/oryx-build.log,,0
	2025-11-06T22:36:10.2554551Z,Operation performed by Microsoft Oryx&comma; https://github.com/Microsoft/Oryx,,0
	2025-11-06T22:36:10.2709527Z,You can report issues at https://github.com/Microsoft/Oryx/issues,,0
	2025-11-06T22:36:10.2862372Z,,,0
	2025-11-06T22:36:10.2983883Z,Oryx Version: 0.2.20251022.1+bef98bc7139feefaa74be16de9d835e2c85385d4&comma; Commit: bef98bc7139feefaa74be16de9d835e2c85385d4&comma; ReleaseTagName: 20251022.1,,0
	2025-11-06T22:36:10.3132409Z,,,0
	2025-11-06T22:36:10.3385723Z,Build Operation ID: 72e86d42e53686f2,,0
	2025-11-06T22:36:10.3498642Z,Repository Commit : 2d9ff0f7-8dde-4c35-a00e-7339ee470025,,0
	2025-11-06T22:36:10.3863746Z,OS Type           : bullseye,,0
	2025-11-06T22:36:10.4078404Z,Image Type        : githubactions,,0
	2025-11-06T22:36:10.4308751Z,,,0
	2025-11-06T22:36:10.4469459Z,Primary SDK Storage URL: https://oryx-cdn.microsoft.io,,0
	2025-11-06T22:36:10.5151326Z,Backup SDK Storage URL: ,,0
	2025-11-06T22:36:10.5331822Z,Detecting platforms...,,0
	2025-11-06T22:36:10.5629496Z,External SDK provider is enabled.,,0
	2025-11-06T22:36:10.5748573Z,Requesting metadata for platform python from external SDK provider,,0
	2025-11-06T22:36:11.8464852Z,Requesting metadata for platform python from external SDK provider,,0
	2025-11-06T22:36:11.9909341Z,Detected following platforms:,,0
	2025-11-06T22:36:12.0040743Z,  python: 3.10.19,,0
	2025-11-06T22:36:12.7723425Z,,,0
	2025-11-06T22:36:13.0106651Z,Using intermediate directory '/tmp/8de1d84e0f525dd'.,,0
	2025-11-06T22:36:13.1511988Z,,,0
	2025-11-06T22:36:13.1676026Z,Copying files to the intermediate directory...,,0
	2025-11-06T22:36:13.2082296Z,Done in 0 sec(s).,,0
	2025-11-06T22:36:13.2459018Z,,,0
	2025-11-06T22:36:13.2629810Z,Source directory     : /tmp/8de1d84e0f525dd,,0
	2025-11-06T22:36:13.2866515Z,Destination directory: /home/site/wwwroot,,0
	2025-11-06T22:36:13.3099151Z,,,0
	2025-11-06T22:36:13.4423278Z,Python Version: /tmp/oryx/platforms/python/3.10.19/bin/python3.10,,0
	2025-11-06T22:36:13.4683946Z,Creating directory for command manifest file if it does not exist,,0
	2025-11-06T22:36:13.4853122Z,Removing existing manifest file,,0
	2025-11-06T22:36:14.2778434Z,Python Virtual Environment: antenv,,0
	2025-11-06T22:36:14.2961391Z,Creating virtual environment...,,0
	2025-11-06T22:36:14.3109633Z,Executing: /tmp/oryx/platforms/python/3.10.19/bin/python3.10 -m venv antenv --copies --system-site-packages,,0
	2025-11-06T22:36:20.0650493Z,Activating virtual environment...,,0
	2025-11-06T22:36:20.0973611Z,Running pip install...,,0
	2025-11-06T22:36:38.4208621Z,[22:36:21+0000] Collecting Flask==2.0.3,,0
	2025-11-06T22:36:38.4432347Z,[22:36:21+0000]   Using cached Flask-2.0.3-py3-none-any.whl (95 kB),,0
	2025-11-06T22:36:38.4707381Z,[22:36:21+0000] Collecting Flask-Login==0.5.0,,0
	2025-11-06T22:36:38.5056395Z,[22:36:21+0000]   Using cached Flask_Login-0.5.0-py2.py3-none-any.whl (16 kB),,0
	2025-11-06T22:36:38.5253399Z,[22:36:21+0000] Collecting Flask-Session==0.4.0,,0
	2025-11-06T22:36:38.5410010Z,[22:36:21+0000]   Using cached Flask_Session-0.4.0-py2.py3-none-any.whl (7.5 kB),,0
	2025-11-06T22:36:38.5579797Z,[22:36:21+0000] Collecting Flask-SQLAlchemy,,0
	2025-11-06T22:36:38.5781565Z,[22:36:21+0000]   Downloading flask_sqlalchemy-3.1.1-py3-none-any.whl (25 kB),,0
	2025-11-06T22:36:38.5925659Z,[22:36:21+0000] Collecting Flask-WTF==0.14.3,,0
	2025-11-06T22:36:38.6077624Z,[22:36:21+0000]   Using cached Flask_WTF-0.14.3-py2.py3-none-any.whl (13 kB),,0
	2025-11-06T22:36:38.6222362Z,[22:36:21+0000] Collecting msal>=1.13.0,,0
	2025-11-06T22:36:38.6409473Z,[22:36:21+0000]   Using cached msal-1.34.0-py3-none-any.whl (116 kB),,0
	2025-11-06T22:36:38.6934687Z,[22:36:21+0000] Collecting pyodbc>=4.0.30,,0
	2025-11-06T22:36:38.7107595Z,[22:36:21+0000]   Using cached pyodbc-5.3.0-cp310-cp310-manylinux2014_x86_64.manylinux_2_17_x86_64.manylinux_2_28_x86_64.whl (322 kB),,0
	2025-11-06T22:36:38.7266254Z,[22:36:21+0000] Collecting python-dotenv,,0
	2025-11-06T22:36:38.7414590Z,[22:36:21+0000]   Using cached python_dotenv-1.2.1-py3-none-any.whl (21 kB),,0
	2025-11-06T22:36:38.7762749Z,[22:36:21+0000] Collecting requests>=2.22.0,,0
	2025-11-06T22:36:38.7925548Z,[22:36:21+0000]   Using cached requests-2.32.5-py3-none-any.whl (64 kB),,0
	2025-11-06T22:36:38.8078470Z,[22:36:21+0000] Collecting Werkzeug==2.0.3,,0
	2025-11-06T22:36:38.8202369Z,[22:36:21+0000]   Using cached Werkzeug-2.0.3-py3-none-any.whl (289 kB),,0
	2025-11-06T22:36:38.8560190Z,[22:36:21+0000] Collecting WTForms>=2.2.1,,0
	2025-11-06T22:36:38.8755426Z,[22:36:21+0000]   Using cached wtforms-3.2.1-py3-none-any.whl (152 kB),,0
	2025-11-06T22:36:38.8923081Z,[22:36:22+0000] Collecting SQLAlchemy==1.4.46,,0
	2025-11-06T22:36:38.9119102Z,[22:36:22+0000]   Using cached SQLAlchemy-1.4.46-cp310-cp310-manylinux_2_5_x86_64.manylinux1_x86_64.manylinux_2_17_x86_64.manylinux2014_x86_64.whl (1.6 MB),,0
	2025-11-06T22:36:38.9335930Z,[22:36:22+0000] Collecting azure-storage-blob==12.19.0,,0
	2025-11-06T22:36:38.9514081Z,[22:36:22+0000]   Downloading azure_storage_blob-12.19.0-py3-none-any.whl (394 kB),,0
	2025-11-06T22:36:38.9655491Z,[22:36:22+0000]      ━━━━━━━━━━━━━━━━━━━━━━━━━━━━━━━━━━━━━━ 394.2/394.2 kB 15.0 MB/s eta 0:00:00,,0
	2025-11-06T22:36:38.9922778Z,[22:36:23+0000] Collecting Pillow>=8.0.0,,0
	2025-11-06T22:36:39.0144722Z,[22:36:23+0000]   Using cached pillow-12.0.0-cp310-cp310-manylinux_2_27_x86_64.manylinux_2_28_x86_64.whl (7.0 MB),,0
	2025-11-06T22:36:39.0281984Z,[22:36:24+0000] Collecting cryptography>=3.0.0,,0
	2025-11-06T22:36:39.0408576Z,[22:36:24+0000]   Using cached cryptography-46.0.3-cp38-abi3-manylinux_2_28_x86_64.whl (4.5 MB),,0
	2025-11-06T22:36:39.0848755Z,[22:36:24+0000] Collecting gunicorn,,0
	2025-11-06T22:36:39.1061869Z,[22:36:24+0000]   Using cached gunicorn-23.0.0-py3-none-any.whl (85 kB),,0
	2025-11-06T22:36:39.1465673Z,[22:36:24+0000] Collecting Jinja2==3.0.3,,0
	2025-11-06T22:36:39.1640304Z,[22:36:24+0000]   Using cached Jinja2-3.0.3-py3-none-any.whl (133 kB),,0
	2025-11-06T22:36:39.1790711Z,[22:36:24+0000] Collecting MarkupSafe==2.0.1,,0
	2025-11-06T22:36:39.1947676Z,[22:36:24+0000]   Using cached MarkupSafe-2.0.1-cp310-cp310-manylinux_2_5_x86_64.manylinux1_x86_64.manylinux_2_12_x86_64.manylinux2010_x86_64.whl (30 kB),,0
	2025-11-06T22:36:39.2065475Z,[22:36:24+0000] Collecting itsdangerous>=2.0,,0
	2025-11-06T22:36:39.3060738Z,[22:36:24+0000]   Using cached itsdangerous-2.2.0-py3-none-any.whl (16 kB),,0
	2025-11-06T22:36:39.3187346Z,[22:36:24+0000] Collecting click>=7.1.2,,0
	2025-11-06T22:36:39.3430595Z,[22:36:24+0000]   Using cached click-8.3.0-py3-none-any.whl (107 kB),,0
	2025-11-06T22:36:39.3591608Z,[22:36:24+0000] Collecting cachelib,,0
	2025-11-06T22:36:39.3757982Z,[22:36:24+0000]   Using cached cachelib-0.13.0-py3-none-any.whl (20 kB),,0
	2025-11-06T22:36:39.3934974Z,[22:36:25+0000] Collecting greenlet!=0.4.17,,0
	2025-11-06T22:36:39.4129838Z,[22:36:25+0000]   Using cached greenlet-3.2.4-cp310-cp310-manylinux_2_24_x86_64.manylinux_2_28_x86_64.whl (584 kB),,0
	2025-11-06T22:36:39.4317701Z,[22:36:25+0000] Collecting azure-core<2.0.0&comma;>=1.28.0,,0
	2025-11-06T22:36:39.4480464Z,[22:36:25+0000]   Using cached azure_core-1.36.0-py3-none-any.whl (213 kB),,0
	2025-11-06T22:36:39.4654914Z,[22:36:25+0000] Collecting isodate>=0.6.1,,0
	2025-11-06T22:36:39.4836224Z,[22:36:25+0000]   Using cached isodate-0.7.2-py3-none-any.whl (22 kB),,0
	2025-11-06T22:36:39.4966829Z,[22:36:25+0000] Collecting typing-extensions>=4.3.0,,0
	2025-11-06T22:36:39.5109431Z,[22:36:25+0000]   Using cached typing_extensions-4.15.0-py3-none-any.whl (44 kB),,0
	2025-11-06T22:36:39.5268225Z,[22:36:25+0000] Collecting Flask-SQLAlchemy,,0
	2025-11-06T22:36:39.5546249Z,[22:36:25+0000]   Downloading flask_sqlalchemy-3.1.0-py3-none-any.whl (24 kB),,0
	2025-11-06T22:36:39.6003268Z,[22:36:25+0000]   Downloading flask_sqlalchemy-3.0.5-py3-none-any.whl (24 kB),,0
	2025-11-06T22:36:39.6297732Z,[22:36:25+0000]   Downloading flask_sqlalchemy-3.0.4-py3-none-any.whl (24 kB),,0
	2025-11-06T22:36:39.6657643Z,[22:36:25+0000]   Downloading Flask_SQLAlchemy-3.0.3-py3-none-any.whl (24 kB),,0
	2025-11-06T22:36:39.6903949Z,[22:36:25+0000]   Downloading Flask_SQLAlchemy-3.0.2-py3-none-any.whl (24 kB),,0
	2025-11-06T22:36:39.7380120Z,[22:36:25+0000]   Downloading Flask_SQLAlchemy-3.0.1-py3-none-any.whl (24 kB),,0
	2025-11-06T22:36:39.7533851Z,[22:36:26+0000]   Downloading Flask_SQLAlchemy-3.0.0-py3-none-any.whl (23 kB),,0
	2025-11-06T22:36:39.7874095Z,[22:36:26+0000]   Downloading Flask_SQLAlchemy-2.5.1-py2.py3-none-any.whl (17 kB),,0
	2025-11-06T22:36:39.8136725Z,[22:36:26+0000] Collecting PyJWT[crypto]<3&comma;>=1.0.0,,0
	2025-11-06T22:36:39.8361567Z,[22:36:26+0000]   Using cached PyJWT-2.10.1-py3-none-any.whl (22 kB),,0
	2025-11-06T22:36:39.8747925Z,[22:36:26+0000] Collecting charset_normalizer<4&comma;>=2,,0
	2025-11-06T22:36:39.8957605Z,[22:36:26+0000]   Using cached charset_normalizer-3.4.4-cp310-cp310-manylinux2014_x86_64.manylinux_2_17_x86_64.manylinux_2_28_x86_64.whl (153 kB),,0
	2025-11-06T22:36:39.9177493Z,[22:36:26+0000] Collecting idna<4&comma;>=2.5,,0
	2025-11-06T22:36:39.9425010Z,[22:36:26+0000]   Using cached idna-3.11-py3-none-any.whl (71 kB),,0
	2025-11-06T22:36:39.9641179Z,[22:36:26+0000] Collecting urllib3<3&comma;>=1.21.1,,0
	2025-11-06T22:36:40.0045678Z,[22:36:26+0000]   Using cached urllib3-2.5.0-py3-none-any.whl (129 kB),,0
	2025-11-06T22:36:40.2092652Z,[22:36:27+0000] Collecting certifi>=2017.4.17,,0
	2025-11-06T22:36:40.2513285Z,[22:36:27+0000]   Using cached certifi-2025.10.5-py3-none-any.whl (163 kB),,0
	2025-11-06T22:36:40.2799979Z,[22:36:27+0000] Collecting cffi>=2.0.0,,0
	2025-11-06T22:36:40.3897133Z,[22:36:27+0000]   Using cached cffi-2.0.0-cp310-cp310-manylinux2014_x86_64.manylinux_2_17_x86_64.whl (216 kB),,0
	2025-11-06T22:36:40.4974771Z,[22:36:27+0000] Collecting packaging,,0
	2025-11-06T22:36:40.5470178Z,[22:36:27+0000]   Using cached packaging-25.0-py3-none-any.whl (66 kB),,0
	2025-11-06T22:36:40.5990178Z,[22:36:27+0000] Collecting pycparser,,0
	2025-11-06T22:36:40.6190897Z,[22:36:27+0000]   Using cached pycparser-2.23-py3-none-any.whl (118 kB),,0
	2025-11-06T22:36:41.0713567Z,[22:36:28+0000] Installing collected packages: Werkzeug&comma; urllib3&comma; typing-extensions&comma; python-dotenv&comma; pyodbc&comma; PyJWT&comma; pycparser&comma; Pillow&comma; packaging&comma; MarkupSafe&comma; itsdangerous&comma; isodate&comma; idna&comma; greenlet&comma; click&comma; charset_normalizer&comma; certifi&comma; cachelib&comma; WTForms&comma; SQLAlchemy&comma; requests&comma; Jinja2&comma; gunicorn&comma; cffi&comma; Flask&comma; cryptography&comma; azure-core&comma; Flask-WTF&comma; Flask-SQLAlchemy&comma; Flask-Session&comma; Flask-Login&comma; azure-storage-blob&comma; msal,,0
	2025-11-06T22:36:41.2343680Z,[22:36:36+0000] Successfully installed Flask-2.0.3 Flask-Login-0.5.0 Flask-SQLAlchemy-2.5.1 Flask-Session-0.4.0 Flask-WTF-0.14.3 Jinja2-3.0.3 MarkupSafe-2.0.1 Pillow-12.0.0 PyJWT-2.10.1 SQLAlchemy-1.4.46 WTForms-3.2.1 Werkzeug-2.0.3 azure-core-1.36.0 azure-storage-blob-12.19.0 cachelib-0.13.0 certifi-2025.10.5 cffi-2.0.0 charset_normalizer-3.4.4 click-8.3.0 cryptography-46.0.3 greenlet-3.2.4 gunicorn-23.0.0 idna-3.11 isodate-0.7.2 itsdangerous-2.2.0 msal-1.34.0 packaging-25.0 pycparser-2.23 pyodbc-5.3.0 python-dotenv-1.2.1 requests-2.32.5 typing-extensions-4.15.0 urllib3-2.5.0,,0
	2025-11-06T22:36:41.2486477Z,,,0
	2025-11-06T22:36:41.2615040Z,[notice] A new release of pip is available: 23.0.1 -> 25.3,,0
	2025-11-06T22:36:41.3475864Z,[notice] To update&comma; run: pip install --upgrade pip,,0
	2025-11-06T22:36:41.3668521Z,Not a vso image&comma; so not writing build commands,,0
	2025-11-06T22:36:41.5136994Z,Preparing output...,,0
	2025-11-06T22:36:41.5492479Z,,,0
	2025-11-06T22:36:41.5996689Z,Copying files to destination directory '/tmp/_preCompressedDestinationDir'...,,0
	2025-11-06T22:36:44.8373955Z,Done in 4 sec(s).,,0
	2025-11-06T22:36:45.0900937Z,Compressing content of directory '/tmp/_preCompressedDestinationDir'...,,0
	2025-11-06T22:36:49.4035730Z,Copied the compressed output to '/home/site/wwwroot',,0
	2025-11-06T22:36:49.4242870Z,,,0
	2025-11-06T22:36:49.4381990Z,Removing existing manifest file,,0
	2025-11-06T22:36:49.4545129Z,Creating a manifest file...,,0
	2025-11-06T22:36:49.4737224Z,Manifest file created.,,0
	2025-11-06T22:36:49.4955227Z,Copying .ostype to manifest output directory.,,0
	2025-11-06T22:36:49.5332144Z,,,0
	2025-11-06T22:36:49.5425489Z,Done in 37 sec(s).,,0
2025-11-06T22:36:49.7074168Z,Running post deployment command(s)...,a92a1707-d03a-4c94-9607-716085b36632,0
2025-11-06T22:36:49.8518443Z,,c9f166b7-9619-4aba-ab99-1131821dbf63,0
2025-11-06T22:36:49.9755225Z,Generating summary of Oryx build,1ca2ef4e-90f8-402a-97a4-5519afb93bdb,0
2025-11-06T22:36:50.1711019Z,Parsing the build logs,349955d5-6f18-438f-88a3-10c936718048,0
2025-11-06T22:36:50.3131962Z,Found 0 issue(s),0a492459-2906-4610-a45e-79b730f8cf2c,0
2025-11-06T22:36:50.4727973Z,,f19c748c-fe70-4fa1-b8c1-5a59ea786d66,0
2025-11-06T22:36:50.7132885Z,Build Summary :,7ecaedd5-50c6-4480-9022-4e34e91c2000,0
2025-11-06T22:36:50.8883999Z,===============,e25ca3f0-85d7-4d6a-bd53-7dd77ce5e274,0
2025-11-06T22:36:51.0857955Z,Errors (0),45f1646d-8e41-431a-89e3-b72c3c7446c9,0
2025-11-06T22:36:51.2387545Z,Warnings (0),19e05edd-b5f6-4ca2-a65f-fb337cc6877b,0
2025-11-06T22:36:51.3862524Z,,2614eadf-3c72-4d6d-9a08-1d29d3471db5,0
2025-11-06T22:36:52.2491066Z,Triggering container recycle for OneDeploy by adding/updating restartTrigger.txt to the site root path,4d1bdc93-9776-4822-b7e6-9e83ec20db51,0
2025-11-06T22:36:52.4680142Z,Deployment successful. deployer = OneDeploy deploymentPath = OneDeploy,1d326907-0795-4bc5-8248-84994b9f9445,0
