2025-11-06T22:09:22.9455740Z,Updating submodules.,e53bb63a-e2d4-492b-85fc-dd052657a83d,0
2025-11-06T22:09:24.1099080Z,Preparing deployment for commit id '6d9d9433-8'.,cbb78f20-c79d-4b6f-8ee3-33155d89d270,0
2025-11-06T22:09:24.5767074Z,PreDeployment: context.CleanOutputPath False,823cbc39-a737-4f38-b2f0-ddfbeded4862,0
2025-11-06T22:09:24.7604684Z,PreDeployment: context.OutputPath /home/site/wwwroot,070880d3-a24e-4504-b6f9-4abe6c06701a,0
2025-11-06T22:09:24.9857246Z,Repository path is /tmp/zipdeploy/extracted,adbe7986-0141-4f22-9296-86d3249c25ff,0
2025-11-06T22:09:25.1813067Z,Running oryx build...,e6b1f7a0-e7b3-46d1-a859-8edf7714b087,0
	2025-11-06T22:09:25.1945680Z,Command: oryx build /tmp/zipdeploy/extracted -o /home/site/wwwroot --platform python --platform-version 3.10 -p virtualenv_name=antenv --log-file /tmp/build-debug.log  -i /tmp/8de1d81251a6aef --compress-destination-dir | tee /tmp/oryx-build.log,,0
	2025-11-06T22:09:26.6067916Z,Operation performed by Microsoft Oryx&comma; https://github.com/Microsoft/Oryx,,0
	2025-11-06T22:09:26.6328104Z,You can report issues at https://github.com/Microsoft/Oryx/issues,,0
	2025-11-06T22:09:26.6552669Z,,,0
	2025-11-06T22:09:26.6788583Z,Oryx Version: 0.2.20251022.1+bef98bc7139feefaa74be16de9d835e2c85385d4&comma; Commit: bef98bc7139feefaa74be16de9d835e2c85385d4&comma; ReleaseTagName: 20251022.1,,0
	2025-11-06T22:09:26.6937896Z,,,0
	2025-11-06T22:09:26.7210331Z,Build Operation ID: 4152f2151beb8b2a,,0
	2025-11-06T22:09:26.7384513Z,Repository Commit : 6d9d9433-8d05-42a6-9558-ad87d6d13b35,,0
	2025-11-06T22:09:26.7970549Z,OS Type           : bullseye,,0
	2025-11-06T22:09:26.8236881Z,Image Type        : githubactions,,0
	2025-11-06T22:09:26.8410218Z,,,0
	2025-11-06T22:09:26.8687273Z,Primary SDK Storage URL: https://oryx-cdn.microsoft.io,,0
	2025-11-06T22:09:26.8860440Z,Backup SDK Storage URL: ,,0
	2025-11-06T22:09:26.9086157Z,Detecting platforms...,,0
	2025-11-06T22:09:27.8395374Z,Detected following platforms:,,0
	2025-11-06T22:09:27.8800043Z,  python: 3.10.19,,0
	2025-11-06T22:09:28.0832676Z,,,0
	2025-11-06T22:09:28.1238355Z,Using intermediate directory '/tmp/8de1d81251a6aef'.,,0
	2025-11-06T22:09:28.1522391Z,,,0
	2025-11-06T22:09:28.1857192Z,Copying files to the intermediate directory...,,0
	2025-11-06T22:09:28.2488242Z,Done in 0 sec(s).,,0
	2025-11-06T22:09:28.2865809Z,,,0
	2025-11-06T22:09:28.3124364Z,Source directory     : /tmp/8de1d81251a6aef,,0
	2025-11-06T22:09:28.3444914Z,Destination directory: /home/site/wwwroot,,0
	2025-11-06T22:09:28.3708468Z,,,0
	2025-11-06T22:09:28.6366750Z,Python Version: /tmp/oryx/platforms/python/3.10.19/bin/python3.10,,0
	2025-11-06T22:09:28.6857214Z,Creating directory for command manifest file if it does not exist,,0
	2025-11-06T22:09:28.6994480Z,Removing existing manifest file,,0
	2025-11-06T22:09:28.7154683Z,Python Virtual Environment: antenv,,0
	2025-11-06T22:09:28.7430331Z,Creating virtual environment...,,0
	2025-11-06T22:09:28.7664970Z,Executing: /tmp/oryx/platforms/python/3.10.19/bin/python3.10 -m venv antenv --copies --system-site-packages,,0
	2025-11-06T22:09:33.0012820Z,Activating virtual environment...,,0
	2025-11-06T22:09:33.1840428Z,Running pip install...,,0
	2025-11-06T22:09:46.3847380Z,[22:09:33+0000] Collecting Flask==2.0.3,,0
	2025-11-06T22:09:46.4058645Z,[22:09:33+0000]   Using cached Flask-2.0.3-py3-none-any.whl (95 kB),,0
	2025-11-06T22:09:46.4221830Z,[22:09:33+0000] Collecting Flask-Login==0.5.0,,0
	2025-11-06T22:09:46.4344147Z,[22:09:33+0000]   Using cached Flask_Login-0.5.0-py2.py3-none-any.whl (16 kB),,0
	2025-11-06T22:09:46.4577413Z,[22:09:33+0000] Collecting Flask-Session==0.4.0,,0
	2025-11-06T22:09:46.5390356Z,[22:09:33+0000]   Using cached Flask_Session-0.4.0-py2.py3-none-any.whl (7.5 kB),,0
	2025-11-06T22:09:46.5546820Z,[22:09:33+0000] Collecting Flask-SQLAlchemy==2.4.4,,0
	2025-11-06T22:09:46.5707936Z,[22:09:33+0000]   Using cached Flask_SQLAlchemy-2.4.4-py2.py3-none-any.whl (17 kB),,0
	2025-11-06T22:09:46.5945165Z,[22:09:33+0000] Collecting Flask-WTF==0.14.3,,0
	2025-11-06T22:09:46.6135849Z,[22:09:33+0000]   Using cached Flask_WTF-0.14.3-py2.py3-none-any.whl (13 kB),,0
	2025-11-06T22:09:46.6448866Z,[22:09:33+0000] Collecting msal>=1.13.0,,0
	2025-11-06T22:09:46.6616343Z,[22:09:33+0000]   Using cached msal-1.34.0-py3-none-any.whl (116 kB),,0
	2025-11-06T22:09:46.6754786Z,[22:09:33+0000] Collecting pyodbc>=4.0.30,,0
	2025-11-06T22:09:46.6883241Z,[22:09:33+0000]   Using cached pyodbc-5.3.0-cp310-cp310-manylinux2014_x86_64.manylinux_2_17_x86_64.manylinux_2_28_x86_64.whl (322 kB),,0
	2025-11-06T22:09:46.7037272Z,[22:09:33+0000] Collecting python-dotenv,,0
	2025-11-06T22:09:46.7186662Z,[22:09:34+0000]   Using cached python_dotenv-1.2.1-py3-none-any.whl (21 kB),,0
	2025-11-06T22:09:46.7337227Z,[22:09:34+0000] Collecting requests>=2.22.0,,0
	2025-11-06T22:09:46.7540686Z,[22:09:34+0000]   Using cached requests-2.32.5-py3-none-any.whl (64 kB),,0
	2025-11-06T22:09:46.7716502Z,[22:09:34+0000] Collecting Werkzeug==2.0.3,,0
	2025-11-06T22:09:46.7903752Z,[22:09:34+0000]   Using cached Werkzeug-2.0.3-py3-none-any.whl (289 kB),,0
	2025-11-06T22:09:46.8033182Z,[22:09:34+0000] Collecting WTForms>=2.2.1,,0
	2025-11-06T22:09:46.8224746Z,[22:09:34+0000]   Using cached wtforms-3.2.1-py3-none-any.whl (152 kB),,0
	2025-11-06T22:09:46.8347225Z,[22:09:35+0000] Collecting SQLAlchemy==1.4.46,,0
	2025-11-06T22:09:46.8540302Z,[22:09:35+0000]   Using cached SQLAlchemy-1.4.46-cp310-cp310-manylinux_2_5_x86_64.manylinux1_x86_64.manylinux_2_17_x86_64.manylinux2014_x86_64.whl (1.6 MB),,0
	2025-11-06T22:09:46.8668146Z,[22:09:35+0000] Collecting azure-storage-blob>=12.0.0,,0
	2025-11-06T22:09:46.8803086Z,[22:09:35+0000]   Using cached azure_storage_blob-12.27.1-py3-none-any.whl (428 kB),,0
	2025-11-06T22:09:46.9030108Z,[22:09:35+0000] Collecting Pillow>=8.0.0,,0
	2025-11-06T22:09:46.9242811Z,[22:09:35+0000]   Using cached pillow-12.0.0-cp310-cp310-manylinux_2_27_x86_64.manylinux_2_28_x86_64.whl (7.0 MB),,0
	2025-11-06T22:09:46.9358550Z,[22:09:36+0000] Collecting cryptography>=3.0.0,,0
	2025-11-06T22:09:46.9521898Z,[22:09:36+0000]   Using cached cryptography-46.0.3-cp38-abi3-manylinux_2_28_x86_64.whl (4.5 MB),,0
	2025-11-06T22:09:46.9664124Z,[22:09:36+0000] Collecting gunicorn,,0
	2025-11-06T22:09:46.9825917Z,[22:09:36+0000]   Using cached gunicorn-23.0.0-py3-none-any.whl (85 kB),,0
	2025-11-06T22:09:47.0001036Z,[22:09:36+0000] Collecting Jinja2==3.0.3,,0
	2025-11-06T22:09:47.0138289Z,[22:09:36+0000]   Using cached Jinja2-3.0.3-py3-none-any.whl (133 kB),,0
	2025-11-06T22:09:47.0278310Z,[22:09:36+0000] Collecting MarkupSafe==2.0.1,,0
	2025-11-06T22:09:47.0447066Z,[22:09:36+0000]   Using cached MarkupSafe-2.0.1-cp310-cp310-manylinux_2_5_x86_64.manylinux1_x86_64.manylinux_2_12_x86_64.manylinux2010_x86_64.whl (30 kB),,0
	2025-11-06T22:09:47.0683291Z,[22:09:36+0000] Collecting click>=7.1.2,,0
	2025-11-06T22:09:47.0844910Z,[22:09:36+0000]   Using cached click-8.3.0-py3-none-any.whl (107 kB),,0
	2025-11-06T22:09:47.1004073Z,[22:09:36+0000] Collecting itsdangerous>=2.0,,0
	2025-11-06T22:09:47.1138404Z,[22:09:36+0000]   Using cached itsdangerous-2.2.0-py3-none-any.whl (16 kB),,0
	2025-11-06T22:09:47.1282271Z,[22:09:36+0000] Collecting cachelib,,0
	2025-11-06T22:09:47.1469397Z,[22:09:36+0000]   Using cached cachelib-0.13.0-py3-none-any.whl (20 kB),,0
	2025-11-06T22:09:47.1586986Z,[22:09:37+0000] Collecting greenlet!=0.4.17,,0
	2025-11-06T22:09:47.1764355Z,[22:09:37+0000]   Using cached greenlet-3.2.4-cp310-cp310-manylinux_2_24_x86_64.manylinux_2_28_x86_64.whl (584 kB),,0
	2025-11-06T22:09:47.1894342Z,[22:09:37+0000] Collecting PyJWT[crypto]<3&comma;>=1.0.0,,0
	2025-11-06T22:09:47.2026696Z,[22:09:37+0000]   Using cached PyJWT-2.10.1-py3-none-any.whl (22 kB),,0
	2025-11-06T22:09:47.2488365Z,[22:09:37+0000] Collecting certifi>=2017.4.17,,0
	2025-11-06T22:09:47.2683043Z,[22:09:37+0000]   Using cached certifi-2025.10.5-py3-none-any.whl (163 kB),,0
	2025-11-06T22:09:47.2881195Z,[22:09:38+0000] Collecting urllib3<3&comma;>=1.21.1,,0
	2025-11-06T22:09:47.3081821Z,[22:09:38+0000]   Using cached urllib3-2.5.0-py3-none-any.whl (129 kB),,0
	2025-11-06T22:09:47.3247445Z,[22:09:38+0000] Collecting charset_normalizer<4&comma;>=2,,0
	2025-11-06T22:09:47.3464708Z,[22:09:38+0000]   Using cached charset_normalizer-3.4.4-cp310-cp310-manylinux2014_x86_64.manylinux_2_17_x86_64.manylinux_2_28_x86_64.whl (153 kB),,0
	2025-11-06T22:09:47.3729179Z,[22:09:38+0000] Collecting idna<4&comma;>=2.5,,0
	2025-11-06T22:09:47.3925812Z,[22:09:38+0000]   Using cached idna-3.11-py3-none-any.whl (71 kB),,0
	2025-11-06T22:09:47.4111173Z,[22:09:38+0000] Collecting isodate>=0.6.1,,0
	2025-11-06T22:09:47.4291294Z,[22:09:38+0000]   Using cached isodate-0.7.2-py3-none-any.whl (22 kB),,0
	2025-11-06T22:09:47.4481325Z,[22:09:38+0000] Collecting azure-core>=1.30.0,,0
	2025-11-06T22:09:47.4620042Z,[22:09:38+0000]   Using cached azure_core-1.36.0-py3-none-any.whl (213 kB),,0
	2025-11-06T22:09:47.4858186Z,[22:09:38+0000] Collecting typing-extensions>=4.6.0,,0
	2025-11-06T22:09:47.5032314Z,[22:09:38+0000]   Using cached typing_extensions-4.15.0-py3-none-any.whl (44 kB),,0
	2025-11-06T22:09:47.5229719Z,[22:09:38+0000] Collecting cffi>=2.0.0,,0
	2025-11-06T22:09:47.5414614Z,[22:09:39+0000]   Using cached cffi-2.0.0-cp310-cp310-manylinux2014_x86_64.manylinux_2_17_x86_64.whl (216 kB),,0
	2025-11-06T22:09:47.5661807Z,[22:09:39+0000] Collecting packaging,,0
	2025-11-06T22:09:47.5840831Z,[22:09:39+0000]   Using cached packaging-25.0-py3-none-any.whl (66 kB),,0
	2025-11-06T22:09:47.6270992Z,[22:09:39+0000] Collecting pycparser,,0
	2025-11-06T22:09:47.6395514Z,[22:09:39+0000]   Using cached pycparser-2.23-py3-none-any.whl (118 kB),,0
	2025-11-06T22:09:47.6534631Z,[22:09:40+0000] Installing collected packages: Werkzeug&comma; urllib3&comma; typing-extensions&comma; python-dotenv&comma; pyodbc&comma; PyJWT&comma; pycparser&comma; Pillow&comma; packaging&comma; MarkupSafe&comma; itsdangerous&comma; isodate&comma; idna&comma; greenlet&comma; click&comma; charset_normalizer&comma; certifi&comma; cachelib&comma; WTForms&comma; SQLAlchemy&comma; requests&comma; Jinja2&comma; gunicorn&comma; cffi&comma; Flask&comma; cryptography&comma; azure-core&comma; Flask-WTF&comma; Flask-SQLAlchemy&comma; Flask-Session&comma; Flask-Login&comma; azure-storage-blob&comma; msal,,0
	2025-11-06T22:09:47.6674351Z,[22:09:45+0000] Successfully installed Flask-2.0.3 Flask-Login-0.5.0 Flask-SQLAlchemy-2.4.4 Flask-Session-0.4.0 Flask-WTF-0.14.3 Jinja2-3.0.3 MarkupSafe-2.0.1 Pillow-12.0.0 PyJWT-2.10.1 SQLAlchemy-1.4.46 WTForms-3.2.1 Werkzeug-2.0.3 azure-core-1.36.0 azure-storage-blob-12.27.1 cachelib-0.13.0 certifi-2025.10.5 cffi-2.0.0 charset_normalizer-3.4.4 click-8.3.0 cryptography-46.0.3 greenlet-3.2.4 gunicorn-23.0.0 idna-3.11 isodate-0.7.2 itsdangerous-2.2.0 msal-1.34.0 packaging-25.0 pycparser-2.23 pyodbc-5.3.0 python-dotenv-1.2.1 requests-2.32.5 typing-extensions-4.15.0 urllib3-2.5.0,,0
	2025-11-06T22:09:47.6781555Z,,,0
	2025-11-06T22:09:47.6900489Z,[notice] A new release of pip is available: 23.0.1 -> 25.3,,0
	2025-11-06T22:09:47.7116558Z,[notice] To update&comma; run: pip install --upgrade pip,,0
	2025-11-06T22:09:47.7306013Z,Not a vso image&comma; so not writing build commands,,0
	2025-11-06T22:09:47.7510879Z,Preparing output...,,0
	2025-11-06T22:09:47.7704663Z,,,0
	2025-11-06T22:09:47.7853866Z,Copying files to destination directory '/tmp/_preCompressedDestinationDir'...,,0
	2025-11-06T22:09:52.7575177Z,Done in 5 sec(s).,,0
	2025-11-06T22:09:52.7812421Z,Compressing content of directory '/tmp/_preCompressedDestinationDir'...,,0
	2025-11-06T22:09:57.2923744Z,Copied the compressed output to '/home/site/wwwroot',,0
	2025-11-06T22:09:57.3348741Z,,,0
	2025-11-06T22:09:57.3592441Z,Removing existing manifest file,,0
	2025-11-06T22:09:57.4064351Z,Creating a manifest file...,,0
	2025-11-06T22:09:57.4309765Z,Manifest file created.,,0
	2025-11-06T22:09:57.4693464Z,Copying .ostype to manifest output directory.,,0
	2025-11-06T22:09:57.4918570Z,,,0
	2025-11-06T22:09:57.5379334Z,Done in 29 sec(s).,,0
2025-11-06T22:09:57.9739903Z,Running post deployment command(s)...,c121bdbf-b212-4980-b861-17f9a8c44fe1,0
2025-11-06T22:09:58.1240676Z,,906630ff-a3ed-485a-91d1-a9ddd0ad838a,0
2025-11-06T22:09:58.2580818Z,Generating summary of Oryx build,7a597e4f-f508-4533-b75c-bef780175595,0
2025-11-06T22:09:58.4227616Z,Parsing the build logs,111a7f8a-1301-4fd0-83e2-3eedbfe346b7,0
2025-11-06T22:09:58.6134714Z,Found 0 issue(s),53c85352-1545-410f-a11f-7f3bc5287b66,0
2025-11-06T22:09:58.7650566Z,,7eedc9dd-02e7-4dfd-ba9b-c1e5c5472a35,0
2025-11-06T22:09:58.9020990Z,Build Summary :,b616f071-4bfd-41f7-bb44-f8562ca9112d,0
2025-11-06T22:09:59.0495787Z,===============,e6ce8cee-bcb9-4dc9-b8b5-325053e6bd24,0
2025-11-06T22:09:59.1852915Z,Errors (0),5c77018d-8015-424f-b260-1d22c5921306,0
2025-11-06T22:09:59.3308304Z,Warnings (0),b13ab7e1-f298-4de6-a1e6-4b91d622f383,0
2025-11-06T22:09:59.4924981Z,,3004ca8e-87fe-4e2d-baf1-30050d93cbd1,0
2025-11-06T22:10:00.2124271Z,Triggering container recycle for OneDeploy by adding/updating restartTrigger.txt to the site root path,f95488f2-e6e4-4abc-92bc-c760a874caf6,0
2025-11-06T22:10:00.4294599Z,Deployment successful. deployer = OneDeploy deploymentPath = OneDeploy,b9fee96c-ddd0-4ad4-b30c-c2ba99b20dc2,0
