2025-11-06T21:41:57.4386596Z,Updating submodules.,5ebf7a0d-10af-4b31-962d-336b160427f8,0
2025-11-06T21:41:58.6117601Z,Preparing deployment for commit id '746dac5b-8'.,898e9459-519e-4e6b-ae31-68be1c7726b2,0
2025-11-06T21:41:59.0350601Z,PreDeployment: context.CleanOutputPath False,91dd6a5d-2122-48ae-9054-aa44c6c18b50,0
2025-11-06T21:41:59.2132438Z,PreDeployment: context.OutputPath /home/site/wwwroot,513ff798-ee4b-47a6-8cb3-5536938001a6,0
2025-11-06T21:41:59.6331340Z,Repository path is /tmp/zipdeploy/extracted,e329738d-b299-4a3d-8968-ab97b916c0bf,0
2025-11-06T21:42:00.3257122Z,Running oryx build...,144bd550-b2a4-40cf-a3e0-dd14b67838df,0
	2025-11-06T21:42:00.3379187Z,Command: oryx build /tmp/zipdeploy/extracted -o /home/site/wwwroot --platform python --platform-version 3.10 -p virtualenv_name=antenv --log-file /tmp/build-debug.log  -i /tmp/8de1d7d50474c0e --compress-destination-dir | tee /tmp/oryx-build.log,,0
	2025-11-06T21:42:03.0470866Z,Operation performed by Microsoft Oryx&comma; https://github.com/Microsoft/Oryx,,0
	2025-11-06T21:42:03.0811397Z,You can report issues at https://github.com/Microsoft/Oryx/issues,,0
	2025-11-06T21:42:03.0958648Z,,,0
	2025-11-06T21:42:03.1080931Z,Oryx Version: 0.2.20251022.1+bef98bc7139feefaa74be16de9d835e2c85385d4&comma; Commit: bef98bc7139feefaa74be16de9d835e2c85385d4&comma; ReleaseTagName: 20251022.1,,0
	2025-11-06T21:42:03.1220549Z,,,0
	2025-11-06T21:42:03.1392119Z,Build Operation ID: c8db3e1bab6f98ea,,0
	2025-11-06T21:42:03.1507645Z,Repository Commit : 746dac5b-806e-4caf-9718-a5755cc89c44,,0
	2025-11-06T21:42:03.1689984Z,OS Type           : bullseye,,0
	2025-11-06T21:42:03.1850073Z,Image Type        : githubactions,,0
	2025-11-06T21:42:03.2043661Z,,,0
	2025-11-06T21:42:03.2164748Z,Primary SDK Storage URL: https://oryx-cdn.microsoft.io,,0
	2025-11-06T21:42:03.2278778Z,Backup SDK Storage URL: ,,0
	2025-11-06T21:42:03.2414635Z,Detecting platforms...,,0
	2025-11-06T21:42:04.0982137Z,Detected following platforms:,,0
	2025-11-06T21:42:04.1401748Z,  python: 3.10.19,,0
	2025-11-06T21:42:04.3484710Z,,,0
	2025-11-06T21:42:04.3893890Z,Using intermediate directory '/tmp/8de1d7d50474c0e'.,,0
	2025-11-06T21:42:04.4156453Z,,,0
	2025-11-06T21:42:04.4328160Z,Copying files to the intermediate directory...,,0
	2025-11-06T21:42:04.4772961Z,Done in 0 sec(s).,,0
	2025-11-06T21:42:05.3502083Z,,,0
	2025-11-06T21:42:05.3805939Z,Source directory     : /tmp/8de1d7d50474c0e,,0
	2025-11-06T21:42:05.4018897Z,Destination directory: /home/site/wwwroot,,0
	2025-11-06T21:42:05.4288629Z,,,0
	2025-11-06T21:42:05.4641558Z,Python Version: /tmp/oryx/platforms/python/3.10.19/bin/python3.10,,0
	2025-11-06T21:42:05.4944724Z,Creating directory for command manifest file if it does not exist,,0
	2025-11-06T21:42:05.5272547Z,Removing existing manifest file,,0
	2025-11-06T21:42:05.5520222Z,Python Virtual Environment: antenv,,0
	2025-11-06T21:42:05.5802010Z,Creating virtual environment...,,0
	2025-11-06T21:42:05.6275075Z,Executing: /tmp/oryx/platforms/python/3.10.19/bin/python3.10 -m venv antenv --copies --system-site-packages,,0
	2025-11-06T21:42:49.7140876Z,Activating virtual environment...,,0
	2025-11-06T21:42:49.7422984Z,Running pip install...,,0
	2025-11-06T21:43:03.0821695Z,[21:42:50+0000] Collecting Flask==2.0.3,,0
	2025-11-06T21:43:03.1110570Z,[21:42:50+0000]   Using cached Flask-2.0.3-py3-none-any.whl (95 kB),,0
	2025-11-06T21:43:03.1273785Z,[21:42:50+0000] Collecting Flask-Login==0.5.0,,0
	2025-11-06T21:43:03.1462984Z,[21:42:50+0000]   Using cached Flask_Login-0.5.0-py2.py3-none-any.whl (16 kB),,0
	2025-11-06T21:43:03.1661074Z,[21:42:50+0000] Collecting Flask-Session==0.4.0,,0
	2025-11-06T21:43:03.1800696Z,[21:42:50+0000]   Using cached Flask_Session-0.4.0-py2.py3-none-any.whl (7.5 kB),,0
	2025-11-06T21:43:03.1996215Z,[21:42:50+0000] Collecting Flask-SQLAlchemy==2.4.4,,0
	2025-11-06T21:43:03.2196039Z,[21:42:50+0000]   Using cached Flask_SQLAlchemy-2.4.4-py2.py3-none-any.whl (17 kB),,0
	2025-11-06T21:43:03.2346334Z,[21:42:50+0000] Collecting Flask-WTF==0.14.3,,0
	2025-11-06T21:43:03.2475204Z,[21:42:50+0000]   Using cached Flask_WTF-0.14.3-py2.py3-none-any.whl (13 kB),,0
	2025-11-06T21:43:03.2641326Z,[21:42:50+0000] Collecting msal>=1.13.0,,0
	2025-11-06T21:43:03.2800328Z,[21:42:50+0000]   Using cached msal-1.34.0-py3-none-any.whl (116 kB),,0
	2025-11-06T21:43:03.2975081Z,[21:42:51+0000] Collecting pyodbc>=4.0.30,,0
	2025-11-06T21:43:03.3320785Z,[21:42:51+0000]   Using cached pyodbc-5.3.0-cp310-cp310-manylinux2014_x86_64.manylinux_2_17_x86_64.manylinux_2_28_x86_64.whl (322 kB),,0
	2025-11-06T21:43:03.3468740Z,[21:42:51+0000] Collecting python-dotenv,,0
	2025-11-06T21:43:03.3677572Z,[21:42:51+0000]   Using cached python_dotenv-1.2.1-py3-none-any.whl (21 kB),,0
	2025-11-06T21:43:03.3851434Z,[21:42:51+0000] Collecting requests>=2.22.0,,0
	2025-11-06T21:43:03.4040405Z,[21:42:51+0000]   Using cached requests-2.32.5-py3-none-any.whl (64 kB),,0
	2025-11-06T21:43:03.4213932Z,[21:42:51+0000] Collecting Werkzeug==2.0.3,,0
	2025-11-06T21:43:03.4392274Z,[21:42:51+0000]   Using cached Werkzeug-2.0.3-py3-none-any.whl (289 kB),,0
	2025-11-06T21:43:03.4507391Z,[21:42:51+0000] Collecting WTForms>=2.2.1,,0
	2025-11-06T21:43:03.4691516Z,[21:42:51+0000]   Using cached wtforms-3.2.1-py3-none-any.whl (152 kB),,0
	2025-11-06T21:43:03.4859978Z,[21:42:52+0000] Collecting SQLAlchemy==1.4.46,,0
	2025-11-06T21:43:03.5046845Z,[21:42:52+0000]   Using cached SQLAlchemy-1.4.46-cp310-cp310-manylinux_2_5_x86_64.manylinux1_x86_64.manylinux_2_17_x86_64.manylinux2014_x86_64.whl (1.6 MB),,0
	2025-11-06T21:43:03.5260678Z,[21:42:52+0000] Collecting azure-storage-blob>=12.0.0,,0
	2025-11-06T21:43:03.5425634Z,[21:42:52+0000]   Using cached azure_storage_blob-12.27.1-py3-none-any.whl (428 kB),,0
	2025-11-06T21:43:03.5627371Z,[21:42:53+0000] Collecting Pillow>=8.0.0,,0
	2025-11-06T21:43:03.5864190Z,[21:42:54+0000]   Using cached pillow-12.0.0-cp310-cp310-manylinux_2_27_x86_64.manylinux_2_28_x86_64.whl (7.0 MB),,0
	2025-11-06T21:43:03.6143301Z,[21:42:55+0000] Collecting cryptography>=3.0.0,,0
	2025-11-06T21:43:03.6368951Z,[21:42:55+0000]   Using cached cryptography-46.0.3-cp38-abi3-manylinux_2_28_x86_64.whl (4.5 MB),,0
	2025-11-06T21:43:03.6580775Z,[21:42:55+0000] Collecting gunicorn,,0
	2025-11-06T21:43:03.6781855Z,[21:42:55+0000]   Using cached gunicorn-23.0.0-py3-none-any.whl (85 kB),,0
	2025-11-06T21:43:03.6970580Z,[21:42:55+0000] Collecting Jinja2==3.0.3,,0
	2025-11-06T21:43:03.7224021Z,[21:42:55+0000]   Using cached Jinja2-3.0.3-py3-none-any.whl (133 kB),,0
	2025-11-06T21:43:03.7525603Z,[21:42:55+0000] Collecting MarkupSafe==2.0.1,,0
	2025-11-06T21:43:03.7812495Z,[21:42:55+0000]   Using cached MarkupSafe-2.0.1-cp310-cp310-manylinux_2_5_x86_64.manylinux1_x86_64.manylinux_2_12_x86_64.manylinux2010_x86_64.whl (30 kB),,0
	2025-11-06T21:43:03.8045537Z,[21:42:55+0000] Collecting click>=7.1.2,,0
	2025-11-06T21:43:03.8314121Z,[21:42:55+0000]   Using cached click-8.3.0-py3-none-any.whl (107 kB),,0
	2025-11-06T21:43:03.8651187Z,[21:42:55+0000] Collecting itsdangerous>=2.0,,0
	2025-11-06T21:43:03.8837197Z,[21:42:55+0000]   Using cached itsdangerous-2.2.0-py3-none-any.whl (16 kB),,0
	2025-11-06T21:43:03.9023871Z,[21:42:55+0000] Collecting cachelib,,0
	2025-11-06T21:43:03.9145397Z,[21:42:55+0000]   Using cached cachelib-0.13.0-py3-none-any.whl (20 kB),,0
	2025-11-06T21:43:03.9268724Z,[21:42:56+0000] Collecting greenlet!=0.4.17,,0
	2025-11-06T21:43:03.9419479Z,[21:42:56+0000]   Using cached greenlet-3.2.4-cp310-cp310-manylinux_2_24_x86_64.manylinux_2_28_x86_64.whl (584 kB),,0
	2025-11-06T21:43:03.9583659Z,[21:42:56+0000] Collecting PyJWT[crypto]<3&comma;>=1.0.0,,0
	2025-11-06T21:43:03.9744888Z,[21:42:56+0000]   Using cached PyJWT-2.10.1-py3-none-any.whl (22 kB),,0
	2025-11-06T21:43:03.9981463Z,[21:42:56+0000] Collecting urllib3<3&comma;>=1.21.1,,0
	2025-11-06T21:43:04.0128524Z,[21:42:56+0000]   Using cached urllib3-2.5.0-py3-none-any.whl (129 kB),,0
	2025-11-06T21:43:04.0268818Z,[21:42:56+0000] Collecting idna<4&comma;>=2.5,,0
	2025-11-06T21:43:04.0377646Z,[21:42:56+0000]   Using cached idna-3.11-py3-none-any.whl (71 kB),,0
	2025-11-06T21:43:04.0481257Z,[21:42:56+0000] Collecting certifi>=2017.4.17,,0
	2025-11-06T21:43:04.0647672Z,[21:42:56+0000]   Using cached certifi-2025.10.5-py3-none-any.whl (163 kB),,0
	2025-11-06T21:43:04.0897398Z,[21:42:56+0000] Collecting charset_normalizer<4&comma;>=2,,0
	2025-11-06T21:43:04.1066606Z,[21:42:56+0000]   Using cached charset_normalizer-3.4.4-cp310-cp310-manylinux2014_x86_64.manylinux_2_17_x86_64.manylinux_2_28_x86_64.whl (153 kB),,0
	2025-11-06T21:43:04.1260434Z,[21:42:56+0000] Collecting typing-extensions>=4.6.0,,0
	2025-11-06T21:43:04.1367297Z,[21:42:56+0000]   Using cached typing_extensions-4.15.0-py3-none-any.whl (44 kB),,0
	2025-11-06T21:43:04.1494533Z,[21:42:56+0000] Collecting isodate>=0.6.1,,0
	2025-11-06T21:43:04.1637670Z,[21:42:56+0000]   Using cached isodate-0.7.2-py3-none-any.whl (22 kB),,0
	2025-11-06T21:43:04.1873464Z,[21:42:57+0000] Collecting azure-core>=1.30.0,,0
	2025-11-06T21:43:04.2168862Z,[21:42:57+0000]   Using cached azure_core-1.36.0-py3-none-any.whl (213 kB),,0
	2025-11-06T21:43:04.2310983Z,[21:42:57+0000] Collecting cffi>=2.0.0,,0
	2025-11-06T21:43:04.2460641Z,[21:42:57+0000]   Using cached cffi-2.0.0-cp310-cp310-manylinux2014_x86_64.manylinux_2_17_x86_64.whl (216 kB),,0
	2025-11-06T21:43:04.2618746Z,[21:42:57+0000] Collecting packaging,,0
	2025-11-06T21:43:04.3046552Z,[21:42:57+0000]   Using cached packaging-25.0-py3-none-any.whl (66 kB),,0
	2025-11-06T21:43:04.3240058Z,[21:42:57+0000] Collecting pycparser,,0
	2025-11-06T21:43:04.3461442Z,[21:42:57+0000]   Using cached pycparser-2.23-py3-none-any.whl (118 kB),,0
	2025-11-06T21:43:04.3676077Z,[21:42:58+0000] Installing collected packages: Werkzeug&comma; urllib3&comma; typing-extensions&comma; python-dotenv&comma; pyodbc&comma; PyJWT&comma; pycparser&comma; Pillow&comma; packaging&comma; MarkupSafe&comma; itsdangerous&comma; isodate&comma; idna&comma; greenlet&comma; click&comma; charset_normalizer&comma; certifi&comma; cachelib&comma; WTForms&comma; SQLAlchemy&comma; requests&comma; Jinja2&comma; gunicorn&comma; cffi&comma; Flask&comma; cryptography&comma; azure-core&comma; Flask-WTF&comma; Flask-SQLAlchemy&comma; Flask-Session&comma; Flask-Login&comma; azure-storage-blob&comma; msal,,0
	2025-11-06T21:43:04.3882510Z,[21:43:02+0000] Successfully installed Flask-2.0.3 Flask-Login-0.5.0 Flask-SQLAlchemy-2.4.4 Flask-Session-0.4.0 Flask-WTF-0.14.3 Jinja2-3.0.3 MarkupSafe-2.0.1 Pillow-12.0.0 PyJWT-2.10.1 SQLAlchemy-1.4.46 WTForms-3.2.1 Werkzeug-2.0.3 azure-core-1.36.0 azure-storage-blob-12.27.1 cachelib-0.13.0 certifi-2025.10.5 cffi-2.0.0 charset_normalizer-3.4.4 click-8.3.0 cryptography-46.0.3 greenlet-3.2.4 gunicorn-23.0.0 idna-3.11 isodate-0.7.2 itsdangerous-2.2.0 msal-1.34.0 packaging-25.0 pycparser-2.23 pyodbc-5.3.0 python-dotenv-1.2.1 requests-2.32.5 typing-extensions-4.15.0 urllib3-2.5.0,,0
	2025-11-06T21:43:04.4046120Z,,,0
	2025-11-06T21:43:04.4311452Z,[notice] A new release of pip is available: 23.0.1 -> 25.3,,0
	2025-11-06T21:43:04.4538056Z,[notice] To update&comma; run: pip install --upgrade pip,,0
	2025-11-06T21:43:04.4711375Z,Not a vso image&comma; so not writing build commands,,0
	2025-11-06T21:43:04.4948357Z,Preparing output...,,0
	2025-11-06T21:43:04.5098391Z,,,0
	2025-11-06T21:43:04.5235458Z,Copying files to destination directory '/tmp/_preCompressedDestinationDir'...,,0
	2025-11-06T21:43:06.2337439Z,Done in 2 sec(s).,,0
	2025-11-06T21:43:06.3203589Z,Compressing content of directory '/tmp/_preCompressedDestinationDir'...,,0
	2025-11-06T21:43:11.2420830Z,Copied the compressed output to '/home/site/wwwroot',,0
	2025-11-06T21:43:11.5682131Z,,,0
	2025-11-06T21:43:11.5905279Z,Removing existing manifest file,,0
	2025-11-06T21:43:11.6113634Z,Creating a manifest file...,,0
	2025-11-06T21:43:11.6401380Z,Manifest file created.,,0
	2025-11-06T21:43:11.6511970Z,Copying .ostype to manifest output directory.,,0
	2025-11-06T21:43:11.9000287Z,,,0
	2025-11-06T21:43:11.9146289Z,Done in 67 sec(s).,,0
2025-11-06T21:43:12.2309142Z,Running post deployment command(s)...,9e88e350-bb50-4cd4-a671-d9fa157de262,0
2025-11-06T21:43:12.3912897Z,,c14faef0-b66c-4a6f-ae18-9904f0ee20c3,0
2025-11-06T21:43:12.5386344Z,Generating summary of Oryx build,63fb84f6-4ef2-42e6-b751-97708d7487b7,0
2025-11-06T21:43:12.7209893Z,Parsing the build logs,da49b29a-fdfd-414b-95fb-8462e141078b,0
2025-11-06T21:43:12.8869565Z,Found 0 issue(s),c67a8756-f56f-448f-87d7-bd422b6bbff6,0
2025-11-06T21:43:13.0137968Z,,7f9aa485-d56f-4cea-bdc6-b966ba1a34dc,0
2025-11-06T21:43:13.1583171Z,Build Summary :,b685531a-3a04-4420-a5c8-693dfd39cf74,0
2025-11-06T21:43:13.2910609Z,===============,a91ae05d-6e4b-4be2-b15e-3eeaf7d98918,0
2025-11-06T21:43:13.4659089Z,Errors (0),9351ee62-3dc4-475e-9ec7-ebe471a13e72,0
2025-11-06T21:43:13.6107315Z,Warnings (0),cfccd7bd-9bec-4204-a8f2-f8d5b93cb03e,0
2025-11-06T21:43:13.7396504Z,,a1e7b62c-5e4c-471b-8bb7-aeb7f479f505,0
2025-11-06T21:43:13.9237249Z,Triggering container recycle for OneDeploy by adding/updating restartTrigger.txt to the site root path,d2752501-45b7-41e5-9fcf-90cbad6831fe,0
2025-11-06T21:43:14.1723806Z,Deployment successful. deployer = OneDeploy deploymentPath = OneDeploy,b7639fa9-06c1-4a5c-b86d-f9d19c4ca3df,0
