2025-11-06T20:00:55.1823672Z Container start method called.
2025-11-06T20:00:55.1948089Z Establishing network.
2025-11-06T20:00:55.1972533Z Pulling image: appsvc/python:3.10_20251017.5.tuxprod.
2025-11-06T20:01:16.2892635Z Image appsvc/python:3.10_20251017.5.tuxprod is pulled from registry mcr.microsoft.com
2025-11-06T20:01:16.2934710Z Container is starting.
2025-11-06T20:01:16.2956407Z Establishing user namespace if not established already.
2025-11-06T20:01:16.2957961Z Establishing network if not established already.
2025-11-06T20:01:16.2962086Z Mounting volumes.
2025-11-06T20:01:16.3041393Z Nested mountpoint 
2025-11-06T20:01:16.3730274Z Nested mountpoint volatile/logs
2025-11-06T20:01:16.3807979Z Nested mountpoint 
2025-11-06T20:01:16.4631403Z Nested mountpoint 
2025-11-06T20:01:16.4641752Z Nested mountpoint 
2025-11-06T20:01:21.5817357Z Creating container.
2025-11-06T20:01:21.5820492Z Creating pipes for streaming container io.
2025-11-06T20:01:21.5822853Z Creating stdout named pipe at /podr/container/pipe/b640c4d99e53_udacitycms/stdout_0acbe92fa0b947158bbe991c39de21d5.
2025-11-06T20:01:21.5831547Z Successfully created stdout named pipe at: /podr/container/pipe/b640c4d99e53_udacitycms/stdout_0acbe92fa0b947158bbe991c39de21d5.
2025-11-06T20:01:21.5832671Z Opening named pipe /podr/container/pipe/b640c4d99e53_udacitycms/stdout_0acbe92fa0b947158bbe991c39de21d5 for reading in non-blocking mode.
2025-11-06T20:01:21.5834479Z Successfully opened named pipe: /podr/container/pipe/b640c4d99e53_udacitycms/stdout_0acbe92fa0b947158bbe991c39de21d5.
2025-11-06T20:01:21.5877995Z Successfully removed non-blocking flag from /podr/container/pipe/b640c4d99e53_udacitycms/stdout_0acbe92fa0b947158bbe991c39de21d5.
2025-11-06T20:01:21.5879646Z Creating stderr named pipe at /podr/container/pipe/b640c4d99e53_udacitycms/stderr_ae0df9ba09e8445a91fdd5fdee7687a7.
2025-11-06T20:01:21.5881846Z Successfully created stderr named pipe at: /podr/container/pipe/b640c4d99e53_udacitycms/stderr_ae0df9ba09e8445a91fdd5fdee7687a7.
2025-11-06T20:01:21.5883128Z Opening named pipe /podr/container/pipe/b640c4d99e53_udacitycms/stderr_ae0df9ba09e8445a91fdd5fdee7687a7 for reading in non-blocking mode.
2025-11-06T20:01:21.5887956Z Successfully opened named pipe: /podr/container/pipe/b640c4d99e53_udacitycms/stderr_ae0df9ba09e8445a91fdd5fdee7687a7.
2025-11-06T20:01:21.5890252Z Successfully removed non-blocking flag from /podr/container/pipe/b640c4d99e53_udacitycms/stderr_ae0df9ba09e8445a91fdd5fdee7687a7.
2025-11-06T20:01:21.5927747Z Creating container with image: appsvc/python:3.10_20251017.5.tuxprod from registry: mcr.microsoft.com and fully qualified image name: mcr.microsoft.com/appsvc/python:3.10_20251017.5.tuxprod
2025-11-06T20:01:22.1892020Z Starting container: b640c4d99e53_udacitycms.
2025-11-06T20:01:22.2952370Z Starting watchers and probes.
2025-11-06T20:01:22.2981037Z Starting metrics collection.
2025-11-06T20:01:22.2999020Z Container is running.
2025-11-06T20:01:22.9602149Z Container start method finished after 27777 ms.
2025-11-06T20:01:37.7687035Z Container has finished running with exit code: 3.
2025-11-06T20:01:37.7708144Z Container is terminating. Grace period: 5 seconds.
2025-11-06T20:01:37.7743117Z Stop and delete container. Retry count = 0
2025-11-06T20:01:37.7750900Z Stopping container: b640c4d99e53_udacitycms.
2025-11-06T20:01:37.8055382Z Deleting container: b640c4d99e53_udacitycms. Retry count = 0
2025-11-06T20:01:39.2640292Z Container spec TerminationMessagePolicy  path 
2025-11-06T20:01:39.2654363Z Container is terminated. Total time elapsed: 1493 ms.
2025-11-06T20:01:39.2665681Z Site container: udacitycms terminated during site startup.
2025-11-06T20:01:39.2997776Z Site startup probe failed after 16.2627727 seconds.
2025-11-06T20:01:39.4249366Z Failed to start site. Revert by stopping site.
2025-11-06T20:01:39.4514064Z Site: udacitycms stopped.
2025-11-06T20:01:45.821Z ERROR - DockerApiException: Docker API responded with status code=NotFound, response={"message":"manifest for 10.1.0.4:13209/appsvc/python:3.10_20251017.5.tuxprod not found: manifest unknown: manifest unknown"}

2025-11-06T20:01:46.239Z ERROR - DockerApiException: Docker API responded with status code=NotFound, response={"message":"manifest for 10.1.0.5:13209/appsvc/python:3.10_20251017.5.tuxprod not found: manifest unknown: manifest unknown"}

2025-11-06T20:01:47.154Z INFO  - 3.10_20251017.5.tuxprod Pulling from appsvc/python
2025-11-06T20:01:47.160Z INFO  - 10ffc47270cd Pulling fs layer
2025-11-06T20:01:47.167Z INFO  - babe2e3e3c71 Pulling fs layer
2025-11-06T20:01:47.168Z INFO  - 4f4fb700ef54 Pulling fs layer
2025-11-06T20:01:47.168Z INFO  - f7943b878c5a Pulling fs layer
2025-11-06T20:01:47.168Z INFO  - bf91c9135236 Pulling fs layer
2025-11-06T20:01:47.168Z INFO  - a49b20bb820c Pulling fs layer
2025-11-06T20:01:47.168Z INFO  - 2019780686b0 Pulling fs layer
2025-11-06T20:01:47.168Z INFO  - ccbe65ed435b Pulling fs layer
2025-11-06T20:01:47.171Z INFO  - b0399d4f1093 Pulling fs layer
2025-11-06T20:01:47.171Z INFO  - 4296d9e49093 Pulling fs layer
2025-11-06T20:01:47.171Z INFO  - f501553e1eeb Pulling fs layer
2025-11-06T20:01:47.189Z INFO  - 67c9ba2ac3e9 Pulling fs layer
2025-11-06T20:01:47.189Z INFO  - f87a5dc3ab54 Pulling fs layer
2025-11-06T20:01:47.189Z INFO  - 5382fcf316ae Pulling fs layer
2025-11-06T20:01:47.190Z INFO  - 0fa93990a606 Pulling fs layer
2025-11-06T20:01:47.190Z INFO  - 520a91babaa1 Pulling fs layer
2025-11-06T20:01:47.190Z INFO  - 62107f9afd55 Pulling fs layer
2025-11-06T20:01:47.190Z INFO  - c2bd01a339c3 Pulling fs layer
2025-11-06T20:01:47.190Z INFO  - f60e503cb9a1 Pulling fs layer
2025-11-06T20:01:47.190Z INFO  - da6b7aae48f0 Pulling fs layer
2025-11-06T20:01:47.191Z INFO  - e0219e252959 Pulling fs layer
2025-11-06T20:01:47.191Z INFO  - efdcb614ad68 Pulling fs layer
2025-11-06T20:01:47.191Z INFO  - 8643babbdce7 Pulling fs layer
2025-11-06T20:01:47.191Z INFO  - ec9ae2aa5495 Pulling fs layer
2025-11-06T20:01:47.191Z INFO  - 32ec7085612b Pulling fs layer
2025-11-06T20:01:47.191Z INFO  - be1a150cc390 Pulling fs layer
2025-11-06T20:01:47.191Z INFO  - 664ed236fa43 Pulling fs layer
2025-11-06T20:01:47.191Z INFO  - 3f299507e2f5 Pulling fs layer
2025-11-06T20:01:47.191Z INFO  - 76a2519634d6 Pulling fs layer
2025-11-06T20:01:47.191Z INFO  - 7956d947f01f Pulling fs layer
2025-11-06T20:01:47.191Z INFO  - 62872b7410ba Pulling fs layer
2025-11-06T20:01:47.191Z INFO  - c0dc3cbdc92b Pulling fs layer
2025-11-06T20:01:47.191Z INFO  - 7de94249b1df Pulling fs layer
2025-11-06T20:01:47.191Z INFO  - e440350660ad Pulling fs layer
2025-11-06T20:01:47.191Z INFO  - 6650c3572958 Pulling fs layer
2025-11-06T20:01:47.191Z INFO  - dc32e5f90448 Pulling fs layer
2025-11-06T20:01:47.191Z INFO  - 5ea4195d0862 Pulling fs layer
2025-11-06T20:01:47.191Z INFO  - 4764cb3d71f9 Pulling fs layer
2025-11-06T20:01:47.201Z INFO  - 480be7cd47a2 Pulling fs layer
2025-11-06T20:01:47.201Z INFO  - 2a27bfcc7652 Pulling fs layer
2025-11-06T20:01:47.201Z INFO  - 6d5e47e637ca Pulling fs layer
2025-11-06T20:01:47.201Z INFO  - 1765a8a8fd90 Pulling fs layer
2025-11-06T20:01:47.201Z INFO  - 903ed9300fd3 Pulling fs layer
2025-11-06T20:01:47.201Z INFO  - 8990a9553ea8 Pulling fs layer
2025-11-06T20:01:47.201Z INFO  - e5f2fabe5297 Pulling fs layer
2025-11-06T20:01:47.201Z INFO  - b9dba626bb23 Pulling fs layer
2025-11-06T20:01:47.201Z INFO  - 8ded8ea8fe6c Pulling fs layer
2025-11-06T20:01:47.201Z INFO  - 682d65f4d5f8 Pulling fs layer
2025-11-06T20:01:47.201Z INFO  - e3c528d96469 Pulling fs layer
2025-11-06T20:01:47.201Z INFO  - 6133aab1ec92 Pulling fs layer
2025-11-06T20:01:47.201Z INFO  - 5f03dbe156d2 Pulling fs layer
2025-11-06T20:01:47.201Z INFO  - 16c29f26cb1b Pulling fs layer
2025-11-06T20:01:47.202Z INFO  - 2c6c5c586573 Pulling fs layer
2025-11-06T20:01:47.202Z INFO  - 85f46a3b3a59 Pulling fs layer
2025-11-06T20:01:47.202Z INFO  - 4764cb3d71f9 Waiting
2025-11-06T20:01:47.202Z INFO  - 480be7cd47a2 Waiting
2025-11-06T20:01:47.202Z INFO  - 2a27bfcc7652 Waiting
2025-11-06T20:01:47.202Z INFO  - 6d5e47e637ca Waiting
2025-11-06T20:01:47.202Z INFO  - 1765a8a8fd90 Waiting
2025-11-06T20:01:47.204Z INFO  - 903ed9300fd3 Waiting
2025-11-06T20:01:47.204Z INFO  - 8990a9553ea8 Waiting
2025-11-06T20:01:47.204Z INFO  - e5f2fabe5297 Waiting
2025-11-06T20:01:47.204Z INFO  - b9dba626bb23 Waiting
2025-11-06T20:01:47.204Z INFO  - 8ded8ea8fe6c Waiting
2025-11-06T20:01:47.204Z INFO  - 682d65f4d5f8 Waiting
2025-11-06T20:01:47.204Z INFO  - e3c528d96469 Waiting
2025-11-06T20:01:47.205Z INFO  - 6133aab1ec92 Waiting
2025-11-06T20:01:47.205Z INFO  - 5f03dbe156d2 Waiting
2025-11-06T20:01:47.205Z INFO  - 16c29f26cb1b Waiting
2025-11-06T20:01:47.205Z INFO  - 2c6c5c586573 Waiting
2025-11-06T20:01:47.205Z INFO  - 85f46a3b3a59 Waiting
2025-11-06T20:01:47.221Z INFO  - e0219e252959 Waiting
2025-11-06T20:01:47.221Z INFO  - efdcb614ad68 Waiting
2025-11-06T20:01:47.221Z INFO  - 8643babbdce7 Waiting
2025-11-06T20:01:47.221Z INFO  - ec9ae2aa5495 Waiting
2025-11-06T20:01:47.221Z INFO  - 32ec7085612b Waiting
2025-11-06T20:01:47.221Z INFO  - be1a150cc390 Waiting
2025-11-06T20:01:47.222Z INFO  - 664ed236fa43 Waiting
2025-11-06T20:01:47.222Z INFO  - 3f299507e2f5 Waiting
2025-11-06T20:01:47.223Z INFO  - 76a2519634d6 Waiting
2025-11-06T20:01:47.223Z INFO  - 7956d947f01f Waiting
2025-11-06T20:01:47.235Z INFO  - 62872b7410ba Waiting
2025-11-06T20:01:47.235Z INFO  - c0dc3cbdc92b Waiting
2025-11-06T20:01:47.240Z INFO  - 7de94249b1df Waiting
2025-11-06T20:01:47.240Z INFO  - e440350660ad Waiting
2025-11-06T20:01:47.240Z INFO  - 6650c3572958 Waiting
2025-11-06T20:01:47.240Z INFO  - dc32e5f90448 Waiting
2025-11-06T20:01:47.240Z INFO  - 5ea4195d0862 Waiting
2025-11-06T20:01:47.429Z INFO  - 2019780686b0 Downloading 2KB / 2KB
2025-11-06T20:01:47.429Z INFO  - 2019780686b0 Verifying Checksum
2025-11-06T20:01:47.429Z INFO  - 2019780686b0 Download complete
2025-11-06T20:01:47.437Z INFO  - f501553e1eeb Downloading 3KB / 39KB
2025-11-06T20:01:47.489Z INFO  - f501553e1eeb Downloading 39KB / 39KB
2025-11-06T20:01:47.489Z INFO  - f7943b878c5a Downloading 386B / 386B
2025-11-06T20:01:47.489Z INFO  - f501553e1eeb Verifying Checksum
2025-11-06T20:01:47.489Z INFO  - f501553e1eeb Download complete
2025-11-06T20:01:47.489Z INFO  - f7943b878c5a Verifying Checksum
2025-11-06T20:01:47.489Z INFO  - f7943b878c5a Download complete
2025-11-06T20:01:47.489Z INFO  - bf91c9135236 Downloading 131B / 131B
2025-11-06T20:01:47.489Z INFO  - b0399d4f1093 Downloading 187B / 187B
2025-11-06T20:01:47.489Z INFO  - bf91c9135236 Verifying Checksum
2025-11-06T20:01:47.490Z INFO  - bf91c9135236 Download complete
2025-11-06T20:01:47.490Z INFO  - b0399d4f1093 Verifying Checksum
2025-11-06T20:01:47.490Z INFO  - f87a5dc3ab54 Downloading 3KB / 14KB
2025-11-06T20:01:47.490Z INFO  - f87a5dc3ab54 Downloading 14KB / 14KB
2025-11-06T20:01:47.490Z INFO  - f87a5dc3ab54 Verifying Checksum
2025-11-06T20:01:47.490Z INFO  - f87a5dc3ab54 Download complete
2025-11-06T20:01:47.536Z INFO  - b0399d4f1093 Download complete
2025-11-06T20:01:47.537Z INFO  - 4f4fb700ef54 Downloading 32B / 32B
2025-11-06T20:01:47.540Z INFO  - 520a91babaa1 Downloading 3KB / 39KB
2025-11-06T20:01:47.542Z INFO  - 67c9ba2ac3e9 Downloading 12KB / 12KB
2025-11-06T20:01:47.542Z INFO  - 520a91babaa1 Downloading 39KB / 39KB
2025-11-06T20:01:47.543Z INFO  - ccbe65ed435b Verifying Checksum
2025-11-06T20:01:47.543Z INFO  - ccbe65ed435b Download complete
2025-11-06T20:01:47.543Z INFO  - 4f4fb700ef54 Verifying Checksum
2025-11-06T20:01:47.545Z INFO  - 4f4fb700ef54 Download complete
2025-11-06T20:01:47.548Z INFO  - 67c9ba2ac3e9 Verifying Checksum
2025-11-06T20:01:47.548Z INFO  - 67c9ba2ac3e9 Download complete
2025-11-06T20:01:47.560Z INFO  - 520a91babaa1 Verifying Checksum
2025-11-06T20:01:47.560Z INFO  - 520a91babaa1 Download complete
2025-11-06T20:01:47.560Z INFO  - c2bd01a339c3 Downloading 3KB / 14KB
2025-11-06T20:01:47.560Z INFO  - f60e503cb9a1 Downloading 1KB / 1KB
2025-11-06T20:01:47.560Z INFO  - 62107f9afd55 Downloading 12KB / 12KB
2025-11-06T20:01:47.560Z INFO  - c2bd01a339c3 Downloading 14KB / 14KB
2025-11-06T20:01:47.573Z INFO  - f60e503cb9a1 Verifying Checksum
2025-11-06T20:01:47.573Z INFO  - f60e503cb9a1 Download complete
2025-11-06T20:01:47.583Z INFO  - 62107f9afd55 Verifying Checksum
2025-11-06T20:01:47.583Z INFO  - 62107f9afd55 Download complete
2025-11-06T20:01:47.599Z INFO  - c2bd01a339c3 Verifying Checksum
2025-11-06T20:01:47.599Z INFO  - c2bd01a339c3 Download complete
2025-11-06T20:01:47.616Z INFO  - a49b20bb820c Downloading 250KB / 250KB
2025-11-06T20:01:47.620Z INFO  - a49b20bb820c Verifying Checksum
2025-11-06T20:01:47.621Z INFO  - a49b20bb820c Download complete
2025-11-06T20:01:47.621Z INFO  - 0fa93990a606 Downloading 382KB / 1MB
2025-11-06T20:01:47.627Z INFO  - 10ffc47270cd Downloading 4MB / 51MB
2025-11-06T20:01:47.640Z INFO  - babe2e3e3c71 Downloading 7MB / 30MB
2025-11-06T20:01:47.658Z INFO  - da6b7aae48f0 Downloading 2KB / 2KB
2025-11-06T20:01:47.667Z INFO  - 0fa93990a606 Verifying Checksum
2025-11-06T20:01:47.667Z INFO  - 0fa93990a606 Download complete
2025-11-06T20:01:47.667Z INFO  - da6b7aae48f0 Verifying Checksum
2025-11-06T20:01:47.667Z INFO  - da6b7aae48f0 Download complete
2025-11-06T20:01:47.672Z INFO  - 5382fcf316ae Downloading 526KB / 56MB
2025-11-06T20:01:47.723Z INFO  - 4296d9e49093 Verifying Checksum
2025-11-06T20:01:47.723Z INFO  - 4296d9e49093 Download complete
2025-11-06T20:01:47.789Z INFO  - 5382fcf316ae Downloading 4MB / 56MB
2025-11-06T20:01:47.851Z INFO  - babe2e3e3c71 Downloading 15MB / 30MB
2025-11-06T20:01:47.912Z INFO  - ec9ae2aa5495 Downloading 2KB / 2KB
2025-11-06T20:01:47.913Z INFO  - ec9ae2aa5495 Verifying Checksum
2025-11-06T20:01:47.913Z INFO  - ec9ae2aa5495 Download complete
2025-11-06T20:01:47.941Z INFO  - efdcb614ad68 Downloading 527B / 527B
2025-11-06T20:01:47.942Z INFO  - efdcb614ad68 Verifying Checksum
2025-11-06T20:01:47.942Z INFO  - efdcb614ad68 Download complete
2025-11-06T20:01:47.947Z INFO  - e0219e252959 Downloading 510B / 510B
2025-11-06T20:01:47.948Z INFO  - e0219e252959 Verifying Checksum
2025-11-06T20:01:47.948Z INFO  - e0219e252959 Download complete
2025-11-06T20:01:47.950Z INFO  - c0dc3cbdc92b Downloading 1KB / 1KB
2025-11-06T20:01:47.950Z INFO  - c0dc3cbdc92b Verifying Checksum
2025-11-06T20:01:47.951Z INFO  - c0dc3cbdc92b Download complete
2025-11-06T20:01:47.975Z INFO  - 8643babbdce7 Downloading 527B / 527B
2025-11-06T20:01:47.975Z INFO  - 8643babbdce7 Verifying Checksum
2025-11-06T20:01:47.975Z INFO  - 8643babbdce7 Download complete
2025-11-06T20:01:48.010Z INFO  - 10ffc47270cd Downloading 18MB / 51MB
2025-11-06T20:01:48.045Z INFO  - 32ec7085612b Downloading 526KB / 77MB
2025-11-06T20:01:48.781Z INFO  - be1a150cc390 Downloading 3KB / 4KB
2025-11-06T20:01:48.782Z INFO  - be1a150cc390 Downloading 4KB / 4KB
2025-11-06T20:01:48.782Z INFO  - be1a150cc390 Verifying Checksum
2025-11-06T20:01:48.782Z INFO  - be1a150cc390 Download complete
2025-11-06T20:01:48.784Z INFO  - babe2e3e3c71 Downloading 24MB / 30MB
2025-11-06T20:01:48.785Z INFO  - 7956d947f01f Downloading 526KB / 67MB
2025-11-06T20:01:48.819Z INFO  - 5382fcf316ae Downloading 13MB / 56MB
2025-11-06T20:01:48.819Z INFO  - 76a2519634d6 Downloading 1MB / 5MB
2025-11-06T20:01:48.851Z INFO  - 10ffc47270cd Downloading 21MB / 51MB
2025-11-06T20:01:48.852Z INFO  - 6650c3572958 Downloading 271B / 271B
2025-11-06T20:01:48.864Z INFO  - 6650c3572958 Verifying Checksum
2025-11-06T20:01:48.864Z INFO  - 6650c3572958 Download complete
2025-11-06T20:01:48.916Z INFO  - 5382fcf316ae Downloading 21MB / 56MB
2025-11-06T20:01:48.937Z INFO  - dc32e5f90448 Downloading 272B / 272B
2025-11-06T20:01:48.937Z INFO  - 76a2519634d6 Verifying Checksum
2025-11-06T20:01:48.937Z INFO  - 76a2519634d6 Download complete
2025-11-06T20:01:48.938Z INFO  - dc32e5f90448 Verifying Checksum
2025-11-06T20:01:48.938Z INFO  - dc32e5f90448 Download complete
2025-11-06T20:01:48.993Z INFO  - 32ec7085612b Downloading 1MB / 77MB
2025-11-06T20:01:48.994Z INFO  - 3f299507e2f5 Downloading 734KB / 34MB
2025-11-06T20:01:48.994Z INFO  - 664ed236fa43 Downloading 5MB / 36MB
2025-11-06T20:01:49.137Z INFO  - 7de94249b1df Downloading 3KB / 3KB
2025-11-06T20:01:49.137Z INFO  - 5ea4195d0862 Downloading 834B / 834B
2025-11-06T20:01:49.137Z INFO  - 7de94249b1df Verifying Checksum
2025-11-06T20:01:49.137Z INFO  - 7de94249b1df Download complete
2025-11-06T20:01:49.137Z INFO  - 5ea4195d0862 Verifying Checksum
2025-11-06T20:01:49.137Z INFO  - 5ea4195d0862 Download complete
2025-11-06T20:01:49.137Z INFO  - e440350660ad Downloading 133B / 133B
2025-11-06T20:01:49.137Z INFO  - babe2e3e3c71 Verifying Checksum
2025-11-06T20:01:49.137Z INFO  - babe2e3e3c71 Download complete
2025-11-06T20:01:49.137Z INFO  - e440350660ad Verifying Checksum
2025-11-06T20:01:49.137Z INFO  - e440350660ad Download complete
2025-11-06T20:01:49.137Z INFO  - 32ec7085612b Downloading 3MB / 77MB
2025-11-06T20:01:49.156Z INFO  - 664ed236fa43 Downloading 6MB / 36MB
2025-11-06T20:01:49.156Z INFO  - 10ffc47270cd Downloading 26MB / 51MB
2025-11-06T20:01:49.156Z INFO  - 5382fcf316ae Downloading 26MB / 56MB
2025-11-06T20:01:49.163Z INFO  - 10ffc47270cd Downloading 30MB / 51MB
2025-11-06T20:01:49.549Z INFO  - 7956d947f01f Downloading 12MB / 67MB
2025-11-06T20:01:49.549Z INFO  - 3f299507e2f5 Downloading 2MB / 34MB
2025-11-06T20:01:49.601Z INFO  - 664ed236fa43 Downloading 8MB / 36MB
2025-11-06T20:01:49.641Z INFO  - 32ec7085612b Downloading 9MB / 77MB
2025-11-06T20:01:49.691Z INFO  - 7956d947f01f Downloading 17MB / 67MB
2025-11-06T20:01:49.721Z INFO  - 6d5e47e637ca Downloading 1KB / 1KB
2025-11-06T20:01:49.721Z INFO  - 664ed236fa43 Downloading 10MB / 36MB
2025-11-06T20:01:49.721Z INFO  - 2a27bfcc7652 Downloading 1KB / 1KB
2025-11-06T20:01:49.727Z INFO  - 2a27bfcc7652 Verifying Checksum
2025-11-06T20:01:49.727Z INFO  - 2a27bfcc7652 Download complete
2025-11-06T20:01:49.732Z INFO  - 6d5e47e637ca Verifying Checksum
2025-11-06T20:01:49.732Z INFO  - 6d5e47e637ca Download complete
2025-11-06T20:01:49.746Z INFO  - 3f299507e2f5 Downloading 10MB / 34MB
2025-11-06T20:01:49.746Z INFO  - 5382fcf316ae Downloading 39MB / 56MB
2025-11-06T20:01:49.785Z INFO  - 480be7cd47a2 Downloading 419B / 419B
2025-11-06T20:01:49.785Z INFO  - 480be7cd47a2 Verifying Checksum
2025-11-06T20:01:49.785Z INFO  - 480be7cd47a2 Download complete
2025-11-06T20:01:49.805Z INFO  - 664ed236fa43 Downloading 15MB / 36MB
2025-11-06T20:01:49.841Z INFO  - 7956d947f01f Downloading 22MB / 67MB
2025-11-06T20:01:49.908Z INFO  - 32ec7085612b Downloading 10MB / 77MB
2025-11-06T20:01:49.945Z INFO  - 10ffc47270cd Downloading 42MB / 51MB
2025-11-06T20:01:49.966Z INFO  - 5382fcf316ae Downloading 42MB / 56MB
2025-11-06T20:01:49.972Z INFO  - b9dba626bb23 Downloading 354B / 354B
2025-11-06T20:01:49.973Z INFO  - b9dba626bb23 Verifying Checksum
2025-11-06T20:01:49.974Z INFO  - b9dba626bb23 Download complete
2025-11-06T20:01:50.013Z INFO  - 4764cb3d71f9 Downloading 125B / 125B
2025-11-06T20:01:50.014Z INFO  - 4764cb3d71f9 Verifying Checksum
2025-11-06T20:01:50.014Z INFO  - 4764cb3d71f9 Download complete
2025-11-06T20:01:50.029Z INFO  - 5382fcf316ae Downloading 45MB / 56MB
2025-11-06T20:01:50.067Z INFO  - 8990a9553ea8 Downloading 1KB / 1KB
2025-11-06T20:01:50.093Z INFO  - 8990a9553ea8 Verifying Checksum
2025-11-06T20:01:50.094Z INFO  - 8990a9553ea8 Download complete
2025-11-06T20:01:50.094Z INFO  - 1765a8a8fd90 Downloading 2KB / 2KB
2025-11-06T20:01:50.094Z INFO  - 903ed9300fd3 Downloading 121B / 121B
2025-11-06T20:01:50.094Z INFO  - 664ed236fa43 Downloading 21MB / 36MB
2025-11-06T20:01:50.094Z INFO  - e3c528d96469 Downloading 2KB / 2KB
2025-11-06T20:01:50.094Z INFO  - 1765a8a8fd90 Verifying Checksum
2025-11-06T20:01:50.094Z INFO  - 1765a8a8fd90 Download complete
2025-11-06T20:01:50.094Z INFO  - e3c528d96469 Verifying Checksum
2025-11-06T20:01:50.094Z INFO  - e3c528d96469 Download complete
2025-11-06T20:01:50.094Z INFO  - 903ed9300fd3 Verifying Checksum
2025-11-06T20:01:50.094Z INFO  - 903ed9300fd3 Download complete
2025-11-06T20:01:50.094Z INFO  - e5f2fabe5297 Downloading 1KB / 1KB
2025-11-06T20:01:50.163Z INFO  - 8ded8ea8fe6c Downloading 841B / 841B
2025-11-06T20:01:50.163Z INFO  - e5f2fabe5297 Verifying Checksum
2025-11-06T20:01:50.163Z INFO  - e5f2fabe5297 Download complete
2025-11-06T20:01:50.163Z INFO  - 8ded8ea8fe6c Verifying Checksum
2025-11-06T20:01:50.163Z INFO  - 8ded8ea8fe6c Download complete
2025-11-06T20:01:50.163Z INFO  - 5382fcf316ae Downloading 49MB / 56MB
2025-11-06T20:01:50.163Z INFO  - 6133aab1ec92 Downloading 143B / 143B
2025-11-06T20:01:50.163Z INFO  - 6133aab1ec92 Verifying Checksum
2025-11-06T20:01:50.163Z INFO  - 6133aab1ec92 Download complete
2025-11-06T20:01:50.163Z INFO  - 32ec7085612b Downloading 17MB / 77MB
2025-11-06T20:01:50.209Z INFO  - 3f299507e2f5 Downloading 24MB / 34MB
2025-11-06T20:01:50.209Z INFO  - 10ffc47270cd Verifying Checksum
2025-11-06T20:01:50.209Z INFO  - 10ffc47270cd Download complete
2025-11-06T20:01:50.223Z INFO  - 7956d947f01f Downloading 27MB / 67MB
2025-11-06T20:01:50.243Z INFO  - 5382fcf316ae Downloading 52MB / 56MB
2025-11-06T20:01:50.280Z INFO  - 664ed236fa43 Verifying Checksum
2025-11-06T20:01:50.283Z INFO  - 664ed236fa43 Download complete
2025-11-06T20:01:50.335Z INFO  - 5382fcf316ae Downloading 53MB / 56MB
2025-11-06T20:01:50.355Z INFO  - 32ec7085612b Downloading 20MB / 77MB
2025-11-06T20:01:50.355Z INFO  - 682d65f4d5f8 Downloading 138B / 138B
2025-11-06T20:01:50.355Z INFO  - 682d65f4d5f8 Verifying Checksum
2025-11-06T20:01:50.355Z INFO  - 682d65f4d5f8 Download complete
2025-11-06T20:01:50.373Z INFO  - 5382fcf316ae Verifying Checksum
2025-11-06T20:01:50.373Z INFO  - 5382fcf316ae Download complete
2025-11-06T20:01:50.396Z INFO  - 3f299507e2f5 Verifying Checksum
2025-11-06T20:01:50.396Z INFO  - 3f299507e2f5 Download complete
2025-11-06T20:01:50.396Z INFO  - 2c6c5c586573 Downloading 16KB / 16KB
2025-11-06T20:01:50.396Z INFO  - 2c6c5c586573 Verifying Checksum
2025-11-06T20:01:50.396Z INFO  - 2c6c5c586573 Download complete
2025-11-06T20:01:50.453Z INFO  - 32ec7085612b Downloading 29MB / 77MB
2025-11-06T20:01:50.533Z INFO  - 5f03dbe156d2 Downloading 3KB / 11KB
2025-11-06T20:01:50.535Z INFO  - 85f46a3b3a59 Downloading 1KB / 1KB
2025-11-06T20:01:50.535Z INFO  - 5f03dbe156d2 Downloading 11KB / 11KB
2025-11-06T20:01:50.535Z INFO  - 85f46a3b3a59 Verifying Checksum
2025-11-06T20:01:50.536Z INFO  - 85f46a3b3a59 Download complete
2025-11-06T20:01:50.536Z INFO  - 5f03dbe156d2 Verifying Checksum
2025-11-06T20:01:50.536Z INFO  - 5f03dbe156d2 Download complete
2025-11-06T20:01:50.569Z INFO  - 32ec7085612b Downloading 38MB / 77MB
2025-11-06T20:01:50.659Z INFO  - 7956d947f01f Downloading 42MB / 67MB
2025-11-06T20:01:50.664Z INFO  - 32ec7085612b Downloading 44MB / 77MB
2025-11-06T20:01:50.704Z INFO  - 16c29f26cb1b Verifying Checksum
2025-11-06T20:01:50.704Z INFO  - 16c29f26cb1b Download complete
2025-11-06T20:01:50.818Z INFO  - 7956d947f01f Downloading 59MB / 67MB
2025-11-06T20:01:50.949Z INFO  - 7956d947f01f Downloading 66MB / 67MB
2025-11-06T20:01:50.949Z INFO  - 7956d947f01f Verifying Checksum
2025-11-06T20:01:50.949Z INFO  - 7956d947f01f Download complete
2025-11-06T20:01:51.286Z INFO  - 32ec7085612b Downloading 64MB / 77MB
2025-11-06T20:01:51.364Z INFO  - 62872b7410ba Downloading 1KB / 1KB
2025-11-06T20:01:51.364Z INFO  - 62872b7410ba Verifying Checksum
2025-11-06T20:01:51.364Z INFO  - 62872b7410ba Download complete
2025-11-06T20:01:51.416Z INFO  - 32ec7085612b Verifying Checksum
2025-11-06T20:01:51.416Z INFO  - 32ec7085612b Download complete
2025-11-06T20:01:52.836Z INFO  - 10ffc47270cd Extracting 6MB / 51MB
2025-11-06T20:01:53.348Z INFO  - 10ffc47270cd Extracting 12MB / 51MB
2025-11-06T20:01:53.931Z INFO  - 10ffc47270cd Extracting 24MB / 51MB
2025-11-06T20:01:54.081Z INFO  - 10ffc47270cd Extracting 26MB / 51MB
2025-11-06T20:01:54.934Z INFO  - 10ffc47270cd Extracting 27MB / 51MB
2025-11-06T20:01:54.934Z INFO  - 10ffc47270cd Extracting 28MB / 51MB
2025-11-06T20:01:54.934Z INFO  - 10ffc47270cd Extracting 31MB / 51MB
2025-11-06T20:01:54.934Z INFO  - 10ffc47270cd Extracting 34MB / 51MB
2025-11-06T20:01:55.023Z INFO  - 10ffc47270cd Extracting 36MB / 51MB
2025-11-06T20:01:55.165Z INFO  - 10ffc47270cd Extracting 38MB / 51MB
2025-11-06T20:01:55.299Z INFO  - 10ffc47270cd Extracting 40MB / 51MB
2025-11-06T20:01:55.959Z INFO  - 10ffc47270cd Extracting 42MB / 51MB
2025-11-06T20:01:56.065Z INFO  - 10ffc47270cd Extracting 43MB / 51MB
2025-11-06T20:01:56.203Z INFO  - 10ffc47270cd Extracting 44MB / 51MB
2025-11-06T20:01:56.380Z INFO  - 10ffc47270cd Extracting 45MB / 51MB
2025-11-06T20:01:57.684Z INFO  - 10ffc47270cd Extracting 50MB / 51MB
2025-11-06T20:01:57.934Z INFO  - 10ffc47270cd Extracting 51MB / 51MB
2025-11-06T20:01:57.994Z INFO  - 10ffc47270cd Pull complete
2025-11-06T20:01:58.384Z INFO  - babe2e3e3c71 Extracting 5MB / 30MB
2025-11-06T20:01:58.631Z INFO  - babe2e3e3c71 Extracting 7MB / 30MB
2025-11-06T20:01:59.175Z INFO  - babe2e3e3c71 Extracting 17MB / 30MB
2025-11-06T20:02:00.123Z INFO  - babe2e3e3c71 Extracting 30MB / 30MB
2025-11-06T20:02:01.131Z INFO  - babe2e3e3c71 Pull complete
2025-11-06T20:02:01.214Z INFO  - 4f4fb700ef54 Extracting 32B / 32B
2025-11-06T20:02:01.246Z INFO  - 4f4fb700ef54 Extracting 32B / 32B
2025-11-06T20:02:01.475Z INFO  - 4f4fb700ef54 Pull complete
2025-11-06T20:02:01.554Z INFO  - f7943b878c5a Extracting 386B / 386B
2025-11-06T20:02:01.738Z INFO  - f7943b878c5a Extracting 386B / 386B
2025-11-06T20:02:01.929Z INFO  - f7943b878c5a Pull complete
2025-11-06T20:02:01.985Z INFO  - bf91c9135236 Extracting 131B / 131B
2025-11-06T20:02:02.177Z INFO  - bf91c9135236 Extracting 131B / 131B
2025-11-06T20:02:02.490Z INFO  - bf91c9135236 Pull complete
2025-11-06T20:02:02.584Z INFO  - a49b20bb820c Extracting 32KB / 250KB
2025-11-06T20:02:02.859Z INFO  - a49b20bb820c Extracting 250KB / 250KB
2025-11-06T20:02:02.859Z INFO  - a49b20bb820c Extracting 250KB / 250KB
2025-11-06T20:02:03.040Z INFO  - a49b20bb820c Pull complete
2025-11-06T20:02:03.060Z INFO  - 2019780686b0 Extracting 2KB / 2KB
2025-11-06T20:02:03.103Z INFO  - 2019780686b0 Extracting 2KB / 2KB
2025-11-06T20:02:03.218Z INFO  - 2019780686b0 Pull complete
2025-11-06T20:02:03.393Z INFO  - ccbe65ed435b Extracting 64KB / 433KB
2025-11-06T20:02:03.498Z INFO  - ccbe65ed435b Extracting 433KB / 433KB
2025-11-06T20:02:03.512Z INFO  - ccbe65ed435b Extracting 433KB / 433KB
2025-11-06T20:02:03.762Z INFO  - ccbe65ed435b Pull complete
2025-11-06T20:02:03.785Z INFO  - b0399d4f1093 Extracting 187B / 187B
2025-11-06T20:02:03.811Z INFO  - b0399d4f1093 Extracting 187B / 187B
2025-11-06T20:02:03.977Z INFO  - b0399d4f1093 Pull complete
2025-11-06T20:02:03.989Z INFO  - 4296d9e49093 Extracting 32KB / 1MB
2025-11-06T20:02:04.081Z INFO  - 4296d9e49093 Extracting 1MB / 1MB
2025-11-06T20:02:04.256Z INFO  - 4296d9e49093 Pull complete
2025-11-06T20:02:04.275Z INFO  - f501553e1eeb Extracting 32KB / 39KB
2025-11-06T20:02:04.312Z INFO  - f501553e1eeb Extracting 39KB / 39KB
2025-11-06T20:02:04.326Z INFO  - f501553e1eeb Extracting 39KB / 39KB
2025-11-06T20:02:04.448Z INFO  - f501553e1eeb Pull complete
2025-11-06T20:02:04.470Z INFO  - 67c9ba2ac3e9 Extracting 12KB / 12KB
2025-11-06T20:02:04.511Z INFO  - 67c9ba2ac3e9 Extracting 12KB / 12KB
2025-11-06T20:02:04.661Z INFO  - 67c9ba2ac3e9 Pull complete
2025-11-06T20:02:04.674Z INFO  - f87a5dc3ab54 Extracting 14KB / 14KB
2025-11-06T20:02:04.712Z INFO  - f87a5dc3ab54 Extracting 14KB / 14KB
2025-11-06T20:02:04.843Z INFO  - f87a5dc3ab54 Pull complete
2025-11-06T20:02:04.920Z INFO  - 5382fcf316ae Extracting 544KB / 56MB
2025-11-06T20:02:05.033Z INFO  - 5382fcf316ae Extracting 2MB / 56MB
2025-11-06T20:02:05.138Z INFO  - 5382fcf316ae Extracting 4MB / 56MB
2025-11-06T20:02:05.250Z INFO  - 5382fcf316ae Extracting 7MB / 56MB
2025-11-06T20:02:05.563Z INFO  - 5382fcf316ae Extracting 15MB / 56MB
2025-11-06T20:02:05.805Z INFO  - 5382fcf316ae Extracting 22MB / 56MB
2025-11-06T20:02:06.328Z INFO  - 5382fcf316ae Extracting 32MB / 56MB
2025-11-06T20:02:06.540Z INFO  - 5382fcf316ae Extracting 36MB / 56MB
2025-11-06T20:02:06.656Z INFO  - 5382fcf316ae Extracting 38MB / 56MB
2025-11-06T20:02:07.006Z INFO  - 5382fcf316ae Extracting 40MB / 56MB
2025-11-06T20:02:07.339Z INFO  - 5382fcf316ae Extracting 48MB / 56MB
2025-11-06T20:02:08.215Z INFO  - 5382fcf316ae Extracting 52MB / 56MB
2025-11-06T20:02:08.375Z INFO  - 5382fcf316ae Extracting 53MB / 56MB
2025-11-06T20:02:08.667Z INFO  - 5382fcf316ae Extracting 54MB / 56MB
2025-11-06T20:02:08.955Z INFO  - 5382fcf316ae Extracting 55MB / 56MB
2025-11-06T20:02:09.107Z INFO  - 5382fcf316ae Extracting 56MB / 56MB
2025-11-06T20:02:10.495Z INFO  - 5382fcf316ae Extracting 56MB / 56MB
2025-11-06T20:02:11.353Z INFO  - 5382fcf316ae Pull complete
2025-11-06T20:02:12.448Z INFO  - 0fa93990a606 Extracting 32KB / 1MB
2025-11-06T20:02:13.741Z INFO  - 0fa93990a606 Extracting 1MB / 1MB
2025-11-06T20:02:13.781Z INFO  - 0fa93990a606 Extracting 1MB / 1MB
2025-11-06T20:02:14.998Z INFO  - 0fa93990a606 Pull complete
2025-11-06T20:02:14.998Z INFO  - 520a91babaa1 Extracting 32KB / 39KB
2025-11-06T20:02:14.998Z INFO  - 520a91babaa1 Extracting 39KB / 39KB
2025-11-06T20:02:14.998Z INFO  - 520a91babaa1 Extracting 39KB / 39KB
2025-11-06T20:02:15.272Z INFO  - 520a91babaa1 Pull complete
2025-11-06T20:02:15.326Z INFO  - 62107f9afd55 Extracting 12KB / 12KB
2025-11-06T20:02:15.638Z INFO  - 62107f9afd55 Extracting 12KB / 12KB
2025-11-06T20:02:15.944Z INFO  - 62107f9afd55 Pull complete
2025-11-06T20:02:15.997Z INFO  - c2bd01a339c3 Extracting 14KB / 14KB
2025-11-06T20:02:16.486Z INFO  - c2bd01a339c3 Extracting 14KB / 14KB
2025-11-06T20:02:16.915Z INFO  - c2bd01a339c3 Pull complete
2025-11-06T20:02:17.624Z INFO  - f60e503cb9a1 Extracting 1KB / 1KB
2025-11-06T20:02:17.917Z INFO  - f60e503cb9a1 Extracting 1KB / 1KB
2025-11-06T20:02:18.950Z INFO  - f60e503cb9a1 Pull complete
2025-11-06T20:02:19.593Z INFO  - da6b7aae48f0 Extracting 2KB / 2KB
2025-11-06T20:02:19.761Z INFO  - da6b7aae48f0 Extracting 2KB / 2KB
2025-11-06T20:02:20.174Z INFO  - da6b7aae48f0 Pull complete
2025-11-06T20:02:21.839Z INFO  - e0219e252959 Extracting 510B / 510B
2025-11-06T20:02:22.057Z INFO  - e0219e252959 Extracting 510B / 510B
2025-11-06T20:02:22.322Z INFO  - e0219e252959 Pull complete
2025-11-06T20:02:22.993Z INFO  - efdcb614ad68 Extracting 527B / 527B
2025-11-06T20:02:23.229Z INFO  - efdcb614ad68 Extracting 527B / 527B
2025-11-06T20:02:23.480Z INFO  - efdcb614ad68 Pull complete
2025-11-06T20:02:24.626Z INFO  - 8643babbdce7 Extracting 527B / 527B
2025-11-06T20:02:24.626Z INFO  - 8643babbdce7 Extracting 527B / 527B
2025-11-06T20:02:24.880Z INFO  - 8643babbdce7 Pull complete
2025-11-06T20:02:25.048Z INFO  - ec9ae2aa5495 Extracting 2KB / 2KB
2025-11-06T20:02:25.507Z INFO  - ec9ae2aa5495 Extracting 2KB / 2KB
2025-11-06T20:02:25.735Z INFO  - ec9ae2aa5495 Pull complete
2025-11-06T20:02:29.422Z INFO  - 32ec7085612b Extracting 544KB / 77MB
2025-11-06T20:02:30.117Z INFO  - 32ec7085612b Extracting 1MB / 77MB
2025-11-06T20:02:30.503Z INFO  - 32ec7085612b Extracting 2MB / 77MB
2025-11-06T20:02:31.139Z INFO  - 32ec7085612b Extracting 3MB / 77MB
2025-11-06T20:02:31.622Z INFO  - 32ec7085612b Extracting 3MB / 77MB
2025-11-06T20:02:32.492Z INFO  - 32ec7085612b Extracting 4MB / 77MB
2025-11-06T20:02:33.081Z INFO  - 32ec7085612b Extracting 5MB / 77MB
2025-11-06T20:02:33.793Z INFO  - 32ec7085612b Extracting 6MB / 77MB
2025-11-06T20:02:34.178Z INFO  - 32ec7085612b Extracting 6MB / 77MB
2025-11-06T20:02:35.620Z INFO  - 32ec7085612b Extracting 7MB / 77MB
2025-11-06T20:02:38.714Z INFO  - 32ec7085612b Extracting 9MB / 77MB
2025-11-06T20:02:41.200Z INFO  - 32ec7085612b Extracting 11MB / 77MB
2025-11-06T20:02:41.578Z INFO  - 32ec7085612b Extracting 12MB / 77MB
2025-11-06T20:02:41.826Z INFO  - 32ec7085612b Extracting 14MB / 77MB
2025-11-06T20:02:41.976Z INFO  - 32ec7085612b Extracting 15MB / 77MB
2025-11-06T20:02:42.211Z INFO  - 32ec7085612b Extracting 20MB / 77MB
2025-11-06T20:02:42.367Z INFO  - 32ec7085612b Extracting 22MB / 77MB
2025-11-06T20:02:43.481Z INFO  - 32ec7085612b Extracting 32MB / 77MB
2025-11-06T20:02:43.691Z INFO  - 32ec7085612b Extracting 37MB / 77MB
2025-11-06T20:02:43.813Z INFO  - 32ec7085612b Extracting 38MB / 77MB
2025-11-06T20:02:44.277Z INFO  - 32ec7085612b Extracting 41MB / 77MB
2025-11-06T20:02:45.258Z INFO  - 32ec7085612b Extracting 46MB / 77MB
2025-11-06T20:02:45.644Z INFO  - 32ec7085612b Extracting 47MB / 77MB
2025-11-06T20:02:45.762Z INFO  - 32ec7085612b Extracting 49MB / 77MB
2025-11-06T20:02:45.871Z INFO  - 32ec7085612b Extracting 51MB / 77MB
2025-11-06T20:02:45.978Z INFO  - 32ec7085612b Extracting 52MB / 77MB
2025-11-06T20:02:46.409Z INFO  - 32ec7085612b Extracting 54MB / 77MB
2025-11-06T20:02:46.682Z INFO  - 32ec7085612b Extracting 55MB / 77MB
2025-11-06T20:02:47.278Z INFO  - 32ec7085612b Extracting 58MB / 77MB
2025-11-06T20:02:47.817Z INFO  - 32ec7085612b Extracting 62MB / 77MB
2025-11-06T20:02:47.963Z INFO  - 32ec7085612b Extracting 63MB / 77MB
2025-11-06T20:02:48.090Z INFO  - 32ec7085612b Extracting 64MB / 77MB
2025-11-06T20:02:48.297Z INFO  - 32ec7085612b Extracting 65MB / 77MB
2025-11-06T20:02:48.420Z INFO  - 32ec7085612b Extracting 66MB / 77MB
2025-11-06T20:02:48.648Z INFO  - 32ec7085612b Extracting 68MB / 77MB
2025-11-06T20:02:48.763Z INFO  - 32ec7085612b Extracting 69MB / 77MB
2025-11-06T20:02:49.153Z INFO  - 32ec7085612b Extracting 71MB / 77MB
2025-11-06T20:02:49.846Z INFO  - 32ec7085612b Extracting 74MB / 77MB
2025-11-06T20:02:50.186Z INFO  - 32ec7085612b Extracting 75MB / 77MB
2025-11-06T20:02:50.449Z INFO  - 32ec7085612b Extracting 77MB / 77MB
2025-11-06T20:02:53.559Z INFO  - 32ec7085612b Pull complete
2025-11-06T20:02:53.647Z INFO  - be1a150cc390 Extracting 4KB / 4KB
2025-11-06T20:02:53.806Z INFO  - be1a150cc390 Extracting 4KB / 4KB
2025-11-06T20:02:54.567Z INFO  - be1a150cc390 Pull complete
2025-11-06T20:02:54.567Z INFO  - 664ed236fa43 Extracting 2MB / 36MB
2025-11-06T20:02:54.567Z INFO  - 664ed236fa43 Extracting 3MB / 36MB
2025-11-06T20:02:56.569Z INFO  - 664ed236fa43 Extracting 4MB / 36MB
2025-11-06T20:02:56.569Z INFO  - 664ed236fa43 Extracting 5MB / 36MB
2025-11-06T20:02:56.569Z INFO  - 664ed236fa43 Extracting 6MB / 36MB
2025-11-06T20:02:56.569Z INFO  - 664ed236fa43 Extracting 8MB / 36MB
2025-11-06T20:02:56.569Z INFO  - 664ed236fa43 Extracting 9MB / 36MB
2025-11-06T20:02:56.569Z INFO  - 664ed236fa43 Extracting 11MB / 36MB
2025-11-06T20:02:57.570Z INFO  - 664ed236fa43 Extracting 18MB / 36MB
2025-11-06T20:02:57.570Z INFO  - 664ed236fa43 Extracting 18MB / 36MB
2025-11-06T20:02:57.570Z INFO  - 664ed236fa43 Extracting 21MB / 36MB
2025-11-06T20:02:57.869Z INFO  - 664ed236fa43 Extracting 26MB / 36MB
2025-11-06T20:02:58.041Z INFO  - 664ed236fa43 Extracting 28MB / 36MB
2025-11-06T20:02:58.313Z INFO  - 664ed236fa43 Extracting 30MB / 36MB
2025-11-06T20:02:58.505Z INFO  - 664ed236fa43 Extracting 31MB / 36MB
2025-11-06T20:02:58.677Z INFO  - 664ed236fa43 Extracting 32MB / 36MB
2025-11-06T20:02:58.885Z INFO  - 664ed236fa43 Extracting 33MB / 36MB
2025-11-06T20:02:59.140Z INFO  - 664ed236fa43 Extracting 34MB / 36MB
2025-11-06T20:02:59.270Z INFO  - 664ed236fa43 Extracting 34MB / 36MB
2025-11-06T20:02:59.460Z INFO  - 664ed236fa43 Extracting 35MB / 36MB
2025-11-06T20:03:00.047Z INFO  - 664ed236fa43 Extracting 36MB / 36MB
2025-11-06T20:03:00.354Z INFO  - 664ed236fa43 Extracting 36MB / 36MB
2025-11-06T20:03:01.551Z INFO  - 664ed236fa43 Pull complete
2025-11-06T20:03:02.064Z INFO  - 3f299507e2f5 Extracting 768KB / 34MB
2025-11-06T20:03:02.235Z INFO  - 3f299507e2f5 Extracting 1MB / 34MB
2025-11-06T20:03:02.423Z INFO  - 3f299507e2f5 Extracting 2MB / 34MB
2025-11-06T20:03:02.969Z INFO  - 3f299507e2f5 Extracting 6MB / 34MB
2025-11-06T20:03:03.306Z INFO  - 3f299507e2f5 Extracting 7MB / 34MB
2025-11-06T20:03:03.466Z INFO  - 3f299507e2f5 Extracting 7MB / 34MB
2025-11-06T20:03:03.697Z INFO  - 3f299507e2f5 Extracting 8MB / 34MB
2025-11-06T20:03:04.012Z INFO  - 3f299507e2f5 Extracting 9MB / 34MB
2025-11-06T20:03:04.191Z INFO  - 3f299507e2f5 Extracting 10MB / 34MB
2025-11-06T20:03:04.432Z INFO  - 3f299507e2f5 Extracting 13MB / 34MB
2025-11-06T20:03:04.747Z INFO  - 3f299507e2f5 Extracting 15MB / 34MB
2025-11-06T20:03:04.969Z INFO  - 3f299507e2f5 Extracting 17MB / 34MB
2025-11-06T20:03:05.070Z INFO  - 3f299507e2f5 Extracting 19MB / 34MB
2025-11-06T20:03:05.300Z INFO  - 3f299507e2f5 Extracting 26MB / 34MB
2025-11-06T20:03:05.432Z INFO  - 3f299507e2f5 Extracting 28MB / 34MB
2025-11-06T20:03:05.642Z INFO  - 3f299507e2f5 Extracting 33MB / 34MB
2025-11-06T20:03:05.814Z INFO  - 3f299507e2f5 Extracting 34MB / 34MB
2025-11-06T20:03:06.641Z INFO  - 3f299507e2f5 Pull complete
2025-11-06T20:03:06.805Z INFO  - 76a2519634d6 Extracting 2MB / 5MB
2025-11-06T20:03:06.861Z INFO  - 76a2519634d6 Extracting 5MB / 5MB
2025-11-06T20:03:07.077Z INFO  - 76a2519634d6 Pull complete
2025-11-06T20:03:07.165Z INFO  - 7956d947f01f Extracting 544KB / 67MB
2025-11-06T20:03:08.090Z INFO  - 7956d947f01f Extracting 8MB / 67MB
2025-11-06T20:03:08.302Z INFO  - 7956d947f01f Extracting 10MB / 67MB
2025-11-06T20:03:08.471Z INFO  - 7956d947f01f Extracting 16MB / 67MB
2025-11-06T20:03:08.581Z INFO  - 7956d947f01f Extracting 17MB / 67MB
2025-11-06T20:03:09.280Z INFO  - 7956d947f01f Extracting 30MB / 67MB
2025-11-06T20:03:09.410Z INFO  - 7956d947f01f Extracting 32MB / 67MB
2025-11-06T20:03:09.691Z INFO  - 7956d947f01f Extracting 35MB / 67MB
2025-11-06T20:03:10.041Z INFO  - 7956d947f01f Extracting 35MB / 67MB
2025-11-06T20:03:10.186Z INFO  - 7956d947f01f Extracting 36MB / 67MB
2025-11-06T20:03:10.535Z INFO  - 7956d947f01f Extracting 40MB / 67MB
2025-11-06T20:03:10.673Z INFO  - 7956d947f01f Extracting 41MB / 67MB
2025-11-06T20:03:11.124Z INFO  - 7956d947f01f Extracting 43MB / 67MB
2025-11-06T20:03:11.256Z INFO  - 7956d947f01f Extracting 44MB / 67MB
2025-11-06T20:03:11.698Z INFO  - 7956d947f01f Extracting 46MB / 67MB
2025-11-06T20:03:11.878Z INFO  - 7956d947f01f Extracting 47MB / 67MB
2025-11-06T20:03:12.094Z INFO  - 7956d947f01f Extracting 48MB / 67MB
2025-11-06T20:03:12.462Z INFO  - 7956d947f01f Extracting 51MB / 67MB
2025-11-06T20:03:12.743Z INFO  - 7956d947f01f Extracting 53MB / 67MB
2025-11-06T20:03:13.034Z INFO  - 7956d947f01f Extracting 54MB / 67MB
2025-11-06T20:03:13.746Z INFO  - 7956d947f01f Extracting 64MB / 67MB
2025-11-06T20:03:13.987Z INFO  - 7956d947f01f Extracting 67MB / 67MB
2025-11-06T20:03:14.737Z INFO  - 7956d947f01f Pull complete
2025-11-06T20:03:14.756Z INFO  - 62872b7410ba Extracting 1KB / 1KB
2025-11-06T20:03:14.780Z INFO  - 62872b7410ba Extracting 1KB / 1KB
2025-11-06T20:03:14.880Z INFO  - 62872b7410ba Pull complete
2025-11-06T20:03:14.895Z INFO  - c0dc3cbdc92b Extracting 1KB / 1KB
2025-11-06T20:03:14.929Z INFO  - c0dc3cbdc92b Extracting 1KB / 1KB
2025-11-06T20:03:15.041Z INFO  - c0dc3cbdc92b Pull complete
2025-11-06T20:03:15.202Z INFO  - 7de94249b1df Extracting 3KB / 3KB
2025-11-06T20:03:15.243Z INFO  - 7de94249b1df Extracting 3KB / 3KB
2025-11-06T20:03:15.348Z INFO  - 7de94249b1df Pull complete
2025-11-06T20:03:15.372Z INFO  - e440350660ad Extracting 133B / 133B
2025-11-06T20:03:15.405Z INFO  - e440350660ad Extracting 133B / 133B
2025-11-06T20:03:15.503Z INFO  - e440350660ad Pull complete
2025-11-06T20:03:15.516Z INFO  - 6650c3572958 Extracting 271B / 271B
2025-11-06T20:03:15.545Z INFO  - 6650c3572958 Extracting 271B / 271B
2025-11-06T20:03:15.663Z INFO  - 6650c3572958 Pull complete
2025-11-06T20:03:15.685Z INFO  - dc32e5f90448 Extracting 272B / 272B
2025-11-06T20:03:15.726Z INFO  - dc32e5f90448 Extracting 272B / 272B
2025-11-06T20:03:15.831Z INFO  - dc32e5f90448 Pull complete
2025-11-06T20:03:15.848Z INFO  - 5ea4195d0862 Extracting 834B / 834B
2025-11-06T20:03:15.878Z INFO  - 5ea4195d0862 Extracting 834B / 834B
2025-11-06T20:03:15.997Z INFO  - 5ea4195d0862 Pull complete
2025-11-06T20:03:16.013Z INFO  - 4764cb3d71f9 Extracting 125B / 125B
2025-11-06T20:03:16.050Z INFO  - 4764cb3d71f9 Extracting 125B / 125B
2025-11-06T20:03:16.137Z INFO  - 4764cb3d71f9 Pull complete
2025-11-06T20:03:16.157Z INFO  - 480be7cd47a2 Extracting 419B / 419B
2025-11-06T20:03:16.209Z INFO  - 480be7cd47a2 Extracting 419B / 419B
2025-11-06T20:03:16.314Z INFO  - 480be7cd47a2 Pull complete
2025-11-06T20:03:16.329Z INFO  - 2a27bfcc7652 Extracting 1KB / 1KB
2025-11-06T20:03:16.369Z INFO  - 2a27bfcc7652 Extracting 1KB / 1KB
2025-11-06T20:03:16.443Z INFO  - 2a27bfcc7652 Pull complete
2025-11-06T20:03:16.457Z INFO  - 6d5e47e637ca Extracting 1KB / 1KB
2025-11-06T20:03:16.501Z INFO  - 6d5e47e637ca Extracting 1KB / 1KB
2025-11-06T20:03:16.603Z INFO  - 6d5e47e637ca Pull complete
2025-11-06T20:03:16.629Z INFO  - 1765a8a8fd90 Extracting 2KB / 2KB
2025-11-06T20:03:16.660Z INFO  - 1765a8a8fd90 Extracting 2KB / 2KB
2025-11-06T20:03:16.751Z INFO  - 1765a8a8fd90 Pull complete
2025-11-06T20:03:16.777Z INFO  - 903ed9300fd3 Extracting 121B / 121B
2025-11-06T20:03:16.797Z INFO  - 903ed9300fd3 Extracting 121B / 121B
2025-11-06T20:03:16.938Z INFO  - 903ed9300fd3 Pull complete
2025-11-06T20:03:16.950Z INFO  - 8990a9553ea8 Extracting 1KB / 1KB
2025-11-06T20:03:16.984Z INFO  - 8990a9553ea8 Extracting 1KB / 1KB
2025-11-06T20:03:17.101Z INFO  - 8990a9553ea8 Pull complete
2025-11-06T20:03:17.116Z INFO  - e5f2fabe5297 Extracting 1KB / 1KB
2025-11-06T20:03:17.162Z INFO  - e5f2fabe5297 Extracting 1KB / 1KB
2025-11-06T20:03:17.277Z INFO  - e5f2fabe5297 Pull complete
2025-11-06T20:03:17.290Z INFO  - b9dba626bb23 Extracting 354B / 354B
2025-11-06T20:03:17.321Z INFO  - b9dba626bb23 Extracting 354B / 354B
2025-11-06T20:03:17.418Z INFO  - b9dba626bb23 Pull complete
2025-11-06T20:03:17.445Z INFO  - 8ded8ea8fe6c Extracting 841B / 841B
2025-11-06T20:03:17.477Z INFO  - 8ded8ea8fe6c Extracting 841B / 841B
2025-11-06T20:03:17.587Z INFO  - 8ded8ea8fe6c Pull complete
2025-11-06T20:03:17.603Z INFO  - 682d65f4d5f8 Extracting 138B / 138B
2025-11-06T20:03:17.629Z INFO  - 682d65f4d5f8 Extracting 138B / 138B
2025-11-06T20:03:18.217Z INFO  - 682d65f4d5f8 Pull complete
2025-11-06T20:03:18.232Z INFO  - e3c528d96469 Extracting 2KB / 2KB
2025-11-06T20:03:18.274Z INFO  - e3c528d96469 Extracting 2KB / 2KB
2025-11-06T20:03:18.485Z INFO  - e3c528d96469 Pull complete
2025-11-06T20:03:18.522Z INFO  - 6133aab1ec92 Extracting 143B / 143B
2025-11-06T20:03:18.636Z INFO  - 6133aab1ec92 Extracting 143B / 143B
2025-11-06T20:03:18.743Z INFO  - 6133aab1ec92 Pull complete
2025-11-06T20:03:18.755Z INFO  - 5f03dbe156d2 Extracting 11KB / 11KB
2025-11-06T20:03:18.806Z INFO  - 5f03dbe156d2 Extracting 11KB / 11KB
2025-11-06T20:03:18.932Z INFO  - 5f03dbe156d2 Pull complete
2025-11-06T20:03:19.096Z INFO  - 16c29f26cb1b Extracting 384KB / 4MB
2025-11-06T20:03:19.196Z INFO  - 16c29f26cb1b Extracting 1MB / 4MB
2025-11-06T20:03:19.297Z INFO  - 16c29f26cb1b Extracting 1MB / 4MB
2025-11-06T20:03:19.428Z INFO  - 16c29f26cb1b Extracting 2MB / 4MB
2025-11-06T20:03:19.595Z INFO  - 16c29f26cb1b Extracting 4MB / 4MB
2025-11-06T20:03:19.860Z INFO  - 16c29f26cb1b Pull complete
2025-11-06T20:03:19.892Z INFO  - 2c6c5c586573 Extracting 16KB / 16KB
2025-11-06T20:03:19.921Z INFO  - 2c6c5c586573 Extracting 16KB / 16KB
2025-11-06T20:03:20.033Z INFO  - 2c6c5c586573 Pull complete
2025-11-06T20:03:20.045Z INFO  - 85f46a3b3a59 Extracting 1KB / 1KB
2025-11-06T20:03:20.090Z INFO  - 85f46a3b3a59 Extracting 1KB / 1KB
2025-11-06T20:03:20.191Z INFO  - 85f46a3b3a59 Pull complete
2025-11-06T20:03:20.221Z INFO  -  Digest: sha256:40d17d8611cb7357bb00a6123e4d537b67581b784af8a79ae33c76e90834ed54
2025-11-06T20:03:20.253Z INFO  -  Status: Downloaded newer image for mcr.microsoft.com/appsvc/python:3.10_20251017.5.tuxprod
2025-11-06T20:03:20.390Z INFO  - Pull Image successful, Time taken: 93 Seconds
2025-11-06T20:03:21.742Z INFO  - Starting container for site
2025-11-06T20:03:21.742Z INFO  - docker run -d --expose=8000 --name udacitycms_0_15c14595 -e WEBSITE_USE_DIAGNOSTIC_SERVER=false -e WEBSITE_SITE_NAME=udacitycms -e WEBSITE_AUTH_ENABLED=False -e WEBSITE_ROLE_INSTANCE_ID=0 -e WEBSITE_HOSTNAME=udacitycms-hsggc0fbb9cpfyav.canadacentral-01.azurewebsites.net -e WEBSITE_INSTANCE_ID=8b0ed3a3c940bdd1ba4f195fc5a5d840c1c4311a825c69e6ceb63aace03ae840 appsvc/python:3.10_20251017.5.tuxprod 
2025-11-06T20:03:21.742Z INFO  - Logging is not enabled for this container.
Please use https://aka.ms/linux-diagnostics to enable logging to see container logs here.
2025-11-06T20:03:24.076Z INFO  - Initiating warmup request to container udacitycms_0_15c14595 for site udacitycms
2025-11-06T20:03:37.494Z ERROR - Container udacitycms_0_15c14595 for site udacitycms has exited, failing site start
2025-11-06T20:03:37.533Z ERROR - Container udacitycms_0_15c14595 didn't respond to HTTP pings on port: 8000. Failing site start. See container logs for debugging.
2025-11-06T20:03:37.590Z INFO  - Stopping site udacitycms because it failed during startup.
2025-11-06T20:03:47.073Z ERROR - DockerApiException: Docker API responded with status code=NotFound, response={"message":"manifest for 10.1.0.5:13209/appsvc/python:3.10_20251017.5.tuxprod not found: manifest unknown: manifest unknown"}

2025-11-06T20:03:47.408Z ERROR - DockerApiException: Docker API responded with status code=NotFound, response={"message":"manifest for 10.1.0.4:13209/appsvc/python:3.10_20251017.5.tuxprod not found: manifest unknown: manifest unknown"}

2025-11-06T20:03:47.593Z INFO  - 3.10_20251017.5.tuxprod Pulling from appsvc/python
2025-11-06T20:03:47.600Z INFO  -  Digest: sha256:40d17d8611cb7357bb00a6123e4d537b67581b784af8a79ae33c76e90834ed54
2025-11-06T20:03:47.600Z INFO  -  Status: Image is up to date for mcr.microsoft.com/appsvc/python:3.10_20251017.5.tuxprod
2025-11-06T20:03:47.609Z INFO  - Pull Image successful, Time taken: 0 Seconds
2025-11-06T20:03:48.482Z INFO  - Starting container for site
2025-11-06T20:03:48.482Z INFO  - docker run -d --expose=8000 --name udacitycms_0_337b0498 -e WEBSITE_USE_DIAGNOSTIC_SERVER=false -e WEBSITE_SITE_NAME=udacitycms -e WEBSITE_AUTH_ENABLED=False -e WEBSITE_ROLE_INSTANCE_ID=0 -e WEBSITE_HOSTNAME=udacitycms-hsggc0fbb9cpfyav.canadacentral-01.azurewebsites.net -e WEBSITE_INSTANCE_ID=8b0ed3a3c940bdd1ba4f195fc5a5d840c1c4311a825c69e6ceb63aace03ae840 appsvc/python:3.10_20251017.5.tuxprod 
2025-11-06T20:03:48.482Z INFO  - Logging is not enabled for this container.
Please use https://aka.ms/linux-diagnostics to enable logging to see container logs here.
2025-11-06T20:03:50.183Z INFO  - Initiating warmup request to container udacitycms_0_337b0498 for site udacitycms
2025-11-06T20:04:00.859Z ERROR - Container udacitycms_0_337b0498 for site udacitycms has exited, failing site start
2025-11-06T20:04:00.869Z ERROR - Container udacitycms_0_337b0498 didn't respond to HTTP pings on port: 8000. Failing site start. See container logs for debugging.
2025-11-06T20:04:00.873Z INFO  - Stopping site udacitycms because it failed during startup.
2025-11-06T20:04:13.198Z ERROR - DockerApiException: Docker API responded with status code=NotFound, response={"message":"manifest for 10.1.0.5:13209/appsvc/python:3.10_20251017.5.tuxprod not found: manifest unknown: manifest unknown"}

2025-11-06T20:04:13.574Z ERROR - DockerApiException: Docker API responded with status code=NotFound, response={"message":"manifest for 10.1.0.4:13209/appsvc/python:3.10_20251017.5.tuxprod not found: manifest unknown: manifest unknown"}

2025-11-06T20:04:15.041Z INFO  - 3.10_20251017.5.tuxprod Pulling from appsvc/python
2025-11-06T20:04:15.047Z INFO  -  Digest: sha256:40d17d8611cb7357bb00a6123e4d537b67581b784af8a79ae33c76e90834ed54
2025-11-06T20:04:15.048Z INFO  -  Status: Image is up to date for mcr.microsoft.com/appsvc/python:3.10_20251017.5.tuxprod
2025-11-06T20:04:15.145Z INFO  - Pull Image successful, Time taken: 1 Seconds
2025-11-06T20:04:15.629Z INFO  - Starting container for site
2025-11-06T20:04:15.631Z INFO  - docker run -d --expose=8000 --name udacitycms_0_092b9037 -e WEBSITE_USE_DIAGNOSTIC_SERVER=false -e WEBSITE_SITE_NAME=udacitycms -e WEBSITE_AUTH_ENABLED=False -e WEBSITE_ROLE_INSTANCE_ID=0 -e WEBSITE_HOSTNAME=udacitycms-hsggc0fbb9cpfyav.canadacentral-01.azurewebsites.net -e WEBSITE_INSTANCE_ID=8b0ed3a3c940bdd1ba4f195fc5a5d840c1c4311a825c69e6ceb63aace03ae840 appsvc/python:3.10_20251017.5.tuxprod 
2025-11-06T20:04:15.632Z INFO  - Logging is not enabled for this container.
Please use https://aka.ms/linux-diagnostics to enable logging to see container logs here.
2025-11-06T20:04:17.927Z INFO  - Initiating warmup request to container udacitycms_0_092b9037 for site udacitycms
2025-11-06T20:04:35.269Z ERROR - Container udacitycms_0_092b9037 for site udacitycms has exited, failing site start
2025-11-06T20:04:35.282Z ERROR - Container udacitycms_0_092b9037 didn't respond to HTTP pings on port: 8000. Failing site start. See container logs for debugging.
2025-11-06T20:04:35.302Z INFO  - Stopping site udacitycms because it failed during startup.
2025-11-06T20:04:46.184Z ERROR - DockerApiException: Docker API responded with status code=NotFound, response={"message":"manifest for 10.1.0.5:13209/appsvc/python:3.10_20251017.5.tuxprod not found: manifest unknown: manifest unknown"}

2025-11-06T20:04:47.030Z ERROR - DockerApiException: Docker API responded with status code=NotFound, response={"message":"manifest for 10.1.0.4:13209/appsvc/python:3.10_20251017.5.tuxprod not found: manifest unknown: manifest unknown"}

2025-11-06T20:04:47.389Z INFO  - 3.10_20251017.5.tuxprod Pulling from appsvc/python
2025-11-06T20:04:47.393Z INFO  -  Digest: sha256:40d17d8611cb7357bb00a6123e4d537b67581b784af8a79ae33c76e90834ed54
2025-11-06T20:04:47.393Z INFO  -  Status: Image is up to date for mcr.microsoft.com/appsvc/python:3.10_20251017.5.tuxprod
2025-11-06T20:04:47.404Z INFO  - Pull Image successful, Time taken: 0 Seconds
2025-11-06T20:04:47.841Z INFO  - Starting container for site
2025-11-06T20:04:47.841Z INFO  - docker run -d --expose=8000 --name udacitycms_0_571b87c0 -e WEBSITE_USE_DIAGNOSTIC_SERVER=false -e WEBSITE_SITE_NAME=udacitycms -e WEBSITE_AUTH_ENABLED=False -e WEBSITE_ROLE_INSTANCE_ID=0 -e WEBSITE_HOSTNAME=udacitycms-hsggc0fbb9cpfyav.canadacentral-01.azurewebsites.net -e WEBSITE_INSTANCE_ID=8b0ed3a3c940bdd1ba4f195fc5a5d840c1c4311a825c69e6ceb63aace03ae840 appsvc/python:3.10_20251017.5.tuxprod 
2025-11-06T20:04:47.841Z INFO  - Logging is not enabled for this container.
Please use https://aka.ms/linux-diagnostics to enable logging to see container logs here.
2025-11-06T20:04:50.940Z INFO  - Initiating warmup request to container udacitycms_0_571b87c0 for site udacitycms
2025-11-06T20:05:06.619Z INFO  - Waiting for response to warmup request for container udacitycms_0_571b87c0. Elapsed time = 15.6786833 sec
2025-11-06T20:05:13.463Z ERROR - Container udacitycms_0_571b87c0 for site udacitycms has exited, failing site start
2025-11-06T20:05:13.483Z ERROR - Container udacitycms_0_571b87c0 didn't respond to HTTP pings on port: 8000. Failing site start. See container logs for debugging.
2025-11-06T20:05:13.498Z INFO  - Stopping site udacitycms because it failed during startup.
2025-11-06T20:07:21.082Z ERROR - DockerApiException: Docker API responded with status code=NotFound, response={"message":"manifest for 10.1.0.5:13209/appsvc/python:3.10_20251017.5.tuxprod not found: manifest unknown: manifest unknown"}

2025-11-06T20:07:21.686Z ERROR - DockerApiException: Docker API responded with status code=NotFound, response={"message":"manifest for 10.1.0.4:13209/appsvc/python:3.10_20251017.5.tuxprod not found: manifest unknown: manifest unknown"}

2025-11-06T20:07:23.488Z INFO  - 3.10_20251017.5.tuxprod Pulling from appsvc/python
2025-11-06T20:07:23.518Z INFO  -  Digest: sha256:40d17d8611cb7357bb00a6123e4d537b67581b784af8a79ae33c76e90834ed54
2025-11-06T20:07:23.539Z INFO  -  Status: Image is up to date for mcr.microsoft.com/appsvc/python:3.10_20251017.5.tuxprod
2025-11-06T20:07:23.771Z INFO  - Pull Image successful, Time taken: 1 Seconds
2025-11-06T20:07:25.134Z INFO  - Starting container for site
2025-11-06T20:07:25.138Z INFO  - docker run -d --expose=8000 --name udacitycms_0_09ffa3f4 -e WEBSITE_USE_DIAGNOSTIC_SERVER=false -e WEBSITE_SITE_NAME=udacitycms -e WEBSITE_AUTH_ENABLED=False -e WEBSITE_ROLE_INSTANCE_ID=0 -e WEBSITE_HOSTNAME=udacitycms-hsggc0fbb9cpfyav.canadacentral-01.azurewebsites.net -e WEBSITE_INSTANCE_ID=8b0ed3a3c940bdd1ba4f195fc5a5d840c1c4311a825c69e6ceb63aace03ae840 appsvc/python:3.10_20251017.5.tuxprod 
2025-11-06T20:07:25.160Z INFO  - Logging is not enabled for this container.
Please use https://aka.ms/linux-diagnostics to enable logging to see container logs here.
2025-11-06T20:07:39.829Z INFO  - Initiating warmup request to container udacitycms_0_09ffa3f4 for site udacitycms
2025-11-06T20:07:57.472Z INFO  - Waiting for response to warmup request for container udacitycms_0_09ffa3f4. Elapsed time = 17.0731388 sec
2025-11-06T20:08:02.723Z ERROR - Container udacitycms_0_09ffa3f4 for site udacitycms has exited, failing site start
2025-11-06T20:08:02.740Z ERROR - Container udacitycms_0_09ffa3f4 didn't respond to HTTP pings on port: 8000. Failing site start. See container logs for debugging.
2025-11-06T20:08:02.872Z INFO  - Stopping site udacitycms because it failed during startup.
2025-11-06T20:10:22.463Z ERROR - DockerApiException: Docker API responded with status code=NotFound, response={"message":"manifest for 10.1.0.4:13209/appsvc/python:3.10_20251017.5.tuxprod not found: manifest unknown: manifest unknown"}

2025-11-06T20:10:25.373Z ERROR - DockerApiException: Docker API responded with status code=NotFound, response={"message":"manifest for 10.1.0.5:13209/appsvc/python:3.10_20251017.5.tuxprod not found: manifest unknown: manifest unknown"}

2025-11-06T20:10:25.518Z INFO  - 3.10_20251017.5.tuxprod Pulling from appsvc/python
2025-11-06T20:10:25.522Z INFO  -  Digest: sha256:40d17d8611cb7357bb00a6123e4d537b67581b784af8a79ae33c76e90834ed54
2025-11-06T20:10:25.522Z INFO  -  Status: Image is up to date for mcr.microsoft.com/appsvc/python:3.10_20251017.5.tuxprod
2025-11-06T20:10:25.534Z INFO  - Pull Image successful, Time taken: 0 Seconds
2025-11-06T20:10:25.586Z INFO  - Starting container for site
2025-11-06T20:10:25.586Z INFO  - docker run -d --expose=8000 --name udacitycms_0_83a025a8 -e WEBSITE_USE_DIAGNOSTIC_SERVER=false -e WEBSITE_SITE_NAME=udacitycms -e WEBSITE_AUTH_ENABLED=False -e WEBSITE_ROLE_INSTANCE_ID=0 -e WEBSITE_HOSTNAME=udacitycms-hsggc0fbb9cpfyav.canadacentral-01.azurewebsites.net -e WEBSITE_INSTANCE_ID=8b0ed3a3c940bdd1ba4f195fc5a5d840c1c4311a825c69e6ceb63aace03ae840 appsvc/python:3.10_20251017.5.tuxprod 
2025-11-06T20:10:25.586Z INFO  - Logging is not enabled for this container.
Please use https://aka.ms/linux-diagnostics to enable logging to see container logs here.
2025-11-06T20:10:27.532Z INFO  - Initiating warmup request to container udacitycms_0_83a025a8 for site udacitycms
2025-11-06T20:10:44.391Z ERROR - Container udacitycms_0_83a025a8 for site udacitycms has exited, failing site start
2025-11-06T20:10:44.411Z ERROR - Container udacitycms_0_83a025a8 didn't respond to HTTP pings on port: 8000. Failing site start. See container logs for debugging.
2025-11-06T20:10:44.438Z INFO  - Stopping site udacitycms because it failed during startup.
2025-11-06T20:14:33.729Z ERROR - DockerApiException: Docker API responded with status code=NotFound, response={"message":"manifest for 10.1.0.5:13209/appsvc/python:3.10_20251017.5.tuxprod not found: manifest unknown: manifest unknown"}

2025-11-06T20:14:34.045Z ERROR - DockerApiException: Docker API responded with status code=NotFound, response={"message":"manifest for 10.1.0.4:13209/appsvc/python:3.10_20251017.5.tuxprod not found: manifest unknown: manifest unknown"}

2025-11-06T20:14:34.269Z INFO  - 3.10_20251017.5.tuxprod Pulling from appsvc/python
2025-11-06T20:14:34.275Z INFO  -  Digest: sha256:40d17d8611cb7357bb00a6123e4d537b67581b784af8a79ae33c76e90834ed54
2025-11-06T20:14:34.277Z INFO  -  Status: Image is up to date for mcr.microsoft.com/appsvc/python:3.10_20251017.5.tuxprod
2025-11-06T20:14:34.290Z INFO  - Pull Image successful, Time taken: 0 Seconds
2025-11-06T20:14:34.359Z INFO  - Starting container for site
2025-11-06T20:14:34.360Z INFO  - docker run -d --expose=8000 --name udacitycms_0_c8945f59 -e WEBSITE_USE_DIAGNOSTIC_SERVER=false -e WEBSITE_SITE_NAME=udacitycms -e WEBSITE_AUTH_ENABLED=False -e WEBSITE_ROLE_INSTANCE_ID=0 -e WEBSITE_HOSTNAME=udacitycms-hsggc0fbb9cpfyav.canadacentral-01.azurewebsites.net -e WEBSITE_INSTANCE_ID=8b0ed3a3c940bdd1ba4f195fc5a5d840c1c4311a825c69e6ceb63aace03ae840 appsvc/python:3.10_20251017.5.tuxprod REDACTED
2025-11-06T20:14:34.361Z INFO  - Logging is not enabled for this container.
Please use https://aka.ms/linux-diagnostics to enable logging to see container logs here.
2025-11-06T20:14:36.775Z INFO  - Initiating warmup request to container udacitycms_0_c8945f59 for site udacitycms
2025-11-06T20:14:49.983Z ERROR - Container udacitycms_0_c8945f59 for site udacitycms has exited, failing site start
2025-11-06T20:14:50.119Z ERROR - Container udacitycms_0_c8945f59 didn't respond to HTTP pings on port: 8000. Failing site start. See container logs for debugging.
2025-11-06T20:14:50.970Z INFO  - Stopping site udacitycms because it failed during startup.
2025-11-06T20:20:28.261Z ERROR - DockerApiException: Docker API responded with status code=NotFound, response={"message":"manifest for 10.1.0.5:13209/appsvc/python:3.10_20251017.5.tuxprod not found: manifest unknown: manifest unknown"}

2025-11-06T20:20:28.685Z ERROR - DockerApiException: Docker API responded with status code=NotFound, response={"message":"manifest for 10.1.0.4:13209/appsvc/python:3.10_20251017.5.tuxprod not found: manifest unknown: manifest unknown"}

2025-11-06T20:20:28.825Z INFO  - 3.10_20251017.5.tuxprod Pulling from appsvc/python
2025-11-06T20:20:28.838Z INFO  -  Digest: sha256:40d17d8611cb7357bb00a6123e4d537b67581b784af8a79ae33c76e90834ed54
2025-11-06T20:20:28.838Z INFO  -  Status: Image is up to date for mcr.microsoft.com/appsvc/python:3.10_20251017.5.tuxprod
2025-11-06T20:20:28.846Z INFO  - Pull Image successful, Time taken: 0 Seconds
2025-11-06T20:20:29.736Z INFO  - Starting container for site
2025-11-06T20:20:29.736Z INFO  - docker run -d --expose=8000 --name udacitycms_0_1d8e9603 -e WEBSITE_USE_DIAGNOSTIC_SERVER=false -e WEBSITE_SITE_NAME=udacitycms -e WEBSITE_AUTH_ENABLED=False -e WEBSITE_ROLE_INSTANCE_ID=0 -e WEBSITE_HOSTNAME=udacitycms-hsggc0fbb9cpfyav.canadacentral-01.azurewebsites.net -e WEBSITE_INSTANCE_ID=8b0ed3a3c940bdd1ba4f195fc5a5d840c1c4311a825c69e6ceb63aace03ae840 appsvc/python:3.10_20251017.5.tuxprod REDACTED
2025-11-06T20:20:29.736Z INFO  - Logging is not enabled for this container.
Please use https://aka.ms/linux-diagnostics to enable logging to see container logs here.
2025-11-06T20:20:31.978Z INFO  - Initiating warmup request to container udacitycms_0_1d8e9603 for site udacitycms
2025-11-06T20:20:47.548Z ERROR - Container udacitycms_0_1d8e9603 for site udacitycms has exited, failing site start
2025-11-06T20:20:47.563Z ERROR - Container udacitycms_0_1d8e9603 didn't respond to HTTP pings on port: 8000. Failing site start. See container logs for debugging.
2025-11-06T20:20:47.569Z INFO  - Stopping site udacitycms because it failed during startup.
2025-11-06T20:26:50.810Z ERROR - DockerApiException: Docker API responded with status code=NotFound, response={"message":"manifest for 10.1.0.5:13209/appsvc/python:3.10_20251017.5.tuxprod not found: manifest unknown: manifest unknown"}

2025-11-06T20:26:51.210Z ERROR - DockerApiException: Docker API responded with status code=NotFound, response={"message":"manifest for 10.1.0.4:13209/appsvc/python:3.10_20251017.5.tuxprod not found: manifest unknown: manifest unknown"}

2025-11-06T20:26:51.442Z INFO  - 3.10_20251017.5.tuxprod Pulling from appsvc/python
2025-11-06T20:26:51.450Z INFO  -  Digest: sha256:40d17d8611cb7357bb00a6123e4d537b67581b784af8a79ae33c76e90834ed54
2025-11-06T20:26:51.451Z INFO  -  Status: Image is up to date for mcr.microsoft.com/appsvc/python:3.10_20251017.5.tuxprod
2025-11-06T20:26:51.461Z INFO  - Pull Image successful, Time taken: 0 Seconds
2025-11-06T20:26:51.650Z INFO  - Starting container for site
2025-11-06T20:26:51.651Z INFO  - docker run -d --expose=8000 --name udacitycms_0_0cf08d5b -e WEBSITE_USE_DIAGNOSTIC_SERVER=false -e WEBSITE_SITE_NAME=udacitycms -e WEBSITE_AUTH_ENABLED=False -e WEBSITE_ROLE_INSTANCE_ID=0 -e WEBSITE_HOSTNAME=udacitycms-hsggc0fbb9cpfyav.canadacentral-01.azurewebsites.net -e WEBSITE_INSTANCE_ID=8b0ed3a3c940bdd1ba4f195fc5a5d840c1c4311a825c69e6ceb63aace03ae840 appsvc/python:3.10_20251017.5.tuxprod REDACTED
2025-11-06T20:26:51.652Z INFO  - Logging is not enabled for this container.
Please use https://aka.ms/linux-diagnostics to enable logging to see container logs here.
2025-11-06T20:26:54.356Z INFO  - Initiating warmup request to container udacitycms_0_0cf08d5b for site udacitycms
2025-11-06T20:27:07.783Z INFO  - Container udacitycms_0_0cf08d5b for site udacitycms initialized successfully and is ready to serve requests.
2025-11-06T20:27:25.133Z ERROR - DockerApiException: Docker API responded with status code=NotFound, response={"message":"manifest for 10.1.0.4:13209/appsvc/python:3.10_20251017.5.tuxprod not found: manifest unknown: manifest unknown"}

2025-11-06T20:27:26.565Z ERROR - DockerApiException: Docker API responded with status code=NotFound, response={"message":"manifest for 10.1.0.5:13209/appsvc/python:3.10_20251017.5.tuxprod not found: manifest unknown: manifest unknown"}

2025-11-06T20:27:33.132Z INFO  - 3.10_20251017.5.tuxprod Pulling from appsvc/python
2025-11-06T20:27:33.243Z INFO  -  Digest: sha256:40d17d8611cb7357bb00a6123e4d537b67581b784af8a79ae33c76e90834ed54
2025-11-06T20:27:33.243Z INFO  -  Status: Image is up to date for mcr.microsoft.com/appsvc/python:3.10_20251017.5.tuxprod
2025-11-06T20:27:33.451Z INFO  - Pull Image successful, Time taken: 6 Seconds
2025-11-06T20:27:36.483Z INFO  - Starting container for site
2025-11-06T20:27:36.483Z INFO  - docker run -d --expose=8000 --name udacitycms_1_fe579cfa -e WEBSITE_USE_DIAGNOSTIC_SERVER=false -e WEBSITE_SITE_NAME=udacitycms -e WEBSITE_AUTH_ENABLED=False -e WEBSITE_ROLE_INSTANCE_ID=0 -e WEBSITE_HOSTNAME=udacitycms-hsggc0fbb9cpfyav.canadacentral-01.azurewebsites.net -e WEBSITE_INSTANCE_ID=8b0ed3a3c940bdd1ba4f195fc5a5d840c1c4311a825c69e6ceb63aace03ae840 appsvc/python:3.10_20251017.5.tuxprod REDACTED
2025-11-06T20:27:36.483Z INFO  - Logging is not enabled for this container.
Please use https://aka.ms/linux-diagnostics to enable logging to see container logs here.
2025-11-06T20:27:44.105Z INFO  - Initiating warmup request to container udacitycms_1_fe579cfa for site udacitycms
2025-11-06T20:27:59.903Z INFO  - Waiting for response to warmup request for container udacitycms_1_fe579cfa. Elapsed time = 15.7978739 sec
2025-11-06T20:28:16.003Z INFO  - Container udacitycms_1_fe579cfa for site udacitycms initialized successfully and is ready to serve requests.
2025-11-06T20:29:29.4148320Z Container start method called.
2025-11-06T20:29:29.4199028Z Establishing network.
2025-11-06T20:29:29.4206687Z Pulling image: appsvc/python:3.10_20251017.5.tuxprod.
2025-11-06T20:29:32.3943764Z Container is starting.
2025-11-06T20:29:32.3947393Z Establishing user namespace if not established already.
2025-11-06T20:29:32.3948957Z Establishing network if not established already.
2025-11-06T20:29:32.3950290Z Mounting volumes.
2025-11-06T20:29:32.4067662Z Nested mountpoint 
2025-11-06T20:29:32.4171304Z Nested mountpoint volatile/logs
2025-11-06T20:29:32.4199321Z Nested mountpoint 
2025-11-06T20:29:32.4275605Z Nested mountpoint 
2025-11-06T20:29:32.4293489Z Nested mountpoint 
2025-11-06T20:29:32.6835099Z Creating container.
2025-11-06T20:29:32.6836208Z Creating pipes for streaming container io.
2025-11-06T20:29:32.6837300Z Creating stdout named pipe at /podr/container/pipe/bbad4619779f_udacitycms/stdout_99070fb1528f4e8a94553c0b57b3cf4e.
2025-11-06T20:29:32.6859946Z Successfully created stdout named pipe at: /podr/container/pipe/bbad4619779f_udacitycms/stdout_99070fb1528f4e8a94553c0b57b3cf4e.
2025-11-06T20:29:32.6867713Z Opening named pipe /podr/container/pipe/bbad4619779f_udacitycms/stdout_99070fb1528f4e8a94553c0b57b3cf4e for reading in non-blocking mode.
2025-11-06T20:29:32.6869117Z Successfully opened named pipe: /podr/container/pipe/bbad4619779f_udacitycms/stdout_99070fb1528f4e8a94553c0b57b3cf4e.
2025-11-06T20:29:32.6886277Z Successfully removed non-blocking flag from /podr/container/pipe/bbad4619779f_udacitycms/stdout_99070fb1528f4e8a94553c0b57b3cf4e.
2025-11-06T20:29:32.6889041Z Creating stderr named pipe at /podr/container/pipe/bbad4619779f_udacitycms/stderr_4675fce1e5bf42d89a9f6a3c5738e818.
2025-11-06T20:29:32.6891232Z Successfully created stderr named pipe at: /podr/container/pipe/bbad4619779f_udacitycms/stderr_4675fce1e5bf42d89a9f6a3c5738e818.
2025-11-06T20:29:32.6893062Z Opening named pipe /podr/container/pipe/bbad4619779f_udacitycms/stderr_4675fce1e5bf42d89a9f6a3c5738e818 for reading in non-blocking mode.
2025-11-06T20:29:32.6898734Z Successfully opened named pipe: /podr/container/pipe/bbad4619779f_udacitycms/stderr_4675fce1e5bf42d89a9f6a3c5738e818.
2025-11-06T20:29:32.6910303Z Successfully removed non-blocking flag from /podr/container/pipe/bbad4619779f_udacitycms/stderr_4675fce1e5bf42d89a9f6a3c5738e818.
2025-11-06T20:29:32.6940872Z Creating container with image: appsvc/python:3.10_20251017.5.tuxprod from registry: mcr.microsoft.com and fully qualified image name: mcr.microsoft.com/appsvc/python:3.10_20251017.5.tuxprod
2025-11-06T20:29:33.6066251Z Starting container: bbad4619779f_udacitycms.
2025-11-06T20:29:33.9029812Z Starting watchers and probes.
2025-11-06T20:29:33.9091342Z Starting metrics collection.
2025-11-06T20:29:33.9101035Z Container is running.
2025-11-06T20:29:33.9779069Z Container start method finished after 4560 ms.
2025-11-06T20:29:46.5140627Z Site startup probe succeeded after 12.5169868 seconds.
2025-11-06T20:29:46.7194540Z Site is running with deployment version: aeb320a2-d2b1-4f42-822b-cafe6996a163
2025-11-06T20:29:46.7239791Z Site started.
2025-11-06T20:29:46.7592644Z Site is running with patch version PYTHON 3.10.19
2025-11-06T20:34:51.0769361Z Container start method called.
2025-11-06T20:34:51.0780158Z Establishing network.
2025-11-06T20:34:51.0782106Z Pulling image: appsvc/python:3.10_20251017.5.tuxprod.
2025-11-06T20:34:56.6501226Z Container is starting.
2025-11-06T20:34:56.6506051Z Establishing user namespace if not established already.
2025-11-06T20:34:56.6507243Z Establishing network if not established already.
2025-11-06T20:34:56.6508245Z Mounting volumes.
2025-11-06T20:34:56.6509907Z Nested mountpoint 
2025-11-06T20:34:56.6797288Z Nested mountpoint volatile/logs
2025-11-06T20:34:56.6976644Z Nested mountpoint 
2025-11-06T20:34:56.7361631Z Nested mountpoint 
2025-11-06T20:34:56.7398480Z Nested mountpoint 
2025-11-06T20:34:57.1611565Z Creating container.
2025-11-06T20:34:57.1614312Z Creating pipes for streaming container io.
2025-11-06T20:34:57.1615910Z Creating stdout named pipe at /podr/container/pipe/85914675792c_udacitycms/stdout_6dc6eec8508c466d943061ad1eb3af79.
2025-11-06T20:34:57.1618977Z Successfully created stdout named pipe at: /podr/container/pipe/85914675792c_udacitycms/stdout_6dc6eec8508c466d943061ad1eb3af79.
2025-11-06T20:34:57.1620355Z Opening named pipe /podr/container/pipe/85914675792c_udacitycms/stdout_6dc6eec8508c466d943061ad1eb3af79 for reading in non-blocking mode.
2025-11-06T20:34:57.1622691Z Successfully opened named pipe: /podr/container/pipe/85914675792c_udacitycms/stdout_6dc6eec8508c466d943061ad1eb3af79.
2025-11-06T20:34:57.1691542Z Successfully removed non-blocking flag from /podr/container/pipe/85914675792c_udacitycms/stdout_6dc6eec8508c466d943061ad1eb3af79.
2025-11-06T20:34:57.1702781Z Creating stderr named pipe at /podr/container/pipe/85914675792c_udacitycms/stderr_6a84cfdcfdab41d0a7d0f729a085fcdb.
2025-11-06T20:34:57.1730283Z Successfully created stderr named pipe at: /podr/container/pipe/85914675792c_udacitycms/stderr_6a84cfdcfdab41d0a7d0f729a085fcdb.
2025-11-06T20:34:57.1732761Z Opening named pipe /podr/container/pipe/85914675792c_udacitycms/stderr_6a84cfdcfdab41d0a7d0f729a085fcdb for reading in non-blocking mode.
2025-11-06T20:34:57.1734370Z Successfully opened named pipe: /podr/container/pipe/85914675792c_udacitycms/stderr_6a84cfdcfdab41d0a7d0f729a085fcdb.
2025-11-06T20:34:57.1755437Z Successfully removed non-blocking flag from /podr/container/pipe/85914675792c_udacitycms/stderr_6a84cfdcfdab41d0a7d0f729a085fcdb.
2025-11-06T20:34:57.1777845Z Creating container with image: appsvc/python:3.10_20251017.5.tuxprod from registry: mcr.microsoft.com and fully qualified image name: mcr.microsoft.com/appsvc/python:3.10_20251017.5.tuxprod
2025-11-06T20:34:57.7016097Z Starting container: 85914675792c_udacitycms.
2025-11-06T20:34:57.7503662Z Starting watchers and probes.
2025-11-06T20:34:57.7540411Z Starting metrics collection.
2025-11-06T20:34:57.7542654Z Container is running.
2025-11-06T20:34:57.7940239Z Container start method finished after 6716 ms.
2025-11-06T20:35:19.3254030Z Container has finished running with exit code: 3.
2025-11-06T20:35:19.3275722Z Container is terminating. Grace period: 5 seconds.
2025-11-06T20:35:19.3305874Z Stop and delete container. Retry count = 0
2025-11-06T20:35:19.3317934Z Stopping container: 85914675792c_udacitycms.
2025-11-06T20:35:19.3719746Z Deleting container: 85914675792c_udacitycms. Retry count = 0
2025-11-06T20:35:19.9451388Z Container spec TerminationMessagePolicy  path 
2025-11-06T20:35:19.9489326Z Container is terminated. Total time elapsed: 619 ms.
2025-11-06T20:35:19.9502581Z Site container: udacitycms terminated during site startup.
2025-11-06T20:35:19.9751546Z Site startup probe failed after 22.1673308 seconds.
2025-11-06T20:35:20.1395968Z Failed to start site. Revert by stopping site.
2025-11-06T20:35:20.1457748Z Site: udacitycms stopped.
2025-11-06T20:35:40.6694995Z Container is terminating. Grace period: 5 seconds.
2025-11-06T20:35:40.6905648Z Stop and delete container. Retry count = 0
2025-11-06T20:35:40.6907452Z Stopping container: bbad4619779f_udacitycms.
2025-11-06T20:35:45.7412838Z Deleting container: bbad4619779f_udacitycms. Retry count = 0
2025-11-06T20:35:46.9721914Z Container spec TerminationMessagePolicy  path 
2025-11-06T20:35:46.9723732Z Container is terminated. Total time elapsed: 6301 ms.
2025-11-06T20:35:46.9725033Z Site: udacitycms stopped.
2025-11-06T20:36:22.9735932Z Container start method called.
2025-11-06T20:36:22.9753519Z Establishing network.
2025-11-06T20:36:22.9756681Z Pulling image: appsvc/python:3.10_20251017.5.tuxprod.
2025-11-06T20:36:25.1293483Z Container is starting.
2025-11-06T20:36:25.1308292Z Establishing user namespace if not established already.
2025-11-06T20:36:25.1309992Z Establishing network if not established already.
2025-11-06T20:36:25.1338791Z Mounting volumes.
2025-11-06T20:36:25.1340828Z Nested mountpoint 
2025-11-06T20:36:25.1393725Z Nested mountpoint volatile/logs
2025-11-06T20:36:25.1480826Z Nested mountpoint 
2025-11-06T20:36:25.1512443Z Nested mountpoint 
2025-11-06T20:36:25.1525575Z Nested mountpoint 
2025-11-06T20:36:25.3115643Z Creating container.
2025-11-06T20:36:25.3116892Z Creating pipes for streaming container io.
2025-11-06T20:36:25.3118039Z Creating stdout named pipe at /podr/container/pipe/1ace076b1c7c_udacitycms/stdout_a447916182a04bf6812d0e194f60ccb9.
2025-11-06T20:36:25.3122042Z Successfully created stdout named pipe at: /podr/container/pipe/1ace076b1c7c_udacitycms/stdout_a447916182a04bf6812d0e194f60ccb9.
2025-11-06T20:36:25.3123041Z Opening named pipe /podr/container/pipe/1ace076b1c7c_udacitycms/stdout_a447916182a04bf6812d0e194f60ccb9 for reading in non-blocking mode.
2025-11-06T20:36:25.3124383Z Successfully opened named pipe: /podr/container/pipe/1ace076b1c7c_udacitycms/stdout_a447916182a04bf6812d0e194f60ccb9.
2025-11-06T20:36:25.3125496Z Successfully removed non-blocking flag from /podr/container/pipe/1ace076b1c7c_udacitycms/stdout_a447916182a04bf6812d0e194f60ccb9.
2025-11-06T20:36:25.3126518Z Creating stderr named pipe at /podr/container/pipe/1ace076b1c7c_udacitycms/stderr_1e1f66d4236545bf90ad9e348fc0bbba.
2025-11-06T20:36:25.3128044Z Successfully created stderr named pipe at: /podr/container/pipe/1ace076b1c7c_udacitycms/stderr_1e1f66d4236545bf90ad9e348fc0bbba.
2025-11-06T20:36:25.3133314Z Opening named pipe /podr/container/pipe/1ace076b1c7c_udacitycms/stderr_1e1f66d4236545bf90ad9e348fc0bbba for reading in non-blocking mode.
2025-11-06T20:36:25.3135909Z Successfully opened named pipe: /podr/container/pipe/1ace076b1c7c_udacitycms/stderr_1e1f66d4236545bf90ad9e348fc0bbba.
2025-11-06T20:36:25.3143593Z Successfully removed non-blocking flag from /podr/container/pipe/1ace076b1c7c_udacitycms/stderr_1e1f66d4236545bf90ad9e348fc0bbba.
2025-11-06T20:36:25.3166395Z Creating container with image: appsvc/python:3.10_20251017.5.tuxprod from registry: mcr.microsoft.com and fully qualified image name: mcr.microsoft.com/appsvc/python:3.10_20251017.5.tuxprod
2025-11-06T20:36:25.5605835Z Starting container: 1ace076b1c7c_udacitycms.
2025-11-06T20:36:25.5852083Z Starting watchers and probes.
2025-11-06T20:36:25.5865595Z Starting metrics collection.
2025-11-06T20:36:25.5879230Z Container is running.
2025-11-06T20:36:25.6052794Z Container start method finished after 2631 ms.
2025-11-06T20:36:37.4452688Z Container has finished running with exit code: 3.
2025-11-06T20:36:37.4458082Z Container is terminating. Grace period: 5 seconds.
2025-11-06T20:36:37.4464435Z Stop and delete container. Retry count = 0
2025-11-06T20:36:37.4474593Z Stopping container: 1ace076b1c7c_udacitycms.
2025-11-06T20:36:37.4664438Z Deleting container: 1ace076b1c7c_udacitycms. Retry count = 0
2025-11-06T20:36:38.4319727Z Container spec TerminationMessagePolicy  path 
2025-11-06T20:36:38.4322435Z Container is terminated. Total time elapsed: 986 ms.
2025-11-06T20:36:38.4325678Z Site container: udacitycms terminated during site startup.
2025-11-06T20:36:38.4645481Z Site startup probe failed after 12.8566444 seconds.
2025-11-06T20:36:38.5344803Z Failed to start site. Revert by stopping site.
2025-11-06T20:36:38.5417993Z Site: udacitycms stopped.
2025-11-06T20:36:38.7308777Z Site: udacitycms will be blocked for 1 minutes till 11/06/2025 20:37:38
2025-11-06T20:36:49.1430924Z Start site prohibitted because the site is being blocked.
2025-11-06T20:37:06.2300117Z Start site prohibitted because the site is being blocked.
2025-11-06T20:37:08.9175125Z Start site prohibitted because the site is being blocked.
2025-11-06T20:37:38.8480935Z Site: udacitycms is unblocked.
2025-11-06T20:38:18.0380788Z Container start method called.
2025-11-06T20:38:18.0383645Z Establishing network.
2025-11-06T20:38:18.0385157Z Pulling image: appsvc/python:3.10_20251017.5.tuxprod.
2025-11-06T20:38:19.9059496Z Container is starting.
2025-11-06T20:38:19.9063175Z Establishing user namespace if not established already.
2025-11-06T20:38:19.9064477Z Establishing network if not established already.
2025-11-06T20:38:19.9066006Z Mounting volumes.
2025-11-06T20:38:19.9067886Z Nested mountpoint 
2025-11-06T20:38:19.9096826Z Nested mountpoint volatile/logs
2025-11-06T20:38:19.9109480Z Nested mountpoint 
2025-11-06T20:38:19.9116097Z Nested mountpoint 
2025-11-06T20:38:19.9122185Z Nested mountpoint 
2025-11-06T20:38:20.0197067Z Creating container.
2025-11-06T20:38:20.0199869Z Creating pipes for streaming container io.
2025-11-06T20:38:20.0201219Z Creating stdout named pipe at /podr/container/pipe/85f766b443bd_udacitycms/stdout_273df15a84cf4106af411b5fad6f2e7d.
2025-11-06T20:38:20.0204204Z Successfully created stdout named pipe at: /podr/container/pipe/85f766b443bd_udacitycms/stdout_273df15a84cf4106af411b5fad6f2e7d.
2025-11-06T20:38:20.0206248Z Opening named pipe /podr/container/pipe/85f766b443bd_udacitycms/stdout_273df15a84cf4106af411b5fad6f2e7d for reading in non-blocking mode.
2025-11-06T20:38:20.0208841Z Successfully opened named pipe: /podr/container/pipe/85f766b443bd_udacitycms/stdout_273df15a84cf4106af411b5fad6f2e7d.
2025-11-06T20:38:20.0210097Z Successfully removed non-blocking flag from /podr/container/pipe/85f766b443bd_udacitycms/stdout_273df15a84cf4106af411b5fad6f2e7d.
2025-11-06T20:38:20.0215184Z Creating stderr named pipe at /podr/container/pipe/85f766b443bd_udacitycms/stderr_b80cbcea4c1245e08aa05d17f7e78f28.
2025-11-06T20:38:20.0217774Z Successfully created stderr named pipe at: /podr/container/pipe/85f766b443bd_udacitycms/stderr_b80cbcea4c1245e08aa05d17f7e78f28.
2025-11-06T20:38:20.0218821Z Opening named pipe /podr/container/pipe/85f766b443bd_udacitycms/stderr_b80cbcea4c1245e08aa05d17f7e78f28 for reading in non-blocking mode.
2025-11-06T20:38:20.0221218Z Successfully opened named pipe: /podr/container/pipe/85f766b443bd_udacitycms/stderr_b80cbcea4c1245e08aa05d17f7e78f28.
2025-11-06T20:38:20.0222383Z Successfully removed non-blocking flag from /podr/container/pipe/85f766b443bd_udacitycms/stderr_b80cbcea4c1245e08aa05d17f7e78f28.
2025-11-06T20:38:20.0223456Z Creating container with image: appsvc/python:3.10_20251017.5.tuxprod from registry: mcr.microsoft.com and fully qualified image name: mcr.microsoft.com/appsvc/python:3.10_20251017.5.tuxprod
2025-11-06T20:38:20.2146380Z Starting container: 85f766b443bd_udacitycms.
2025-11-06T20:38:20.2400020Z Starting watchers and probes.
2025-11-06T20:38:20.2425828Z Starting metrics collection.
2025-11-06T20:38:20.2427727Z Container is running.
2025-11-06T20:38:20.2746954Z Container start method finished after 2236 ms.
2025-11-06T20:38:37.7592046Z Container has finished running with exit code: 3.
2025-11-06T20:38:37.7593788Z Container is terminating. Grace period: 5 seconds.
2025-11-06T20:38:37.7596782Z Stop and delete container. Retry count = 0
2025-11-06T20:38:37.7598129Z Stopping container: 85f766b443bd_udacitycms.
2025-11-06T20:38:37.7892422Z Deleting container: 85f766b443bd_udacitycms. Retry count = 0
2025-11-06T20:38:39.0006716Z Container spec TerminationMessagePolicy  path 
2025-11-06T20:38:39.0016509Z Container is terminated. Total time elapsed: 1241 ms.
2025-11-06T20:38:39.0021378Z Site container: udacitycms terminated during site startup.
2025-11-06T20:38:39.0131811Z Site startup probe failed after 18.7368194 seconds.
2025-11-06T20:38:39.1047230Z Failed to start site. Revert by stopping site.
2025-11-06T20:38:39.1052326Z Site: udacitycms stopped.
2025-11-06T20:42:45.6214777Z Container start method called.
2025-11-06T20:42:45.6220522Z Establishing network.
2025-11-06T20:42:45.6222320Z Pulling image: appsvc/python:3.10_20251017.5.tuxprod.
2025-11-06T20:42:56.8172161Z Container is starting.
2025-11-06T20:42:56.8200399Z Establishing user namespace if not established already.
2025-11-06T20:42:56.8208615Z Establishing network if not established already.
2025-11-06T20:42:56.8219550Z Mounting volumes.
2025-11-06T20:42:56.8230684Z Nested mountpoint 
2025-11-06T20:42:56.9053342Z Nested mountpoint volatile/logs
2025-11-06T20:42:56.9265217Z Nested mountpoint 
2025-11-06T20:42:56.9317625Z Nested mountpoint 
2025-11-06T20:42:56.9390801Z Nested mountpoint 
2025-11-06T20:42:59.7157490Z Creating container.
2025-11-06T20:42:59.7214383Z Creating pipes for streaming container io.
2025-11-06T20:42:59.7229081Z Creating stdout named pipe at /podr/container/pipe/897ed97e9734_udacitycms/stdout_4371681534b64917b6214168c96bbedc.
2025-11-06T20:42:59.7275965Z Successfully created stdout named pipe at: /podr/container/pipe/897ed97e9734_udacitycms/stdout_4371681534b64917b6214168c96bbedc.
2025-11-06T20:42:59.7290790Z Opening named pipe /podr/container/pipe/897ed97e9734_udacitycms/stdout_4371681534b64917b6214168c96bbedc for reading in non-blocking mode.
2025-11-06T20:42:59.7310325Z Successfully opened named pipe: /podr/container/pipe/897ed97e9734_udacitycms/stdout_4371681534b64917b6214168c96bbedc.
2025-11-06T20:42:59.7332260Z Successfully removed non-blocking flag from /podr/container/pipe/897ed97e9734_udacitycms/stdout_4371681534b64917b6214168c96bbedc.
2025-11-06T20:42:59.7343807Z Creating stderr named pipe at /podr/container/pipe/897ed97e9734_udacitycms/stderr_1f66df404b6a4448b29c4fe911bb7350.
2025-11-06T20:42:59.7347487Z Successfully created stderr named pipe at: /podr/container/pipe/897ed97e9734_udacitycms/stderr_1f66df404b6a4448b29c4fe911bb7350.
2025-11-06T20:42:59.7357548Z Opening named pipe /podr/container/pipe/897ed97e9734_udacitycms/stderr_1f66df404b6a4448b29c4fe911bb7350 for reading in non-blocking mode.
2025-11-06T20:42:59.7383957Z Successfully opened named pipe: /podr/container/pipe/897ed97e9734_udacitycms/stderr_1f66df404b6a4448b29c4fe911bb7350.
2025-11-06T20:42:59.7391213Z Successfully removed non-blocking flag from /podr/container/pipe/897ed97e9734_udacitycms/stderr_1f66df404b6a4448b29c4fe911bb7350.
2025-11-06T20:42:59.7398656Z Creating container with image: appsvc/python:3.10_20251017.5.tuxprod from registry: mcr.microsoft.com and fully qualified image name: mcr.microsoft.com/appsvc/python:3.10_20251017.5.tuxprod
2025-11-06T20:43:02.1664421Z Starting container: 897ed97e9734_udacitycms.
2025-11-06T20:43:02.2077985Z Starting watchers and probes.
2025-11-06T20:43:02.2080530Z Starting metrics collection.
2025-11-06T20:43:02.2086738Z Container is running.
2025-11-06T20:43:03.1691323Z Container start method finished after 17547 ms.
2025-11-06T20:43:47.4455294Z Container has finished running with exit code: 2.
2025-11-06T20:43:47.4459451Z Container is terminating. Grace period: 5 seconds.
2025-11-06T20:43:47.4508456Z Stop and delete container. Retry count = 0
2025-11-06T20:43:47.4515634Z Stopping container: 897ed97e9734_udacitycms.
2025-11-06T20:43:47.6384876Z Deleting container: 897ed97e9734_udacitycms. Retry count = 0
2025-11-06T20:43:48.1459168Z Container spec TerminationMessagePolicy  path 
2025-11-06T20:43:48.1475255Z Container is terminated. Total time elapsed: 699 ms.
2025-11-06T20:43:48.1479485Z Site container: udacitycms terminated during site startup.
2025-11-06T20:43:48.1694359Z Site startup probe failed after 44.9994959 seconds.
2025-11-06T20:43:48.3896546Z Failed to start site. Revert by stopping site.
2025-11-06T20:43:48.3908511Z Site: udacitycms stopped.
2025-11-06T20:54:23.4296351Z Container start method called.
2025-11-06T20:54:23.4379672Z Establishing network.
2025-11-06T20:54:23.4381844Z Pulling image: appsvc/python:3.10_20251017.5.tuxprod.
2025-11-06T20:54:26.3866466Z Container is starting.
2025-11-06T20:54:26.3870211Z Establishing user namespace if not established already.
2025-11-06T20:54:26.3871372Z Establishing network if not established already.
2025-11-06T20:54:26.3877935Z Mounting volumes.
2025-11-06T20:54:26.3880464Z Nested mountpoint 
2025-11-06T20:54:26.3913226Z Nested mountpoint volatile/logs
2025-11-06T20:54:26.3957768Z Nested mountpoint 
2025-11-06T20:54:26.4026363Z Nested mountpoint 
2025-11-06T20:54:26.4035200Z Nested mountpoint 
2025-11-06T20:54:26.4047635Z Nested mountpoint 
2025-11-06T20:54:26.4121670Z Nested mountpoint 
2025-11-06T20:54:28.7180906Z Creating container.
2025-11-06T20:54:28.7182247Z Creating pipes for streaming container io.
2025-11-06T20:54:28.7183349Z Creating stdout named pipe at /podr/container/pipe/8b1f52b3dbfa_udacitycms/stdout_bba92e06d9334e20b2f61899ac34572a.
2025-11-06T20:54:28.7219183Z Successfully created stdout named pipe at: /podr/container/pipe/8b1f52b3dbfa_udacitycms/stdout_bba92e06d9334e20b2f61899ac34572a.
2025-11-06T20:54:28.7221050Z Opening named pipe /podr/container/pipe/8b1f52b3dbfa_udacitycms/stdout_bba92e06d9334e20b2f61899ac34572a for reading in non-blocking mode.
2025-11-06T20:54:28.7222655Z Successfully opened named pipe: /podr/container/pipe/8b1f52b3dbfa_udacitycms/stdout_bba92e06d9334e20b2f61899ac34572a.
2025-11-06T20:54:28.7225789Z Successfully removed non-blocking flag from /podr/container/pipe/8b1f52b3dbfa_udacitycms/stdout_bba92e06d9334e20b2f61899ac34572a.
2025-11-06T20:54:28.7227015Z Creating stderr named pipe at /podr/container/pipe/8b1f52b3dbfa_udacitycms/stderr_fa5bb208d6a347259d1cf59d39742681.
2025-11-06T20:54:28.7229030Z Successfully created stderr named pipe at: /podr/container/pipe/8b1f52b3dbfa_udacitycms/stderr_fa5bb208d6a347259d1cf59d39742681.
2025-11-06T20:54:28.7231038Z Opening named pipe /podr/container/pipe/8b1f52b3dbfa_udacitycms/stderr_fa5bb208d6a347259d1cf59d39742681 for reading in non-blocking mode.
2025-11-06T20:54:28.7232409Z Successfully opened named pipe: /podr/container/pipe/8b1f52b3dbfa_udacitycms/stderr_fa5bb208d6a347259d1cf59d39742681.
2025-11-06T20:54:28.7233866Z Successfully removed non-blocking flag from /podr/container/pipe/8b1f52b3dbfa_udacitycms/stderr_fa5bb208d6a347259d1cf59d39742681.
2025-11-06T20:54:28.7235345Z Creating container with image: appsvc/python:3.10_20251017.5.tuxprod from registry: mcr.microsoft.com and fully qualified image name: mcr.microsoft.com/appsvc/python:3.10_20251017.5.tuxprod
2025-11-06T20:54:29.3890032Z Starting container: 8b1f52b3dbfa_udacitycms.
2025-11-06T20:54:29.4180386Z Starting watchers and probes.
2025-11-06T20:54:29.4184322Z Starting metrics collection.
2025-11-06T20:54:29.4185748Z Container is running.
2025-11-06T20:54:29.6185078Z Container start method finished after 6188 ms.
2025-11-06T20:54:52.1767546Z Container has finished running with exit code: 3.
2025-11-06T20:54:52.1793024Z Container is terminating. Grace period: 5 seconds.
2025-11-06T20:54:52.1873008Z Stop and delete container. Retry count = 0
2025-11-06T20:54:52.1888876Z Stopping container: 8b1f52b3dbfa_udacitycms.
2025-11-06T20:54:52.2222765Z Deleting container: 8b1f52b3dbfa_udacitycms. Retry count = 0
2025-11-06T20:54:53.3983449Z Container spec TerminationMessagePolicy  path 
2025-11-06T20:54:53.4018302Z Container is terminated. Total time elapsed: 1219 ms.
2025-11-06T20:54:53.4022174Z Site container: udacitycms terminated during site startup.
2025-11-06T20:54:53.5635377Z Site startup probe failed after 23.8658909 seconds.
2025-11-06T20:54:53.6996943Z Failed to start site. Revert by stopping site.
2025-11-06T20:54:53.7105185Z Site: udacitycms stopped.
