2025-11-06T21:00:34.0281251Z Container start method called.
2025-11-06T21:00:34.0343776Z Establishing network.
2025-11-06T21:00:34.0350014Z Pulling image: appsvc/python:3.10_20251017.5.tuxprod.
2025-11-06T21:01:01.8011023Z Image appsvc/python:3.10_20251017.5.tuxprod is pulled from registry mcr.microsoft.com
2025-11-06T21:01:01.8564047Z Container is starting.
2025-11-06T21:01:01.8577054Z Establishing user namespace if not established already.
2025-11-06T21:01:01.8585938Z Establishing network if not established already.
2025-11-06T21:01:01.8592019Z Mounting volumes.
2025-11-06T21:01:01.8627030Z Nested mountpoint 
2025-11-06T21:01:01.8792450Z Nested mountpoint volatile/logs
2025-11-06T21:01:01.8914910Z Nested mountpoint 
2025-11-06T21:01:01.9157211Z Nested mountpoint 
2025-11-06T21:01:01.9170084Z Nested mountpoint 
2025-11-06T21:01:01.9242554Z Nested mountpoint 
2025-11-06T21:01:01.9372961Z Nested mountpoint 
2025-11-06T21:01:06.6126588Z Creating container.
2025-11-06T21:01:06.6140251Z Creating pipes for streaming container io.
2025-11-06T21:01:06.6150445Z Creating stdout named pipe at /podr/container/pipe/353cf8f06c23_udacitycms/stdout_55930269bee1418b8e23e06b978a46d9.
2025-11-06T21:01:06.6158303Z Successfully created stdout named pipe at: /podr/container/pipe/353cf8f06c23_udacitycms/stdout_55930269bee1418b8e23e06b978a46d9.
2025-11-06T21:01:06.6176152Z Opening named pipe /podr/container/pipe/353cf8f06c23_udacitycms/stdout_55930269bee1418b8e23e06b978a46d9 for reading in non-blocking mode.
2025-11-06T21:01:06.6181410Z Successfully opened named pipe: /podr/container/pipe/353cf8f06c23_udacitycms/stdout_55930269bee1418b8e23e06b978a46d9.
2025-11-06T21:01:06.6187283Z Successfully removed non-blocking flag from /podr/container/pipe/353cf8f06c23_udacitycms/stdout_55930269bee1418b8e23e06b978a46d9.
2025-11-06T21:01:06.6189913Z Creating stderr named pipe at /podr/container/pipe/353cf8f06c23_udacitycms/stderr_a0ae33e5ffde447ab453f7b8e97ad457.
2025-11-06T21:01:06.6192683Z Successfully created stderr named pipe at: /podr/container/pipe/353cf8f06c23_udacitycms/stderr_a0ae33e5ffde447ab453f7b8e97ad457.
2025-11-06T21:01:06.6195638Z Opening named pipe /podr/container/pipe/353cf8f06c23_udacitycms/stderr_a0ae33e5ffde447ab453f7b8e97ad457 for reading in non-blocking mode.
2025-11-06T21:01:06.6197867Z Successfully opened named pipe: /podr/container/pipe/353cf8f06c23_udacitycms/stderr_a0ae33e5ffde447ab453f7b8e97ad457.
2025-11-06T21:01:06.6200113Z Successfully removed non-blocking flag from /podr/container/pipe/353cf8f06c23_udacitycms/stderr_a0ae33e5ffde447ab453f7b8e97ad457.
2025-11-06T21:01:06.6219523Z Creating container with image: appsvc/python:3.10_20251017.5.tuxprod from registry: mcr.microsoft.com and fully qualified image name: mcr.microsoft.com/appsvc/python:3.10_20251017.5.tuxprod
2025-11-06T21:01:07.9858071Z Starting container: 353cf8f06c23_udacitycms.
2025-11-06T21:01:08.1016087Z Starting watchers and probes.
2025-11-06T21:01:08.1192837Z Starting metrics collection.
2025-11-06T21:01:08.2707992Z Container is running.
2025-11-06T21:01:10.7169633Z Container start method finished after 36687 ms.
2025-11-06T21:01:28.3731600Z Container has finished running with exit code: 3.
2025-11-06T21:01:28.3763598Z Container is terminating. Grace period: 5 seconds.
2025-11-06T21:01:28.3830800Z Stop and delete container. Retry count = 0
2025-11-06T21:01:28.3840132Z Stopping container: 353cf8f06c23_udacitycms.
2025-11-06T21:01:28.4716126Z Deleting container: 353cf8f06c23_udacitycms. Retry count = 0
2025-11-06T21:01:29.2812267Z Container spec TerminationMessagePolicy  path 
2025-11-06T21:01:29.2829971Z Container is terminated. Total time elapsed: 905 ms.
2025-11-06T21:01:29.2833375Z Site container: udacitycms terminated during site startup.
2025-11-06T21:01:29.3149991Z Site startup probe failed after 18.5624645 seconds.
2025-11-06T21:01:29.7626986Z Failed to start site. Revert by stopping site.
2025-11-06T21:01:29.7864417Z Site: udacitycms stopped.
2025-11-06T21:01:42.434Z ERROR - DockerApiException: Docker API responded with status code=NotFound, response={"message":"manifest for 10.1.0.4:13209/appsvc/python:3.10_20251017.5.tuxprod not found: manifest unknown: manifest unknown"}

2025-11-06T21:01:42.801Z ERROR - DockerApiException: Docker API responded with status code=NotFound, response={"message":"manifest for 10.1.0.5:13209/appsvc/python:3.10_20251017.5.tuxprod not found: manifest unknown: manifest unknown"}

2025-11-06T21:01:43.077Z INFO  - 3.10_20251017.5.tuxprod Pulling from appsvc/python
2025-11-06T21:01:43.078Z INFO  - 10ffc47270cd Pulling fs layer
2025-11-06T21:01:43.078Z INFO  - babe2e3e3c71 Pulling fs layer
2025-11-06T21:01:43.078Z INFO  - 4f4fb700ef54 Pulling fs layer
2025-11-06T21:01:43.078Z INFO  - f7943b878c5a Pulling fs layer
2025-11-06T21:01:43.078Z INFO  - bf91c9135236 Pulling fs layer
2025-11-06T21:01:43.078Z INFO  - a49b20bb820c Pulling fs layer
2025-11-06T21:01:43.078Z INFO  - 2019780686b0 Pulling fs layer
2025-11-06T21:01:43.078Z INFO  - ccbe65ed435b Pulling fs layer
2025-11-06T21:01:43.078Z INFO  - b0399d4f1093 Pulling fs layer
2025-11-06T21:01:43.084Z INFO  - 4296d9e49093 Pulling fs layer
2025-11-06T21:01:43.094Z INFO  - f501553e1eeb Pulling fs layer
2025-11-06T21:01:43.094Z INFO  - 67c9ba2ac3e9 Pulling fs layer
2025-11-06T21:01:43.094Z INFO  - f87a5dc3ab54 Pulling fs layer
2025-11-06T21:01:43.094Z INFO  - 5382fcf316ae Pulling fs layer
2025-11-06T21:01:43.094Z INFO  - 0fa93990a606 Pulling fs layer
2025-11-06T21:01:43.094Z INFO  - 520a91babaa1 Pulling fs layer
2025-11-06T21:01:43.094Z INFO  - 62107f9afd55 Pulling fs layer
2025-11-06T21:01:43.094Z INFO  - c2bd01a339c3 Pulling fs layer
2025-11-06T21:01:43.094Z INFO  - f60e503cb9a1 Pulling fs layer
2025-11-06T21:01:43.095Z INFO  - da6b7aae48f0 Pulling fs layer
2025-11-06T21:01:43.096Z INFO  - e0219e252959 Pulling fs layer
2025-11-06T21:01:43.096Z INFO  - efdcb614ad68 Pulling fs layer
2025-11-06T21:01:43.096Z INFO  - 8643babbdce7 Pulling fs layer
2025-11-06T21:01:43.096Z INFO  - ec9ae2aa5495 Pulling fs layer
2025-11-06T21:01:43.096Z INFO  - 32ec7085612b Pulling fs layer
2025-11-06T21:01:43.096Z INFO  - be1a150cc390 Pulling fs layer
2025-11-06T21:01:43.096Z INFO  - 664ed236fa43 Pulling fs layer
2025-11-06T21:01:43.104Z INFO  - 3f299507e2f5 Pulling fs layer
2025-11-06T21:01:43.104Z INFO  - 76a2519634d6 Pulling fs layer
2025-11-06T21:01:43.104Z INFO  - 7956d947f01f Pulling fs layer
2025-11-06T21:01:43.104Z INFO  - 62872b7410ba Pulling fs layer
2025-11-06T21:01:43.104Z INFO  - c0dc3cbdc92b Pulling fs layer
2025-11-06T21:01:43.104Z INFO  - 7de94249b1df Pulling fs layer
2025-11-06T21:01:43.104Z INFO  - e440350660ad Pulling fs layer
2025-11-06T21:01:43.104Z INFO  - 6650c3572958 Pulling fs layer
2025-11-06T21:01:43.104Z INFO  - dc32e5f90448 Pulling fs layer
2025-11-06T21:01:43.110Z INFO  - 5ea4195d0862 Pulling fs layer
2025-11-06T21:01:43.110Z INFO  - 4764cb3d71f9 Pulling fs layer
2025-11-06T21:01:43.112Z INFO  - 480be7cd47a2 Pulling fs layer
2025-11-06T21:01:43.112Z INFO  - 2a27bfcc7652 Pulling fs layer
2025-11-06T21:01:43.112Z INFO  - 6d5e47e637ca Pulling fs layer
2025-11-06T21:01:43.112Z INFO  - 1765a8a8fd90 Pulling fs layer
2025-11-06T21:01:43.112Z INFO  - 903ed9300fd3 Pulling fs layer
2025-11-06T21:01:43.112Z INFO  - 8990a9553ea8 Pulling fs layer
2025-11-06T21:01:43.112Z INFO  - e5f2fabe5297 Pulling fs layer
2025-11-06T21:01:43.112Z INFO  - b9dba626bb23 Pulling fs layer
2025-11-06T21:01:43.112Z INFO  - 8ded8ea8fe6c Pulling fs layer
2025-11-06T21:01:43.112Z INFO  - 682d65f4d5f8 Pulling fs layer
2025-11-06T21:01:43.112Z INFO  - e3c528d96469 Pulling fs layer
2025-11-06T21:01:43.112Z INFO  - 6133aab1ec92 Pulling fs layer
2025-11-06T21:01:43.112Z INFO  - 5f03dbe156d2 Pulling fs layer
2025-11-06T21:01:43.112Z INFO  - 16c29f26cb1b Pulling fs layer
2025-11-06T21:01:43.112Z INFO  - 2c6c5c586573 Pulling fs layer
2025-11-06T21:01:43.112Z INFO  - 85f46a3b3a59 Pulling fs layer
2025-11-06T21:01:43.112Z INFO  - 4764cb3d71f9 Waiting
2025-11-06T21:01:43.112Z INFO  - 480be7cd47a2 Waiting
2025-11-06T21:01:43.113Z INFO  - 2a27bfcc7652 Waiting
2025-11-06T21:01:43.113Z INFO  - 6d5e47e637ca Waiting
2025-11-06T21:01:43.113Z INFO  - 1765a8a8fd90 Waiting
2025-11-06T21:01:43.113Z INFO  - 903ed9300fd3 Waiting
2025-11-06T21:01:43.113Z INFO  - 8990a9553ea8 Waiting
2025-11-06T21:01:43.113Z INFO  - e5f2fabe5297 Waiting
2025-11-06T21:01:43.113Z INFO  - b9dba626bb23 Waiting
2025-11-06T21:01:43.113Z INFO  - 8ded8ea8fe6c Waiting
2025-11-06T21:01:43.113Z INFO  - 682d65f4d5f8 Waiting
2025-11-06T21:01:43.113Z INFO  - e3c528d96469 Waiting
2025-11-06T21:01:43.113Z INFO  - 6133aab1ec92 Waiting
2025-11-06T21:01:43.113Z INFO  - 5f03dbe156d2 Waiting
2025-11-06T21:01:43.113Z INFO  - 16c29f26cb1b Waiting
2025-11-06T21:01:43.113Z INFO  - 2c6c5c586573 Waiting
2025-11-06T21:01:43.113Z INFO  - 85f46a3b3a59 Waiting
2025-11-06T21:01:43.113Z INFO  - be1a150cc390 Waiting
2025-11-06T21:01:43.113Z INFO  - 664ed236fa43 Waiting
2025-11-06T21:01:43.113Z INFO  - 3f299507e2f5 Waiting
2025-11-06T21:01:43.113Z INFO  - 76a2519634d6 Waiting
2025-11-06T21:01:43.114Z INFO  - 7956d947f01f Waiting
2025-11-06T21:01:43.114Z INFO  - 62872b7410ba Waiting
2025-11-06T21:01:43.114Z INFO  - c0dc3cbdc92b Waiting
2025-11-06T21:01:43.114Z INFO  - 7de94249b1df Waiting
2025-11-06T21:01:43.114Z INFO  - e440350660ad Waiting
2025-11-06T21:01:43.114Z INFO  - 6650c3572958 Waiting
2025-11-06T21:01:43.114Z INFO  - dc32e5f90448 Waiting
2025-11-06T21:01:43.114Z INFO  - 5ea4195d0862 Waiting
2025-11-06T21:01:43.114Z INFO  - e0219e252959 Waiting
2025-11-06T21:01:43.114Z INFO  - efdcb614ad68 Waiting
2025-11-06T21:01:43.114Z INFO  - 8643babbdce7 Waiting
2025-11-06T21:01:43.114Z INFO  - ec9ae2aa5495 Waiting
2025-11-06T21:01:43.114Z INFO  - 32ec7085612b Waiting
2025-11-06T21:01:43.300Z INFO  - bf91c9135236 Downloading 131B / 131B
2025-11-06T21:01:43.303Z INFO  - bf91c9135236 Verifying Checksum
2025-11-06T21:01:43.303Z INFO  - bf91c9135236 Download complete
2025-11-06T21:01:43.328Z INFO  - b0399d4f1093 Downloading 187B / 187B
2025-11-06T21:01:43.331Z INFO  - b0399d4f1093 Verifying Checksum
2025-11-06T21:01:43.332Z INFO  - b0399d4f1093 Download complete
2025-11-06T21:01:43.362Z INFO  - 2019780686b0 Downloading 2KB / 2KB
2025-11-06T21:01:43.368Z INFO  - 2019780686b0 Verifying Checksum
2025-11-06T21:01:43.368Z INFO  - 2019780686b0 Download complete
2025-11-06T21:01:43.384Z INFO  - ccbe65ed435b Verifying Checksum
2025-11-06T21:01:43.386Z INFO  - ccbe65ed435b Download complete
2025-11-06T21:01:43.388Z INFO  - 520a91babaa1 Downloading 3KB / 39KB
2025-11-06T21:01:43.389Z INFO  - f87a5dc3ab54 Downloading 3KB / 14KB
2025-11-06T21:01:43.390Z INFO  - 67c9ba2ac3e9 Downloading 12KB / 12KB
2025-11-06T21:01:43.390Z INFO  - 520a91babaa1 Downloading 39KB / 39KB
2025-11-06T21:01:43.391Z INFO  - f87a5dc3ab54 Downloading 14KB / 14KB
2025-11-06T21:01:43.397Z INFO  - 67c9ba2ac3e9 Verifying Checksum
2025-11-06T21:01:43.397Z INFO  - 67c9ba2ac3e9 Download complete
2025-11-06T21:01:43.400Z INFO  - 520a91babaa1 Verifying Checksum
2025-11-06T21:01:43.400Z INFO  - 520a91babaa1 Download complete
2025-11-06T21:01:43.400Z INFO  - f87a5dc3ab54 Verifying Checksum
2025-11-06T21:01:43.400Z INFO  - f87a5dc3ab54 Download complete
2025-11-06T21:01:43.410Z INFO  - f7943b878c5a Downloading 386B / 386B
2025-11-06T21:01:43.410Z INFO  - 4f4fb700ef54 Downloading 32B / 32B
2025-11-06T21:01:43.410Z INFO  - 4f4fb700ef54 Verifying Checksum
2025-11-06T21:01:43.410Z INFO  - 4f4fb700ef54 Download complete
2025-11-06T21:01:43.412Z INFO  - f7943b878c5a Verifying Checksum
2025-11-06T21:01:43.412Z INFO  - f7943b878c5a Download complete
2025-11-06T21:01:43.430Z INFO  - c2bd01a339c3 Downloading 3KB / 14KB
2025-11-06T21:01:43.431Z INFO  - c2bd01a339c3 Downloading 14KB / 14KB
2025-11-06T21:01:43.436Z INFO  - c2bd01a339c3 Verifying Checksum
2025-11-06T21:01:43.436Z INFO  - c2bd01a339c3 Download complete
2025-11-06T21:01:43.447Z INFO  - f501553e1eeb Downloading 3KB / 39KB
2025-11-06T21:01:43.450Z INFO  - 0fa93990a606 Verifying Checksum
2025-11-06T21:01:43.450Z INFO  - 0fa93990a606 Download complete
2025-11-06T21:01:43.450Z INFO  - 62107f9afd55 Downloading 12KB / 12KB
2025-11-06T21:01:43.450Z INFO  - f501553e1eeb Downloading 39KB / 39KB
2025-11-06T21:01:43.455Z INFO  - 62107f9afd55 Verifying Checksum
2025-11-06T21:01:43.456Z INFO  - 62107f9afd55 Download complete
2025-11-06T21:01:43.456Z INFO  - f501553e1eeb Verifying Checksum
2025-11-06T21:01:43.456Z INFO  - f501553e1eeb Download complete
2025-11-06T21:01:43.456Z INFO  - da6b7aae48f0 Downloading 2KB / 2KB
2025-11-06T21:01:43.464Z INFO  - da6b7aae48f0 Verifying Checksum
2025-11-06T21:01:43.464Z INFO  - da6b7aae48f0 Download complete
2025-11-06T21:01:43.484Z INFO  - f60e503cb9a1 Downloading 1KB / 1KB
2025-11-06T21:01:43.486Z INFO  - a49b20bb820c Downloading 250KB / 250KB
2025-11-06T21:01:43.486Z INFO  - a49b20bb820c Verifying Checksum
2025-11-06T21:01:43.486Z INFO  - a49b20bb820c Download complete
2025-11-06T21:01:43.490Z INFO  - f60e503cb9a1 Verifying Checksum
2025-11-06T21:01:43.490Z INFO  - f60e503cb9a1 Download complete
2025-11-06T21:01:43.491Z INFO  - 4296d9e49093 Downloading 606KB / 1MB
2025-11-06T21:01:43.498Z INFO  - 5382fcf316ae Downloading 526KB / 56MB
2025-11-06T21:01:43.526Z INFO  - 4296d9e49093 Verifying Checksum
2025-11-06T21:01:43.526Z INFO  - 4296d9e49093 Download complete
2025-11-06T21:01:43.576Z INFO  - babe2e3e3c71 Downloading 7MB / 30MB
2025-11-06T21:01:43.600Z INFO  - 5382fcf316ae Downloading 6MB / 56MB
2025-11-06T21:01:43.677Z INFO  - 10ffc47270cd Downloading 8MB / 51MB
2025-11-06T21:01:43.677Z INFO  - babe2e3e3c71 Downloading 10MB / 30MB
2025-11-06T21:01:43.725Z INFO  - e0219e252959 Downloading 510B / 510B
2025-11-06T21:01:43.727Z INFO  - e0219e252959 Verifying Checksum
2025-11-06T21:01:43.734Z INFO  - e0219e252959 Download complete
2025-11-06T21:01:43.759Z INFO  - 8643babbdce7 Downloading 527B / 527B
2025-11-06T21:01:43.759Z INFO  - ec9ae2aa5495 Downloading 2KB / 2KB
2025-11-06T21:01:43.759Z INFO  - 8643babbdce7 Verifying Checksum
2025-11-06T21:01:43.760Z INFO  - 8643babbdce7 Download complete
2025-11-06T21:01:43.761Z INFO  - ec9ae2aa5495 Verifying Checksum
2025-11-06T21:01:43.761Z INFO  - ec9ae2aa5495 Download complete
2025-11-06T21:01:43.793Z INFO  - efdcb614ad68 Downloading 527B / 527B
2025-11-06T21:01:43.796Z INFO  - efdcb614ad68 Verifying Checksum
2025-11-06T21:01:43.796Z INFO  - efdcb614ad68 Download complete
2025-11-06T21:01:43.821Z INFO  - be1a150cc390 Downloading 3KB / 4KB
2025-11-06T21:01:43.822Z INFO  - be1a150cc390 Downloading 4KB / 4KB
2025-11-06T21:01:43.825Z INFO  - be1a150cc390 Verifying Checksum
2025-11-06T21:01:43.826Z INFO  - be1a150cc390 Download complete
2025-11-06T21:01:43.848Z INFO  - 5382fcf316ae Downloading 14MB / 56MB
2025-11-06T21:01:43.869Z INFO  - 10ffc47270cd Downloading 19MB / 51MB
2025-11-06T21:01:43.884Z INFO  - babe2e3e3c71 Downloading 17MB / 30MB
2025-11-06T21:01:43.954Z INFO  - 5382fcf316ae Downloading 21MB / 56MB
2025-11-06T21:01:43.975Z INFO  - c0dc3cbdc92b Downloading 1KB / 1KB
2025-11-06T21:01:43.975Z INFO  - c0dc3cbdc92b Verifying Checksum
2025-11-06T21:01:43.975Z INFO  - c0dc3cbdc92b Download complete
2025-11-06T21:01:43.992Z INFO  - 7de94249b1df Downloading 3KB / 3KB
2025-11-06T21:01:43.993Z INFO  - 7de94249b1df Verifying Checksum
2025-11-06T21:01:43.993Z INFO  - 7de94249b1df Download complete
2025-11-06T21:01:43.994Z INFO  - 76a2519634d6 Downloading 254KB / 5MB
2025-11-06T21:01:44.077Z INFO  - 32ec7085612b Downloading 526KB / 77MB
2025-11-06T21:01:44.091Z INFO  - 7956d947f01f Downloading 526KB / 67MB
2025-11-06T21:01:44.091Z INFO  - babe2e3e3c71 Downloading 20MB / 30MB
2025-11-06T21:01:44.091Z INFO  - 5382fcf316ae Downloading 22MB / 56MB
2025-11-06T21:01:44.093Z INFO  - 3f299507e2f5 Downloading 2MB / 34MB
2025-11-06T21:01:44.279Z INFO  - e440350660ad Download complete
2025-11-06T21:01:44.281Z INFO  - 32ec7085612b Downloading 1MB / 77MB
2025-11-06T21:01:44.281Z INFO  - babe2e3e3c71 Downloading 25MB / 30MB
2025-11-06T21:01:44.281Z INFO  - 6650c3572958 Downloading 271B / 271B
2025-11-06T21:01:44.281Z INFO  - 6650c3572958 Verifying Checksum
2025-11-06T21:01:44.281Z INFO  - 6650c3572958 Download complete
2025-11-06T21:01:44.281Z INFO  - 76a2519634d6 Downloading 3MB / 5MB
2025-11-06T21:01:44.289Z INFO  - 62872b7410ba Downloading 1KB / 1KB
2025-11-06T21:01:44.290Z INFO  - dc32e5f90448 Downloading 272B / 272B
2025-11-06T21:01:44.304Z INFO  - 62872b7410ba Verifying Checksum
2025-11-06T21:01:44.304Z INFO  - 62872b7410ba Download complete
2025-11-06T21:01:44.304Z INFO  - dc32e5f90448 Verifying Checksum
2025-11-06T21:01:44.304Z INFO  - dc32e5f90448 Download complete
2025-11-06T21:01:44.304Z INFO  - 5382fcf316ae Downloading 29MB / 56MB
2025-11-06T21:01:44.334Z INFO  - 5ea4195d0862 Downloading 834B / 834B
2025-11-06T21:01:44.336Z INFO  - 5ea4195d0862 Verifying Checksum
2025-11-06T21:01:44.336Z INFO  - 5ea4195d0862 Download complete
2025-11-06T21:01:44.352Z INFO  - 32ec7085612b Downloading 3MB / 77MB
2025-11-06T21:01:44.352Z INFO  - 3f299507e2f5 Downloading 4MB / 34MB
2025-11-06T21:01:44.375Z INFO  - 76a2519634d6 Verifying Checksum
2025-11-06T21:01:44.375Z INFO  - 76a2519634d6 Download complete
2025-11-06T21:01:44.433Z INFO  - 32ec7085612b Downloading 9MB / 77MB
2025-11-06T21:01:44.448Z INFO  - 1765a8a8fd90 Downloading 2KB / 2KB
2025-11-06T21:01:44.448Z INFO  - 2a27bfcc7652 Downloading 1KB / 1KB
2025-11-06T21:01:44.614Z INFO  - 2a27bfcc7652 Verifying Checksum
2025-11-06T21:01:44.614Z INFO  - 2a27bfcc7652 Download complete
2025-11-06T21:01:44.614Z INFO  - 480be7cd47a2 Downloading 419B / 419B
2025-11-06T21:01:44.615Z INFO  - 6d5e47e637ca Downloading 1KB / 1KB
2025-11-06T21:01:44.615Z INFO  - 480be7cd47a2 Verifying Checksum
2025-11-06T21:01:44.617Z INFO  - 480be7cd47a2 Download complete
2025-11-06T21:01:44.617Z INFO  - 6d5e47e637ca Verifying Checksum
2025-11-06T21:01:44.617Z INFO  - 6d5e47e637ca Download complete
2025-11-06T21:01:44.989Z INFO  - 32ec7085612b Downloading 10MB / 77MB
2025-11-06T21:01:45.038Z INFO  - 10ffc47270cd Downloading 39MB / 51MB
2025-11-06T21:01:45.038Z INFO  - 5382fcf316ae Downloading 35MB / 56MB
2025-11-06T21:01:45.040Z INFO  - 4764cb3d71f9 Downloading 125B / 125B
2025-11-06T21:01:45.040Z INFO  - 4764cb3d71f9 Verifying Checksum
2025-11-06T21:01:45.040Z INFO  - 4764cb3d71f9 Download complete
2025-11-06T21:01:45.067Z INFO  - babe2e3e3c71 Verifying Checksum
2025-11-06T21:01:45.067Z INFO  - babe2e3e3c71 Download complete
2025-11-06T21:01:45.130Z INFO  - 1765a8a8fd90 Verifying Checksum
2025-11-06T21:01:45.167Z INFO  - 1765a8a8fd90 Download complete
2025-11-06T21:01:45.167Z INFO  - 10ffc47270cd Downloading 43MB / 51MB
2025-11-06T21:01:45.167Z INFO  - 32ec7085612b Downloading 14MB / 77MB
2025-11-06T21:01:45.251Z INFO  - 3f299507e2f5 Downloading 10MB / 34MB
2025-11-06T21:01:45.251Z INFO  - 32ec7085612b Downloading 15MB / 77MB
2025-11-06T21:01:45.251Z INFO  - 664ed236fa43 Downloading 10MB / 36MB
2025-11-06T21:01:45.357Z INFO  - 10ffc47270cd Verifying Checksum
2025-11-06T21:01:45.357Z INFO  - 10ffc47270cd Download complete
2025-11-06T21:01:45.440Z INFO  - 32ec7085612b Downloading 17MB / 77MB
2025-11-06T21:01:45.443Z INFO  - 5382fcf316ae Downloading 39MB / 56MB
2025-11-06T21:01:45.454Z INFO  - 903ed9300fd3 Downloading 121B / 121B
2025-11-06T21:01:45.454Z INFO  - 8990a9553ea8 Downloading 1KB / 1KB
2025-11-06T21:01:45.496Z INFO  - 7956d947f01f Downloading 15MB / 67MB
2025-11-06T21:01:45.506Z INFO  - 8990a9553ea8 Verifying Checksum
2025-11-06T21:01:45.508Z INFO  - 8990a9553ea8 Download complete
2025-11-06T21:01:45.512Z INFO  - 903ed9300fd3 Verifying Checksum
2025-11-06T21:01:45.512Z INFO  - 903ed9300fd3 Download complete
2025-11-06T21:01:45.576Z INFO  - b9dba626bb23 Downloading 354B / 354B
2025-11-06T21:01:45.576Z INFO  - b9dba626bb23 Verifying Checksum
2025-11-06T21:01:45.576Z INFO  - b9dba626bb23 Download complete
2025-11-06T21:01:45.621Z INFO  - 8ded8ea8fe6c Downloading 841B / 841B
2025-11-06T21:01:45.632Z INFO  - 85f46a3b3a59 Downloading 1KB / 1KB
2025-11-06T21:01:46.422Z INFO  - 32ec7085612b Downloading 20MB / 77MB
2025-11-06T21:01:46.600Z INFO  - e5f2fabe5297 Downloading 1KB / 1KB
2025-11-06T21:01:46.614Z INFO  - 3f299507e2f5 Downloading 16MB / 34MB
2025-11-06T21:01:46.652Z INFO  - e5f2fabe5297 Verifying Checksum
2025-11-06T21:01:46.653Z INFO  - e5f2fabe5297 Download complete
2025-11-06T21:01:46.653Z INFO  - 85f46a3b3a59 Verifying Checksum
2025-11-06T21:01:46.711Z INFO  - 85f46a3b3a59 Download complete
2025-11-06T21:01:46.717Z INFO  - 8ded8ea8fe6c Verifying Checksum
2025-11-06T21:01:46.717Z INFO  - 8ded8ea8fe6c Download complete
2025-11-06T21:01:46.719Z INFO  - 6133aab1ec92 Downloading 143B / 143B
2025-11-06T21:01:46.719Z INFO  - 5382fcf316ae Downloading 43MB / 56MB
2025-11-06T21:01:46.719Z INFO  - 6133aab1ec92 Verifying Checksum
2025-11-06T21:01:46.719Z INFO  - 6133aab1ec92 Download complete
2025-11-06T21:01:46.719Z INFO  - 5f03dbe156d2 Downloading 3KB / 11KB
2025-11-06T21:01:46.719Z INFO  - 5f03dbe156d2 Downloading 11KB / 11KB
2025-11-06T21:01:46.719Z INFO  - 5f03dbe156d2 Verifying Checksum
2025-11-06T21:01:46.719Z INFO  - 5f03dbe156d2 Download complete
2025-11-06T21:01:46.719Z INFO  - e3c528d96469 Downloading 2KB / 2KB
2025-11-06T21:01:46.719Z INFO  - e3c528d96469 Verifying Checksum
2025-11-06T21:01:46.719Z INFO  - e3c528d96469 Download complete
2025-11-06T21:01:46.719Z INFO  - 664ed236fa43 Downloading 18MB / 36MB
2025-11-06T21:01:46.720Z INFO  - 7956d947f01f Downloading 20MB / 67MB
2025-11-06T21:01:46.729Z INFO  - 32ec7085612b Downloading 35MB / 77MB
2025-11-06T21:01:46.772Z INFO  - 2c6c5c586573 Downloading 16KB / 16KB
2025-11-06T21:01:46.803Z INFO  - 2c6c5c586573 Verifying Checksum
2025-11-06T21:01:46.803Z INFO  - 2c6c5c586573 Download complete
2025-11-06T21:01:46.819Z INFO  - 3f299507e2f5 Downloading 23MB / 34MB
2025-11-06T21:01:46.847Z INFO  - 664ed236fa43 Downloading 25MB / 36MB
2025-11-06T21:01:46.847Z INFO  - 7956d947f01f Downloading 27MB / 67MB
2025-11-06T21:01:46.847Z INFO  - 682d65f4d5f8 Downloading 138B / 138B
2025-11-06T21:01:46.847Z INFO  - 682d65f4d5f8 Verifying Checksum
2025-11-06T21:01:46.847Z INFO  - 682d65f4d5f8 Download complete
2025-11-06T21:01:46.927Z INFO  - 32ec7085612b Downloading 48MB / 77MB
2025-11-06T21:01:46.942Z INFO  - 664ed236fa43 Downloading 28MB / 36MB
2025-11-06T21:01:46.965Z INFO  - 5382fcf316ae Downloading 55MB / 56MB
2025-11-06T21:01:47.015Z INFO  - 5382fcf316ae Verifying Checksum
2025-11-06T21:01:47.016Z INFO  - 5382fcf316ae Download complete
2025-11-06T21:01:47.027Z INFO  - 3f299507e2f5 Verifying Checksum
2025-11-06T21:01:47.027Z INFO  - 3f299507e2f5 Download complete
2025-11-06T21:01:47.062Z INFO  - 664ed236fa43 Downloading 30MB / 36MB
2025-11-06T21:01:47.063Z INFO  - 7956d947f01f Downloading 32MB / 67MB
2025-11-06T21:01:47.112Z INFO  - 664ed236fa43 Verifying Checksum
2025-11-06T21:01:47.112Z INFO  - 664ed236fa43 Download complete
2025-11-06T21:01:47.164Z INFO  - 7956d947f01f Downloading 39MB / 67MB
2025-11-06T21:01:48.778Z INFO  - 7956d947f01f Downloading 40MB / 67MB
2025-11-06T21:01:48.925Z INFO  - 7956d947f01f Downloading 51MB / 67MB
2025-11-06T21:01:48.981Z INFO  - 32ec7085612b Downloading 66MB / 77MB
2025-11-06T21:01:49.028Z INFO  - 7956d947f01f Downloading 63MB / 67MB
2025-11-06T21:01:49.028Z INFO  - 32ec7085612b Verifying Checksum
2025-11-06T21:01:49.028Z INFO  - 32ec7085612b Download complete
2025-11-06T21:01:49.035Z INFO  - 7956d947f01f Verifying Checksum
2025-11-06T21:01:49.035Z INFO  - 7956d947f01f Download complete
2025-11-06T21:01:49.474Z INFO  - 10ffc47270cd Extracting 4MB / 51MB
2025-11-06T21:01:50.013Z INFO  - 10ffc47270cd Extracting 11MB / 51MB
2025-11-06T21:01:50.149Z INFO  - 10ffc47270cd Extracting 13MB / 51MB
2025-11-06T21:01:50.636Z INFO  - 16c29f26cb1b Downloading 95KB / 4MB
2025-11-06T21:01:50.677Z INFO  - 16c29f26cb1b Verifying Checksum
2025-11-06T21:01:50.678Z INFO  - 16c29f26cb1b Download complete
2025-11-06T21:01:50.733Z INFO  - 10ffc47270cd Extracting 17MB / 51MB
2025-11-06T21:01:50.842Z INFO  - 10ffc47270cd Extracting 20MB / 51MB
2025-11-06T21:01:51.556Z INFO  - 10ffc47270cd Extracting 30MB / 51MB
2025-11-06T21:01:51.687Z INFO  - 10ffc47270cd Extracting 34MB / 51MB
2025-11-06T21:01:51.914Z INFO  - 10ffc47270cd Extracting 37MB / 51MB
2025-11-06T21:01:52.297Z INFO  - 10ffc47270cd Extracting 40MB / 51MB
2025-11-06T21:01:52.435Z INFO  - 10ffc47270cd Extracting 41MB / 51MB
2025-11-06T21:01:52.602Z INFO  - 10ffc47270cd Extracting 42MB / 51MB
2025-11-06T21:01:52.722Z INFO  - 10ffc47270cd Extracting 44MB / 51MB
2025-11-06T21:01:52.966Z INFO  - 10ffc47270cd Extracting 47MB / 51MB
2025-11-06T21:01:53.444Z INFO  - 10ffc47270cd Extracting 49MB / 51MB
2025-11-06T21:01:54.182Z INFO  - 10ffc47270cd Extracting 50MB / 51MB
2025-11-06T21:01:54.461Z INFO  - 10ffc47270cd Extracting 51MB / 51MB
2025-11-06T21:01:54.585Z INFO  - 10ffc47270cd Pull complete
2025-11-06T21:01:55.271Z INFO  - babe2e3e3c71 Extracting 7MB / 30MB
2025-11-06T21:01:55.777Z INFO  - babe2e3e3c71 Extracting 17MB / 30MB
2025-11-06T21:01:55.881Z INFO  - babe2e3e3c71 Extracting 18MB / 30MB
2025-11-06T21:01:55.983Z INFO  - babe2e3e3c71 Extracting 21MB / 30MB
2025-11-06T21:01:56.336Z INFO  - babe2e3e3c71 Extracting 30MB / 30MB
2025-11-06T21:01:57.517Z INFO  - babe2e3e3c71 Pull complete
2025-11-06T21:01:57.537Z INFO  - 4f4fb700ef54 Extracting 32B / 32B
2025-11-06T21:01:57.572Z INFO  - 4f4fb700ef54 Extracting 32B / 32B
2025-11-06T21:01:57.746Z INFO  - 4f4fb700ef54 Pull complete
2025-11-06T21:01:57.759Z INFO  - f7943b878c5a Extracting 386B / 386B
2025-11-06T21:01:57.794Z INFO  - f7943b878c5a Extracting 386B / 386B
2025-11-06T21:01:57.894Z INFO  - f7943b878c5a Pull complete
2025-11-06T21:01:58.032Z INFO  - bf91c9135236 Extracting 131B / 131B
2025-11-06T21:01:58.059Z INFO  - bf91c9135236 Extracting 131B / 131B
2025-11-06T21:01:58.338Z INFO  - bf91c9135236 Pull complete
2025-11-06T21:01:58.371Z INFO  - a49b20bb820c Extracting 32KB / 250KB
2025-11-06T21:01:58.408Z INFO  - a49b20bb820c Extracting 250KB / 250KB
2025-11-06T21:01:58.409Z INFO  - a49b20bb820c Extracting 250KB / 250KB
2025-11-06T21:01:58.534Z INFO  - a49b20bb820c Pull complete
2025-11-06T21:01:58.550Z INFO  - 2019780686b0 Extracting 2KB / 2KB
2025-11-06T21:01:58.577Z INFO  - 2019780686b0 Extracting 2KB / 2KB
2025-11-06T21:01:58.665Z INFO  - 2019780686b0 Pull complete
2025-11-06T21:01:58.839Z INFO  - ccbe65ed435b Extracting 64KB / 433KB
2025-11-06T21:01:58.923Z INFO  - ccbe65ed435b Extracting 433KB / 433KB
2025-11-06T21:01:58.935Z INFO  - ccbe65ed435b Extracting 433KB / 433KB
2025-11-06T21:01:59.085Z INFO  - ccbe65ed435b Pull complete
2025-11-06T21:01:59.102Z INFO  - b0399d4f1093 Extracting 187B / 187B
2025-11-06T21:01:59.135Z INFO  - b0399d4f1093 Extracting 187B / 187B
2025-11-06T21:01:59.228Z INFO  - b0399d4f1093 Pull complete
2025-11-06T21:01:59.244Z INFO  - 4296d9e49093 Extracting 32KB / 1MB
2025-11-06T21:01:59.345Z INFO  - 4296d9e49093 Extracting 1MB / 1MB
2025-11-06T21:01:59.350Z INFO  - 4296d9e49093 Extracting 1MB / 1MB
2025-11-06T21:01:59.448Z INFO  - 4296d9e49093 Pull complete
2025-11-06T21:01:59.464Z INFO  - f501553e1eeb Extracting 32KB / 39KB
2025-11-06T21:01:59.533Z INFO  - f501553e1eeb Extracting 39KB / 39KB
2025-11-06T21:01:59.558Z INFO  - f501553e1eeb Extracting 39KB / 39KB
2025-11-06T21:01:59.677Z INFO  - f501553e1eeb Pull complete
2025-11-06T21:01:59.698Z INFO  - 67c9ba2ac3e9 Extracting 12KB / 12KB
2025-11-06T21:01:59.849Z INFO  - 67c9ba2ac3e9 Extracting 12KB / 12KB
2025-11-06T21:01:59.993Z INFO  - 67c9ba2ac3e9 Pull complete
2025-11-06T21:02:00.020Z INFO  - f87a5dc3ab54 Extracting 14KB / 14KB
2025-11-06T21:02:00.099Z INFO  - f87a5dc3ab54 Extracting 14KB / 14KB
2025-11-06T21:02:00.197Z INFO  - f87a5dc3ab54 Pull complete
2025-11-06T21:02:00.278Z INFO  - 5382fcf316ae Extracting 544KB / 56MB
2025-11-06T21:02:00.899Z INFO  - 5382fcf316ae Extracting 1MB / 56MB
2025-11-06T21:02:01.331Z INFO  - 5382fcf316ae Extracting 5MB / 56MB
2025-11-06T21:02:01.875Z INFO  - 5382fcf316ae Extracting 7MB / 56MB
2025-11-06T21:02:02.382Z INFO  - 5382fcf316ae Extracting 8MB / 56MB
2025-11-06T21:02:02.954Z INFO  - 5382fcf316ae Extracting 9MB / 56MB
2025-11-06T21:02:03.177Z INFO  - 5382fcf316ae Extracting 12MB / 56MB
2025-11-06T21:02:03.581Z INFO  - 5382fcf316ae Extracting 16MB / 56MB
2025-11-06T21:02:03.870Z INFO  - 5382fcf316ae Extracting 17MB / 56MB
2025-11-06T21:02:04.172Z INFO  - 5382fcf316ae Extracting 18MB / 56MB
2025-11-06T21:02:04.412Z INFO  - 5382fcf316ae Extracting 22MB / 56MB
2025-11-06T21:02:04.645Z INFO  - 5382fcf316ae Extracting 28MB / 56MB
2025-11-06T21:02:04.750Z INFO  - 5382fcf316ae Extracting 32MB / 56MB
2025-11-06T21:02:04.985Z INFO  - 5382fcf316ae Extracting 37MB / 56MB
2025-11-06T21:02:05.132Z INFO  - 5382fcf316ae Extracting 38MB / 56MB
2025-11-06T21:02:05.382Z INFO  - 5382fcf316ae Extracting 39MB / 56MB
2025-11-06T21:02:05.637Z INFO  - 5382fcf316ae Extracting 43MB / 56MB
2025-11-06T21:02:05.767Z INFO  - 5382fcf316ae Extracting 45MB / 56MB
2025-11-06T21:02:06.949Z INFO  - 5382fcf316ae Extracting 52MB / 56MB
2025-11-06T21:02:06.949Z INFO  - 5382fcf316ae Extracting 55MB / 56MB
2025-11-06T21:02:06.949Z INFO  - 5382fcf316ae Extracting 56MB / 56MB
2025-11-06T21:02:06.949Z INFO  - 5382fcf316ae Extracting 56MB / 56MB
2025-11-06T21:02:07.380Z INFO  - 5382fcf316ae Pull complete
2025-11-06T21:02:07.398Z INFO  - 0fa93990a606 Extracting 32KB / 1MB
2025-11-06T21:02:07.487Z INFO  - 0fa93990a606 Extracting 1MB / 1MB
2025-11-06T21:02:07.620Z INFO  - 0fa93990a606 Pull complete
2025-11-06T21:02:07.637Z INFO  - 520a91babaa1 Extracting 32KB / 39KB
2025-11-06T21:02:07.693Z INFO  - 520a91babaa1 Extracting 39KB / 39KB
2025-11-06T21:02:07.711Z INFO  - 520a91babaa1 Extracting 39KB / 39KB
2025-11-06T21:02:07.802Z INFO  - 520a91babaa1 Pull complete
2025-11-06T21:02:07.825Z INFO  - 62107f9afd55 Extracting 12KB / 12KB
2025-11-06T21:02:07.871Z INFO  - 62107f9afd55 Extracting 12KB / 12KB
2025-11-06T21:02:07.994Z INFO  - 62107f9afd55 Pull complete
2025-11-06T21:02:08.015Z INFO  - c2bd01a339c3 Extracting 14KB / 14KB
2025-11-06T21:02:08.083Z INFO  - c2bd01a339c3 Extracting 14KB / 14KB
2025-11-06T21:02:08.177Z INFO  - c2bd01a339c3 Pull complete
2025-11-06T21:02:08.500Z INFO  - f60e503cb9a1 Extracting 1KB / 1KB
2025-11-06T21:02:08.533Z INFO  - f60e503cb9a1 Extracting 1KB / 1KB
2025-11-06T21:02:08.683Z INFO  - f60e503cb9a1 Pull complete
2025-11-06T21:02:09.010Z INFO  - da6b7aae48f0 Extracting 2KB / 2KB
2025-11-06T21:02:09.124Z INFO  - da6b7aae48f0 Extracting 2KB / 2KB
2025-11-06T21:02:09.828Z INFO  - da6b7aae48f0 Pull complete
2025-11-06T21:02:10.801Z INFO  - e0219e252959 Extracting 510B / 510B
2025-11-06T21:02:10.910Z INFO  - e0219e252959 Extracting 510B / 510B
2025-11-06T21:02:11.148Z INFO  - e0219e252959 Pull complete
2025-11-06T21:02:11.666Z INFO  - efdcb614ad68 Extracting 527B / 527B
2025-11-06T21:02:11.785Z INFO  - efdcb614ad68 Extracting 527B / 527B
2025-11-06T21:02:11.951Z INFO  - efdcb614ad68 Pull complete
2025-11-06T21:02:12.464Z INFO  - 8643babbdce7 Extracting 527B / 527B
2025-11-06T21:02:12.598Z INFO  - 8643babbdce7 Extracting 527B / 527B
2025-11-06T21:02:12.778Z INFO  - 8643babbdce7 Pull complete
2025-11-06T21:02:12.860Z INFO  - ec9ae2aa5495 Extracting 2KB / 2KB
2025-11-06T21:02:13.020Z INFO  - ec9ae2aa5495 Extracting 2KB / 2KB
2025-11-06T21:02:13.517Z INFO  - ec9ae2aa5495 Pull complete
2025-11-06T21:02:15.654Z INFO  - 32ec7085612b Extracting 544KB / 77MB
2025-11-06T21:02:16.538Z INFO  - 32ec7085612b Extracting 1MB / 77MB
2025-11-06T21:02:16.870Z INFO  - 32ec7085612b Extracting 2MB / 77MB
2025-11-06T21:02:17.401Z INFO  - 32ec7085612b Extracting 3MB / 77MB
2025-11-06T21:02:17.656Z INFO  - 32ec7085612b Extracting 3MB / 77MB
2025-11-06T21:02:18.264Z INFO  - 32ec7085612b Extracting 4MB / 77MB
2025-11-06T21:02:18.547Z INFO  - 32ec7085612b Extracting 5MB / 77MB
2025-11-06T21:02:19.346Z INFO  - 32ec7085612b Extracting 6MB / 77MB
2025-11-06T21:02:20.326Z INFO  - 32ec7085612b Extracting 6MB / 77MB
2025-11-06T21:02:21.890Z INFO  - 32ec7085612b Extracting 7MB / 77MB
2025-11-06T21:02:25.593Z INFO  - 32ec7085612b Extracting 9MB / 77MB
2025-11-06T21:02:29.742Z INFO  - 32ec7085612b Extracting 11MB / 77MB
2025-11-06T21:02:31.219Z INFO  - 32ec7085612b Extracting 12MB / 77MB
2025-11-06T21:02:32.153Z INFO  - 32ec7085612b Extracting 14MB / 77MB
2025-11-06T21:02:34.397Z INFO  - 32ec7085612b Extracting 15MB / 77MB
2025-11-06T21:02:35.702Z INFO  - 32ec7085612b Extracting 17MB / 77MB
2025-11-06T21:02:36.193Z INFO  - 32ec7085612b Extracting 17MB / 77MB
2025-11-06T21:02:37.456Z INFO  - 32ec7085612b Extracting 18MB / 77MB
2025-11-06T21:02:37.858Z INFO  - 32ec7085612b Extracting 19MB / 77MB
2025-11-06T21:02:38.883Z INFO  - 32ec7085612b Extracting 20MB / 77MB
2025-11-06T21:02:39.069Z INFO  - 32ec7085612b Extracting 20MB / 77MB
2025-11-06T21:02:39.512Z INFO  - 32ec7085612b Extracting 22MB / 77MB
2025-11-06T21:02:39.780Z INFO  - 32ec7085612b Extracting 24MB / 77MB
2025-11-06T21:02:40.396Z INFO  - 32ec7085612b Extracting 29MB / 77MB
2025-11-06T21:02:40.508Z INFO  - 32ec7085612b Extracting 31MB / 77MB
2025-11-06T21:02:40.687Z INFO  - 32ec7085612b Extracting 32MB / 77MB
2025-11-06T21:02:40.829Z INFO  - 32ec7085612b Extracting 34MB / 77MB
2025-11-06T21:02:41.252Z INFO  - 32ec7085612b Extracting 37MB / 77MB
2025-11-06T21:02:41.515Z INFO  - 32ec7085612b Extracting 40MB / 77MB
2025-11-06T21:02:42.081Z INFO  - 32ec7085612b Extracting 41MB / 77MB
2025-11-06T21:02:42.877Z INFO  - 32ec7085612b Extracting 46MB / 77MB
2025-11-06T21:02:43.232Z INFO  - 32ec7085612b Extracting 47MB / 77MB
2025-11-06T21:02:43.375Z INFO  - 32ec7085612b Extracting 49MB / 77MB
2025-11-06T21:02:43.637Z INFO  - 32ec7085612b Extracting 53MB / 77MB
2025-11-06T21:02:43.854Z INFO  - 32ec7085612b Extracting 54MB / 77MB
2025-11-06T21:02:44.226Z INFO  - 32ec7085612b Extracting 55MB / 77MB
2025-11-06T21:02:44.866Z INFO  - 32ec7085612b Extracting 58MB / 77MB
2025-11-06T21:02:45.521Z INFO  - 32ec7085612b Extracting 60MB / 77MB
2025-11-06T21:02:45.879Z INFO  - 32ec7085612b Extracting 62MB / 77MB
2025-11-06T21:02:46.046Z INFO  - 32ec7085612b Extracting 63MB / 77MB
2025-11-06T21:02:46.166Z INFO  - 32ec7085612b Extracting 64MB / 77MB
2025-11-06T21:02:46.409Z INFO  - 32ec7085612b Extracting 66MB / 77MB
2025-11-06T21:02:46.552Z INFO  - 32ec7085612b Extracting 68MB / 77MB
2025-11-06T21:02:46.685Z INFO  - 32ec7085612b Extracting 69MB / 77MB
2025-11-06T21:02:47.021Z INFO  - 32ec7085612b Extracting 71MB / 77MB
2025-11-06T21:02:48.096Z INFO  - 32ec7085612b Extracting 74MB / 77MB
2025-11-06T21:02:48.146Z INFO  - 32ec7085612b Extracting 75MB / 77MB
2025-11-06T21:02:48.319Z INFO  - 32ec7085612b Extracting 77MB / 77MB
2025-11-06T21:02:49.537Z INFO  - 32ec7085612b Pull complete
2025-11-06T21:02:49.560Z INFO  - be1a150cc390 Extracting 4KB / 4KB
2025-11-06T21:02:49.593Z INFO  - be1a150cc390 Extracting 4KB / 4KB
2025-11-06T21:02:49.722Z INFO  - be1a150cc390 Pull complete
2025-11-06T21:02:50.298Z INFO  - 664ed236fa43 Extracting 4MB / 36MB
2025-11-06T21:02:50.866Z INFO  - 664ed236fa43 Extracting 9MB / 36MB
2025-11-06T21:02:51.128Z INFO  - 664ed236fa43 Extracting 11MB / 36MB
2025-11-06T21:02:51.358Z INFO  - 664ed236fa43 Extracting 15MB / 36MB
2025-11-06T21:02:51.666Z INFO  - 664ed236fa43 Extracting 17MB / 36MB
2025-11-06T21:02:52.537Z INFO  - 664ed236fa43 Extracting 28MB / 36MB
2025-11-06T21:02:52.666Z INFO  - 664ed236fa43 Extracting 28MB / 36MB
2025-11-06T21:02:53.123Z INFO  - 664ed236fa43 Extracting 31MB / 36MB
2025-11-06T21:02:53.687Z INFO  - 664ed236fa43 Extracting 35MB / 36MB
2025-11-06T21:02:54.149Z INFO  - 664ed236fa43 Extracting 36MB / 36MB
2025-11-06T21:02:54.269Z INFO  - 664ed236fa43 Extracting 36MB / 36MB
2025-11-06T21:02:55.529Z INFO  - 664ed236fa43 Pull complete
2025-11-06T21:02:55.820Z INFO  - 3f299507e2f5 Extracting 1MB / 34MB
2025-11-06T21:02:55.935Z INFO  - 3f299507e2f5 Extracting 2MB / 34MB
2025-11-06T21:02:56.764Z INFO  - 3f299507e2f5 Extracting 7MB / 34MB
2025-11-06T21:02:57.190Z INFO  - 3f299507e2f5 Extracting 9MB / 34MB
2025-11-06T21:02:57.292Z INFO  - 3f299507e2f5 Extracting 10MB / 34MB
2025-11-06T21:02:57.726Z INFO  - 3f299507e2f5 Extracting 16MB / 34MB
2025-11-06T21:02:57.834Z INFO  - 3f299507e2f5 Extracting 16MB / 34MB
2025-11-06T21:02:58.059Z INFO  - 3f299507e2f5 Extracting 26MB / 34MB
2025-11-06T21:02:58.159Z INFO  - 3f299507e2f5 Extracting 30MB / 34MB
2025-11-06T21:02:58.424Z INFO  - 3f299507e2f5 Extracting 34MB / 34MB
2025-11-06T21:02:59.249Z INFO  - 3f299507e2f5 Pull complete
2025-11-06T21:03:00.250Z INFO  - 76a2519634d6 Extracting 5MB / 5MB
2025-11-06T21:03:00.250Z INFO  - 76a2519634d6 Pull complete
2025-11-06T21:03:00.250Z INFO  - 7956d947f01f Extracting 544KB / 67MB
2025-11-06T21:03:00.250Z INFO  - 7956d947f01f Extracting 1MB / 67MB
2025-11-06T21:03:00.276Z INFO  - 7956d947f01f Extracting 8MB / 67MB
2025-11-06T21:03:00.384Z INFO  - 7956d947f01f Extracting 10MB / 67MB
2025-11-06T21:03:00.799Z INFO  - 7956d947f01f Extracting 26MB / 67MB
2025-11-06T21:03:00.911Z INFO  - 7956d947f01f Extracting 29MB / 67MB
2025-11-06T21:03:01.016Z INFO  - 7956d947f01f Extracting 32MB / 67MB
2025-11-06T21:03:01.581Z INFO  - 7956d947f01f Extracting 40MB / 67MB
2025-11-06T21:03:02.548Z INFO  - 7956d947f01f Extracting 46MB / 67MB
2025-11-06T21:03:02.660Z INFO  - 7956d947f01f Extracting 47MB / 67MB
2025-11-06T21:03:03.357Z INFO  - 7956d947f01f Extracting 51MB / 67MB
2025-11-06T21:03:03.615Z INFO  - 7956d947f01f Extracting 54MB / 67MB
2025-11-06T21:03:03.717Z INFO  - 7956d947f01f Extracting 56MB / 67MB
2025-11-06T21:03:04.157Z INFO  - 7956d947f01f Extracting 67MB / 67MB
2025-11-06T21:03:05.205Z INFO  - 7956d947f01f Pull complete
2025-11-06T21:03:05.235Z INFO  - 62872b7410ba Extracting 1KB / 1KB
2025-11-06T21:03:05.270Z INFO  - 62872b7410ba Extracting 1KB / 1KB
2025-11-06T21:03:05.413Z INFO  - 62872b7410ba Pull complete
2025-11-06T21:03:05.437Z INFO  - c0dc3cbdc92b Extracting 1KB / 1KB
2025-11-06T21:03:05.478Z INFO  - c0dc3cbdc92b Extracting 1KB / 1KB
2025-11-06T21:03:05.601Z INFO  - c0dc3cbdc92b Pull complete
2025-11-06T21:03:05.817Z INFO  - 7de94249b1df Extracting 3KB / 3KB
2025-11-06T21:03:05.858Z INFO  - 7de94249b1df Extracting 3KB / 3KB
2025-11-06T21:03:05.993Z INFO  - 7de94249b1df Pull complete
2025-11-06T21:03:06.016Z INFO  - e440350660ad Extracting 133B / 133B
2025-11-06T21:03:06.075Z INFO  - e440350660ad Extracting 133B / 133B
2025-11-06T21:03:06.832Z INFO  - e440350660ad Pull complete
2025-11-06T21:03:06.951Z INFO  - 6650c3572958 Extracting 271B / 271B
2025-11-06T21:03:06.991Z INFO  - 6650c3572958 Extracting 271B / 271B
2025-11-06T21:03:07.131Z INFO  - 6650c3572958 Pull complete
2025-11-06T21:03:07.165Z INFO  - dc32e5f90448 Extracting 272B / 272B
2025-11-06T21:03:07.228Z INFO  - dc32e5f90448 Extracting 272B / 272B
2025-11-06T21:03:07.388Z INFO  - dc32e5f90448 Pull complete
2025-11-06T21:03:07.467Z INFO  - 5ea4195d0862 Extracting 834B / 834B
2025-11-06T21:03:07.542Z INFO  - 5ea4195d0862 Extracting 834B / 834B
2025-11-06T21:03:07.637Z INFO  - 5ea4195d0862 Pull complete
2025-11-06T21:03:07.675Z INFO  - 4764cb3d71f9 Extracting 125B / 125B
2025-11-06T21:03:07.761Z INFO  - 4764cb3d71f9 Extracting 125B / 125B
2025-11-06T21:03:07.933Z INFO  - 4764cb3d71f9 Pull complete
2025-11-06T21:03:07.976Z INFO  - 480be7cd47a2 Extracting 419B / 419B
2025-11-06T21:03:08.043Z INFO  - 480be7cd47a2 Extracting 419B / 419B
2025-11-06T21:03:08.177Z INFO  - 480be7cd47a2 Pull complete
2025-11-06T21:03:08.209Z INFO  - 2a27bfcc7652 Extracting 1KB / 1KB
2025-11-06T21:03:08.257Z INFO  - 2a27bfcc7652 Extracting 1KB / 1KB
2025-11-06T21:03:08.467Z INFO  - 2a27bfcc7652 Pull complete
2025-11-06T21:03:08.500Z INFO  - 6d5e47e637ca Extracting 1KB / 1KB
2025-11-06T21:03:08.537Z INFO  - 6d5e47e637ca Extracting 1KB / 1KB
2025-11-06T21:03:08.680Z INFO  - 6d5e47e637ca Pull complete
2025-11-06T21:03:08.699Z INFO  - 1765a8a8fd90 Extracting 2KB / 2KB
2025-11-06T21:03:08.747Z INFO  - 1765a8a8fd90 Extracting 2KB / 2KB
2025-11-06T21:03:08.887Z INFO  - 1765a8a8fd90 Pull complete
2025-11-06T21:03:08.908Z INFO  - 903ed9300fd3 Extracting 121B / 121B
2025-11-06T21:03:08.963Z INFO  - 903ed9300fd3 Extracting 121B / 121B
2025-11-06T21:03:09.095Z INFO  - 903ed9300fd3 Pull complete
2025-11-06T21:03:09.143Z INFO  - 8990a9553ea8 Extracting 1KB / 1KB
2025-11-06T21:03:09.189Z INFO  - 8990a9553ea8 Extracting 1KB / 1KB
2025-11-06T21:03:09.339Z INFO  - 8990a9553ea8 Pull complete
2025-11-06T21:03:09.366Z INFO  - e5f2fabe5297 Extracting 1KB / 1KB
2025-11-06T21:03:09.390Z INFO  - e5f2fabe5297 Extracting 1KB / 1KB
2025-11-06T21:03:09.547Z INFO  - e5f2fabe5297 Pull complete
2025-11-06T21:03:09.565Z INFO  - b9dba626bb23 Extracting 354B / 354B
2025-11-06T21:03:09.601Z INFO  - b9dba626bb23 Extracting 354B / 354B
2025-11-06T21:03:09.719Z INFO  - b9dba626bb23 Pull complete
2025-11-06T21:03:09.735Z INFO  - 8ded8ea8fe6c Extracting 841B / 841B
2025-11-06T21:03:09.779Z INFO  - 8ded8ea8fe6c Extracting 841B / 841B
2025-11-06T21:03:09.935Z INFO  - 8ded8ea8fe6c Pull complete
2025-11-06T21:03:09.959Z INFO  - 682d65f4d5f8 Extracting 138B / 138B
2025-11-06T21:03:09.995Z INFO  - 682d65f4d5f8 Extracting 138B / 138B
2025-11-06T21:03:10.137Z INFO  - 682d65f4d5f8 Pull complete
2025-11-06T21:03:10.174Z INFO  - e3c528d96469 Extracting 2KB / 2KB
2025-11-06T21:03:10.235Z INFO  - e3c528d96469 Extracting 2KB / 2KB
2025-11-06T21:03:10.358Z INFO  - e3c528d96469 Pull complete
2025-11-06T21:03:10.374Z INFO  - 6133aab1ec92 Extracting 143B / 143B
2025-11-06T21:03:10.426Z INFO  - 6133aab1ec92 Extracting 143B / 143B
2025-11-06T21:03:10.557Z INFO  - 6133aab1ec92 Pull complete
2025-11-06T21:03:10.596Z INFO  - 5f03dbe156d2 Extracting 11KB / 11KB
2025-11-06T21:03:10.644Z INFO  - 5f03dbe156d2 Extracting 11KB / 11KB
2025-11-06T21:03:10.743Z INFO  - 5f03dbe156d2 Pull complete
2025-11-06T21:03:10.934Z INFO  - 16c29f26cb1b Extracting 384KB / 4MB
2025-11-06T21:03:11.057Z INFO  - 16c29f26cb1b Extracting 1MB / 4MB
2025-11-06T21:03:11.157Z INFO  - 16c29f26cb1b Extracting 1MB / 4MB
2025-11-06T21:03:11.290Z INFO  - 16c29f26cb1b Extracting 2MB / 4MB
2025-11-06T21:03:11.454Z INFO  - 16c29f26cb1b Extracting 4MB / 4MB
2025-11-06T21:03:11.741Z INFO  - 16c29f26cb1b Pull complete
2025-11-06T21:03:11.777Z INFO  - 2c6c5c586573 Extracting 16KB / 16KB
2025-11-06T21:03:11.825Z INFO  - 2c6c5c586573 Extracting 16KB / 16KB
2025-11-06T21:03:12.478Z INFO  - 2c6c5c586573 Pull complete
2025-11-06T21:03:12.567Z INFO  - 85f46a3b3a59 Extracting 1KB / 1KB
2025-11-06T21:03:12.613Z INFO  - 85f46a3b3a59 Extracting 1KB / 1KB
2025-11-06T21:03:12.784Z INFO  - 85f46a3b3a59 Pull complete
2025-11-06T21:03:12.847Z INFO  -  Digest: sha256:40d17d8611cb7357bb00a6123e4d537b67581b784af8a79ae33c76e90834ed54
2025-11-06T21:03:12.877Z INFO  -  Status: Downloaded newer image for mcr.microsoft.com/appsvc/python:3.10_20251017.5.tuxprod
2025-11-06T21:03:12.906Z INFO  - Pull Image successful, Time taken: 90 Seconds
2025-11-06T21:03:14.809Z INFO  - Starting container for site
2025-11-06T21:03:14.809Z INFO  - docker run -d --expose=8000 --name udacitycms_0_ab363feb -e WEBSITE_USE_DIAGNOSTIC_SERVER=false -e PORT=8000 -e WEBSITE_SITE_NAME=udacitycms -e WEBSITE_AUTH_ENABLED=False -e WEBSITE_ROLE_INSTANCE_ID=0 -e WEBSITE_HOSTNAME=udacitycms-hsggc0fbb9cpfyav.canadacentral-01.azurewebsites.net -e WEBSITE_INSTANCE_ID=59351fa27e3b8ff2edfe6734b7b5bfd768057ef3feaf004e31c03e0b72d93ffe appsvc/python:3.10_20251017.5.tuxprod REDACTED
2025-11-06T21:03:14.809Z INFO  - Logging is not enabled for this container.
Please use https://aka.ms/linux-diagnostics to enable logging to see container logs here.
2025-11-06T21:03:18.025Z INFO  - Initiating warmup request to container udacitycms_0_ab363feb for site udacitycms
2025-11-06T21:03:33.227Z ERROR - Container udacitycms_0_ab363feb for site udacitycms has exited, failing site start
2025-11-06T21:03:33.272Z ERROR - Container udacitycms_0_ab363feb didn't respond to HTTP pings on port: 8000. Failing site start. See container logs for debugging.
2025-11-06T21:03:33.299Z INFO  - Stopping site udacitycms because it failed during startup.
2025-11-06T21:03:52.623Z ERROR - DockerApiException: Docker API responded with status code=NotFound, response={"message":"manifest for 10.1.0.4:13209/appsvc/python:3.10_20251017.5.tuxprod not found: manifest unknown: manifest unknown"}

2025-11-06T21:03:53.685Z ERROR - DockerApiException: Docker API responded with status code=NotFound, response={"message":"manifest for 10.1.0.5:13209/appsvc/python:3.10_20251017.5.tuxprod not found: manifest unknown: manifest unknown"}

2025-11-06T21:03:54.067Z INFO  - 3.10_20251017.5.tuxprod Pulling from appsvc/python
2025-11-06T21:03:54.086Z INFO  -  Digest: sha256:40d17d8611cb7357bb00a6123e4d537b67581b784af8a79ae33c76e90834ed54
2025-11-06T21:03:54.090Z INFO  -  Status: Image is up to date for mcr.microsoft.com/appsvc/python:3.10_20251017.5.tuxprod
2025-11-06T21:03:54.111Z INFO  - Pull Image successful, Time taken: 0 Seconds
2025-11-06T21:03:54.293Z INFO  - Starting container for site
2025-11-06T21:03:54.296Z INFO  - docker run -d --expose=8000 --name udacitycms_0_ae6f0047 -e WEBSITE_USE_DIAGNOSTIC_SERVER=false -e PORT=8000 -e WEBSITE_SITE_NAME=udacitycms -e WEBSITE_AUTH_ENABLED=False -e WEBSITE_ROLE_INSTANCE_ID=0 -e WEBSITE_HOSTNAME=udacitycms-hsggc0fbb9cpfyav.canadacentral-01.azurewebsites.net -e WEBSITE_INSTANCE_ID=59351fa27e3b8ff2edfe6734b7b5bfd768057ef3feaf004e31c03e0b72d93ffe appsvc/python:3.10_20251017.5.tuxprod REDACTED
2025-11-06T21:03:54.297Z INFO  - Logging is not enabled for this container.
Please use https://aka.ms/linux-diagnostics to enable logging to see container logs here.
2025-11-06T21:03:58.612Z INFO  - Initiating warmup request to container udacitycms_0_ae6f0047 for site udacitycms
2025-11-06T21:04:14.636Z INFO  - Waiting for response to warmup request for container udacitycms_0_ae6f0047. Elapsed time = 16.0231562 sec
2025-11-06T21:04:24.421Z ERROR - Container udacitycms_0_ae6f0047 for site udacitycms has exited, failing site start
2025-11-06T21:04:24.436Z ERROR - Container udacitycms_0_ae6f0047 didn't respond to HTTP pings on port: 8000. Failing site start. See container logs for debugging.
2025-11-06T21:04:24.440Z INFO  - Stopping site udacitycms because it failed during startup.
2025-11-06T21:04:37.793Z ERROR - DockerApiException: Docker API responded with status code=NotFound, response={"message":"manifest for 10.1.0.5:13209/appsvc/python:3.10_20251017.5.tuxprod not found: manifest unknown: manifest unknown"}

2025-11-06T21:04:38.288Z ERROR - DockerApiException: Docker API responded with status code=NotFound, response={"message":"manifest for 10.1.0.4:13209/appsvc/python:3.10_20251017.5.tuxprod not found: manifest unknown: manifest unknown"}

2025-11-06T21:04:39.197Z INFO  - 3.10_20251017.5.tuxprod Pulling from appsvc/python
2025-11-06T21:04:39.199Z INFO  -  Digest: sha256:40d17d8611cb7357bb00a6123e4d537b67581b784af8a79ae33c76e90834ed54
2025-11-06T21:04:39.200Z INFO  -  Status: Image is up to date for mcr.microsoft.com/appsvc/python:3.10_20251017.5.tuxprod
2025-11-06T21:04:39.210Z INFO  - Pull Image successful, Time taken: 0 Seconds
2025-11-06T21:04:40.735Z INFO  - Starting container for site
2025-11-06T21:04:40.737Z INFO  - docker run -d --expose=8000 --name udacitycms_0_73e81dcc -e WEBSITE_USE_DIAGNOSTIC_SERVER=false -e PORT=8000 -e WEBSITE_SITE_NAME=udacitycms -e WEBSITE_AUTH_ENABLED=False -e WEBSITE_ROLE_INSTANCE_ID=0 -e WEBSITE_HOSTNAME=udacitycms-hsggc0fbb9cpfyav.canadacentral-01.azurewebsites.net -e WEBSITE_INSTANCE_ID=59351fa27e3b8ff2edfe6734b7b5bfd768057ef3feaf004e31c03e0b72d93ffe appsvc/python:3.10_20251017.5.tuxprod REDACTED
2025-11-06T21:04:40.738Z INFO  - Logging is not enabled for this container.
Please use https://aka.ms/linux-diagnostics to enable logging to see container logs here.
2025-11-06T21:04:43.402Z INFO  - Initiating warmup request to container udacitycms_0_73e81dcc for site udacitycms
2025-11-06T21:05:00.306Z INFO  - Waiting for response to warmup request for container udacitycms_0_73e81dcc. Elapsed time = 16.9047792 sec
2025-11-06T21:05:07.965Z ERROR - Container udacitycms_0_73e81dcc for site udacitycms has exited, failing site start
2025-11-06T21:05:07.976Z ERROR - Container udacitycms_0_73e81dcc didn't respond to HTTP pings on port: 8000. Failing site start. See container logs for debugging.
2025-11-06T21:05:07.995Z INFO  - Stopping site udacitycms because it failed during startup.
2025-11-06T21:05:20.183Z ERROR - DockerApiException: Docker API responded with status code=NotFound, response={"message":"manifest for 10.1.0.5:13209/appsvc/python:3.10_20251017.5.tuxprod not found: manifest unknown: manifest unknown"}

2025-11-06T21:05:20.666Z ERROR - DockerApiException: Docker API responded with status code=NotFound, response={"message":"manifest for 10.1.0.4:13209/appsvc/python:3.10_20251017.5.tuxprod not found: manifest unknown: manifest unknown"}

2025-11-06T21:05:20.849Z INFO  - 3.10_20251017.5.tuxprod Pulling from appsvc/python
2025-11-06T21:05:20.863Z INFO  -  Digest: sha256:40d17d8611cb7357bb00a6123e4d537b67581b784af8a79ae33c76e90834ed54
2025-11-06T21:05:20.864Z INFO  -  Status: Image is up to date for mcr.microsoft.com/appsvc/python:3.10_20251017.5.tuxprod
2025-11-06T21:05:20.873Z INFO  - Pull Image successful, Time taken: 0 Seconds
2025-11-06T21:05:21.035Z INFO  - Starting container for site
2025-11-06T21:05:21.035Z INFO  - docker run -d --expose=8000 --name udacitycms_0_2de8a1d9 -e WEBSITE_USE_DIAGNOSTIC_SERVER=false -e PORT=8000 -e WEBSITE_SITE_NAME=udacitycms -e WEBSITE_AUTH_ENABLED=False -e WEBSITE_ROLE_INSTANCE_ID=0 -e WEBSITE_HOSTNAME=udacitycms-hsggc0fbb9cpfyav.canadacentral-01.azurewebsites.net -e WEBSITE_INSTANCE_ID=59351fa27e3b8ff2edfe6734b7b5bfd768057ef3feaf004e31c03e0b72d93ffe appsvc/python:3.10_20251017.5.tuxprod REDACTED
2025-11-06T21:05:21.036Z INFO  - Logging is not enabled for this container.
Please use https://aka.ms/linux-diagnostics to enable logging to see container logs here.
2025-11-06T21:05:26.127Z INFO  - Initiating warmup request to container udacitycms_0_2de8a1d9 for site udacitycms
2025-11-06T21:05:43.102Z INFO  - Waiting for response to warmup request for container udacitycms_0_2de8a1d9. Elapsed time = 16.975066 sec
2025-11-06T21:05:50.091Z ERROR - Container udacitycms_0_2de8a1d9 for site udacitycms has exited, failing site start
2025-11-06T21:05:50.107Z ERROR - Container udacitycms_0_2de8a1d9 didn't respond to HTTP pings on port: 8000. Failing site start. See container logs for debugging.
2025-11-06T21:05:50.112Z INFO  - Stopping site udacitycms because it failed during startup.
2025-11-06T21:08:15.524Z ERROR - DockerApiException: Docker API responded with status code=NotFound, response={"message":"manifest for 10.1.0.5:13209/appsvc/python:3.10_20251017.5.tuxprod not found: manifest unknown: manifest unknown"}

2025-11-06T21:08:17.305Z ERROR - DockerApiException: Docker API responded with status code=NotFound, response={"message":"manifest for 10.1.0.4:13209/appsvc/python:3.10_20251017.5.tuxprod not found: manifest unknown: manifest unknown"}

2025-11-06T21:08:17.465Z INFO  - 3.10_20251017.5.tuxprod Pulling from appsvc/python
2025-11-06T21:08:17.490Z INFO  -  Digest: sha256:40d17d8611cb7357bb00a6123e4d537b67581b784af8a79ae33c76e90834ed54
2025-11-06T21:08:17.491Z INFO  -  Status: Image is up to date for mcr.microsoft.com/appsvc/python:3.10_20251017.5.tuxprod
2025-11-06T21:08:17.499Z INFO  - Pull Image successful, Time taken: 0 Seconds
2025-11-06T21:08:17.568Z INFO  - Starting container for site
2025-11-06T21:08:17.569Z INFO  - docker run -d --expose=8000 --name udacitycms_0_b03843a7 -e WEBSITE_USE_DIAGNOSTIC_SERVER=false -e PORT=8000 -e WEBSITE_SITE_NAME=udacitycms -e WEBSITE_AUTH_ENABLED=False -e WEBSITE_ROLE_INSTANCE_ID=0 -e WEBSITE_HOSTNAME=udacitycms-hsggc0fbb9cpfyav.canadacentral-01.azurewebsites.net -e WEBSITE_INSTANCE_ID=59351fa27e3b8ff2edfe6734b7b5bfd768057ef3feaf004e31c03e0b72d93ffe appsvc/python:3.10_20251017.5.tuxprod REDACTED
2025-11-06T21:08:17.571Z INFO  - Logging is not enabled for this container.
Please use https://aka.ms/linux-diagnostics to enable logging to see container logs here.
2025-11-06T21:08:19.952Z INFO  - Initiating warmup request to container udacitycms_0_b03843a7 for site udacitycms
2025-11-06T21:08:37.041Z ERROR - Container udacitycms_0_b03843a7 for site udacitycms has exited, failing site start
2025-11-06T21:08:37.096Z ERROR - Container udacitycms_0_b03843a7 didn't respond to HTTP pings on port: 8000. Failing site start. See container logs for debugging.
2025-11-06T21:08:37.165Z INFO  - Stopping site udacitycms because it failed during startup.
2025-11-06T21:12:42.629Z ERROR - DockerApiException: Docker API responded with status code=NotFound, response={"message":"manifest for 10.1.0.5:13209/appsvc/python:3.10_20251017.5.tuxprod not found: manifest unknown: manifest unknown"}

2025-11-06T21:12:43.021Z ERROR - DockerApiException: Docker API responded with status code=NotFound, response={"message":"manifest for 10.1.0.4:13209/appsvc/python:3.10_20251017.5.tuxprod not found: manifest unknown: manifest unknown"}

2025-11-06T21:12:43.594Z INFO  - 3.10_20251017.5.tuxprod Pulling from appsvc/python
2025-11-06T21:12:43.605Z INFO  -  Digest: sha256:40d17d8611cb7357bb00a6123e4d537b67581b784af8a79ae33c76e90834ed54
2025-11-06T21:12:43.609Z INFO  -  Status: Image is up to date for mcr.microsoft.com/appsvc/python:3.10_20251017.5.tuxprod
2025-11-06T21:12:43.642Z INFO  - Pull Image successful, Time taken: 0 Seconds
2025-11-06T21:12:43.863Z INFO  - Starting container for site
2025-11-06T21:12:43.863Z INFO  - docker run -d --expose=8000 --name udacitycms_0_8c8d10f9 -e WEBSITE_USE_DIAGNOSTIC_SERVER=false -e PORT=8000 -e WEBSITE_SITE_NAME=udacitycms -e WEBSITE_AUTH_ENABLED=False -e WEBSITE_ROLE_INSTANCE_ID=0 -e WEBSITE_HOSTNAME=udacitycms-hsggc0fbb9cpfyav.canadacentral-01.azurewebsites.net -e WEBSITE_INSTANCE_ID=59351fa27e3b8ff2edfe6734b7b5bfd768057ef3feaf004e31c03e0b72d93ffe appsvc/python:3.10_20251017.5.tuxprod REDACTED
2025-11-06T21:12:43.863Z INFO  - Logging is not enabled for this container.
Please use https://aka.ms/linux-diagnostics to enable logging to see container logs here.
2025-11-06T21:12:46.064Z INFO  - Initiating warmup request to container udacitycms_0_8c8d10f9 for site udacitycms
2025-11-06T21:13:07.821Z ERROR - Container udacitycms_0_8c8d10f9 for site udacitycms has exited, failing site start
2025-11-06T21:13:07.840Z ERROR - Container udacitycms_0_8c8d10f9 didn't respond to HTTP pings on port: 8000. Failing site start. See container logs for debugging.
2025-11-06T21:13:07.885Z INFO  - Stopping site udacitycms because it failed during startup.
2025-11-06T21:15:45.356Z ERROR - DockerApiException: Docker API responded with status code=NotFound, response={"message":"manifest for 10.1.0.5:13209/appsvc/python:3.10_20251017.5.tuxprod not found: manifest unknown: manifest unknown"}

2025-11-06T21:15:45.695Z ERROR - DockerApiException: Docker API responded with status code=NotFound, response={"message":"manifest for 10.1.0.4:13209/appsvc/python:3.10_20251017.5.tuxprod not found: manifest unknown: manifest unknown"}

2025-11-06T21:15:45.835Z INFO  - 3.10_20251017.5.tuxprod Pulling from appsvc/python
2025-11-06T21:15:45.843Z INFO  -  Digest: sha256:40d17d8611cb7357bb00a6123e4d537b67581b784af8a79ae33c76e90834ed54
2025-11-06T21:15:45.845Z INFO  -  Status: Image is up to date for mcr.microsoft.com/appsvc/python:3.10_20251017.5.tuxprod
2025-11-06T21:15:45.858Z INFO  - Pull Image successful, Time taken: 0 Seconds
2025-11-06T21:15:45.930Z INFO  - Starting container for site
2025-11-06T21:15:45.932Z INFO  - docker run -d --expose=8000 --name udacitycms_0_22401695 -e WEBSITE_USE_DIAGNOSTIC_SERVER=false -e PORT=8000 -e WEBSITE_SITE_NAME=udacitycms -e WEBSITE_AUTH_ENABLED=False -e WEBSITE_ROLE_INSTANCE_ID=0 -e WEBSITE_HOSTNAME=udacitycms-hsggc0fbb9cpfyav.canadacentral-01.azurewebsites.net -e WEBSITE_INSTANCE_ID=59351fa27e3b8ff2edfe6734b7b5bfd768057ef3feaf004e31c03e0b72d93ffe appsvc/python:3.10_20251017.5.tuxprod REDACTED
2025-11-06T21:15:45.933Z INFO  - Logging is not enabled for this container.
Please use https://aka.ms/linux-diagnostics to enable logging to see container logs here.
2025-11-06T21:15:47.312Z INFO  - Initiating warmup request to container udacitycms_0_22401695 for site udacitycms
2025-11-06T21:16:02.914Z INFO  - Waiting for response to warmup request for container udacitycms_0_22401695. Elapsed time = 15.6012355 sec
2025-11-06T21:16:06.492Z ERROR - Container udacitycms_0_22401695 for site udacitycms has exited, failing site start
2025-11-06T21:16:06.845Z ERROR - Container udacitycms_0_22401695 didn't respond to HTTP pings on port: 8000. Failing site start. See container logs for debugging.
2025-11-06T21:16:06.875Z INFO  - Stopping site udacitycms because it failed during startup.
2025-11-06T21:23:14.444Z ERROR - DockerApiException: Docker API responded with status code=NotFound, response={"message":"manifest for 10.1.0.4:13209/appsvc/python:3.10_20251017.5.tuxprod not found: manifest unknown: manifest unknown"}

2025-11-06T21:23:14.806Z ERROR - DockerApiException: Docker API responded with status code=NotFound, response={"message":"manifest for 10.1.0.5:13209/appsvc/python:3.10_20251017.5.tuxprod not found: manifest unknown: manifest unknown"}

2025-11-06T21:23:14.988Z INFO  - 3.10_20251017.5.tuxprod Pulling from appsvc/python
2025-11-06T21:23:14.999Z INFO  -  Digest: sha256:40d17d8611cb7357bb00a6123e4d537b67581b784af8a79ae33c76e90834ed54
2025-11-06T21:23:15.018Z INFO  -  Status: Image is up to date for mcr.microsoft.com/appsvc/python:3.10_20251017.5.tuxprod
2025-11-06T21:23:15.748Z INFO  - Pull Image successful, Time taken: 0 Seconds
2025-11-06T21:23:16.771Z INFO  - Starting container for site
2025-11-06T21:23:16.773Z INFO  - docker run -d --expose=8000 --name udacitycms_0_8142f6fc -e WEBSITE_USE_DIAGNOSTIC_SERVER=false -e PORT=8000 -e WEBSITE_SITE_NAME=udacitycms -e WEBSITE_AUTH_ENABLED=False -e WEBSITE_ROLE_INSTANCE_ID=0 -e WEBSITE_HOSTNAME=udacitycms-hsggc0fbb9cpfyav.canadacentral-01.azurewebsites.net -e WEBSITE_INSTANCE_ID=59351fa27e3b8ff2edfe6734b7b5bfd768057ef3feaf004e31c03e0b72d93ffe appsvc/python:3.10_20251017.5.tuxprod REDACTED
2025-11-06T21:23:16.774Z INFO  - Logging is not enabled for this container.
Please use https://aka.ms/linux-diagnostics to enable logging to see container logs here.
2025-11-06T21:23:18.709Z INFO  - Initiating warmup request to container udacitycms_0_8142f6fc for site udacitycms
2025-11-06T21:23:35.069Z INFO  - Waiting for response to warmup request for container udacitycms_0_8142f6fc. Elapsed time = 16.3593006 sec
2025-11-06T21:23:35.120Z ERROR - Container udacitycms_0_8142f6fc for site udacitycms has exited, failing site start
2025-11-06T21:23:35.134Z ERROR - Container udacitycms_0_8142f6fc didn't respond to HTTP pings on port: 8000. Failing site start. See container logs for debugging.
2025-11-06T21:23:35.145Z INFO  - Stopping site udacitycms because it failed during startup.
2025-11-06T21:26:17.275Z ERROR - DockerApiException: Docker API responded with status code=NotFound, response={"message":"manifest for 10.1.0.4:13209/appsvc/python:3.10_20251017.5.tuxprod not found: manifest unknown: manifest unknown"}

2025-11-06T21:26:17.623Z ERROR - DockerApiException: Docker API responded with status code=NotFound, response={"message":"manifest for 10.1.0.5:13209/appsvc/python:3.10_20251017.5.tuxprod not found: manifest unknown: manifest unknown"}

2025-11-06T21:26:17.802Z INFO  - 3.10_20251017.5.tuxprod Pulling from appsvc/python
2025-11-06T21:26:17.848Z INFO  -  Digest: sha256:40d17d8611cb7357bb00a6123e4d537b67581b784af8a79ae33c76e90834ed54
2025-11-06T21:26:17.850Z INFO  -  Status: Image is up to date for mcr.microsoft.com/appsvc/python:3.10_20251017.5.tuxprod
2025-11-06T21:26:17.867Z INFO  - Pull Image successful, Time taken: 0 Seconds
2025-11-06T21:26:17.944Z INFO  - Starting container for site
2025-11-06T21:26:17.946Z INFO  - docker run -d --expose=8000 --name udacitycms_0_585a49c3 -e WEBSITE_USE_DIAGNOSTIC_SERVER=false -e PORT=8000 -e WEBSITE_SITE_NAME=udacitycms -e WEBSITE_AUTH_ENABLED=False -e WEBSITE_ROLE_INSTANCE_ID=0 -e WEBSITE_HOSTNAME=udacitycms-hsggc0fbb9cpfyav.canadacentral-01.azurewebsites.net -e WEBSITE_INSTANCE_ID=59351fa27e3b8ff2edfe6734b7b5bfd768057ef3feaf004e31c03e0b72d93ffe appsvc/python:3.10_20251017.5.tuxprod REDACTED
2025-11-06T21:26:17.947Z INFO  - Logging is not enabled for this container.
Please use https://aka.ms/linux-diagnostics to enable logging to see container logs here.
2025-11-06T21:26:19.600Z INFO  - Initiating warmup request to container udacitycms_0_585a49c3 for site udacitycms
2025-11-06T21:26:37.451Z ERROR - Container udacitycms_0_585a49c3 for site udacitycms is not running, failing site start
2025-11-06T21:26:37.487Z ERROR - Container udacitycms_0_585a49c3 didn't respond to HTTP pings on port: 8000. Failing site start. See container logs for debugging.
2025-11-06T21:26:37.518Z INFO  - Stopping site udacitycms because it failed during startup.
2025-11-06T21:31:17.966Z ERROR - DockerApiException: Docker API responded with status code=NotFound, response={"message":"manifest for 10.1.0.4:13209/appsvc/python:3.10_20251017.5.tuxprod not found: manifest unknown: manifest unknown"}

2025-11-06T21:31:18.359Z ERROR - DockerApiException: Docker API responded with status code=NotFound, response={"message":"manifest for 10.1.0.5:13209/appsvc/python:3.10_20251017.5.tuxprod not found: manifest unknown: manifest unknown"}

2025-11-06T21:31:18.571Z INFO  - 3.10_20251017.5.tuxprod Pulling from appsvc/python
2025-11-06T21:31:18.604Z INFO  -  Digest: sha256:40d17d8611cb7357bb00a6123e4d537b67581b784af8a79ae33c76e90834ed54
2025-11-06T21:31:18.607Z INFO  -  Status: Image is up to date for mcr.microsoft.com/appsvc/python:3.10_20251017.5.tuxprod
2025-11-06T21:31:18.624Z INFO  - Pull Image successful, Time taken: 0 Seconds
2025-11-06T21:31:18.693Z INFO  - Starting container for site
2025-11-06T21:31:18.696Z INFO  - docker run -d --expose=8000 --name udacitycms_0_fcc22d53 -e WEBSITE_USE_DIAGNOSTIC_SERVER=false -e PORT=8000 -e WEBSITE_SITE_NAME=udacitycms -e WEBSITE_AUTH_ENABLED=False -e WEBSITE_ROLE_INSTANCE_ID=0 -e WEBSITE_HOSTNAME=udacitycms-hsggc0fbb9cpfyav.canadacentral-01.azurewebsites.net -e WEBSITE_INSTANCE_ID=59351fa27e3b8ff2edfe6734b7b5bfd768057ef3feaf004e31c03e0b72d93ffe appsvc/python:3.10_20251017.5.tuxprod REDACTED
2025-11-06T21:31:18.697Z INFO  - Logging is not enabled for this container.
Please use https://aka.ms/linux-diagnostics to enable logging to see container logs here.
2025-11-06T21:31:22.219Z INFO  - Initiating warmup request to container udacitycms_0_fcc22d53 for site udacitycms
2025-11-06T21:31:37.540Z INFO  - Waiting for response to warmup request for container udacitycms_0_fcc22d53. Elapsed time = 15.3207229 sec
2025-11-06T21:31:41.348Z ERROR - Container udacitycms_0_fcc22d53 for site udacitycms has exited, failing site start
2025-11-06T21:31:41.370Z ERROR - Container udacitycms_0_fcc22d53 didn't respond to HTTP pings on port: 8000. Failing site start. See container logs for debugging.
2025-11-06T21:31:41.387Z INFO  - Stopping site udacitycms because it failed during startup.
2025-11-06T21:46:55.542Z ERROR - DockerApiException: Docker API responded with status code=NotFound, response={"message":"manifest for 10.1.0.5:13209/appsvc/python:3.10_20251017.5.tuxprod not found: manifest unknown: manifest unknown"}

2025-11-06T21:46:55.900Z ERROR - DockerApiException: Docker API responded with status code=NotFound, response={"message":"manifest for 10.1.0.4:13209/appsvc/python:3.10_20251017.5.tuxprod not found: manifest unknown: manifest unknown"}

2025-11-06T21:46:56.112Z INFO  - 3.10_20251017.5.tuxprod Pulling from appsvc/python
2025-11-06T21:46:56.133Z INFO  -  Digest: sha256:40d17d8611cb7357bb00a6123e4d537b67581b784af8a79ae33c76e90834ed54
2025-11-06T21:46:56.136Z INFO  -  Status: Image is up to date for mcr.microsoft.com/appsvc/python:3.10_20251017.5.tuxprod
2025-11-06T21:46:56.155Z INFO  - Pull Image successful, Time taken: 0 Seconds
2025-11-06T21:46:58.079Z INFO  - Starting container for site
2025-11-06T21:46:58.080Z INFO  - docker run -d --expose=8000 --name udacitycms_0_a5f75a5a -e WEBSITE_USE_DIAGNOSTIC_SERVER=false -e PORT=8000 -e WEBSITE_SITE_NAME=udacitycms -e WEBSITE_AUTH_ENABLED=False -e WEBSITE_ROLE_INSTANCE_ID=0 -e WEBSITE_HOSTNAME=udacitycms-hsggc0fbb9cpfyav.canadacentral-01.azurewebsites.net -e WEBSITE_INSTANCE_ID=59351fa27e3b8ff2edfe6734b7b5bfd768057ef3feaf004e31c03e0b72d93ffe appsvc/python:3.10_20251017.5.tuxprod REDACTED
2025-11-06T21:46:58.083Z INFO  - Logging is not enabled for this container.
Please use https://aka.ms/linux-diagnostics to enable logging to see container logs here.
2025-11-06T21:47:02.570Z INFO  - Initiating warmup request to container udacitycms_0_a5f75a5a for site udacitycms
2025-11-06T21:47:21.433Z INFO  - Waiting for response to warmup request for container udacitycms_0_a5f75a5a. Elapsed time = 18.8894851 sec
2025-11-06T21:47:42.699Z INFO  - Waiting for response to warmup request for container udacitycms_0_a5f75a5a. Elapsed time = 40.0713717 sec
2025-11-06T21:47:51.987Z INFO  - Container udacitycms_0_a5f75a5a for site udacitycms initialized successfully and is ready to serve requests.
2025-11-06T21:49:00.120Z ERROR - DockerApiException: Docker API responded with status code=NotFound, response={"message":"manifest for 10.1.0.4:13209/appsvc/python:3.10_20251017.5.tuxprod not found: manifest unknown: manifest unknown"}

2025-11-06T21:49:02.317Z ERROR - DockerApiException: Docker API responded with status code=NotFound, response={"message":"manifest for 10.1.0.5:13209/appsvc/python:3.10_20251017.5.tuxprod not found: manifest unknown: manifest unknown"}

2025-11-06T21:49:02.627Z INFO  - 3.10_20251017.5.tuxprod Pulling from appsvc/python
2025-11-06T21:49:02.643Z INFO  -  Digest: sha256:40d17d8611cb7357bb00a6123e4d537b67581b784af8a79ae33c76e90834ed54
2025-11-06T21:49:02.643Z INFO  -  Status: Image is up to date for mcr.microsoft.com/appsvc/python:3.10_20251017.5.tuxprod
2025-11-06T21:49:02.690Z INFO  - Pull Image successful, Time taken: 0 Seconds
2025-11-06T21:49:02.816Z INFO  - Starting container for site
2025-11-06T21:49:02.816Z INFO  - docker run -d --expose=8000 --name udacitycms_0_71c83616 -e WEBSITE_USE_DIAGNOSTIC_SERVER=false -e PORT=8000 -e WEBSITE_SITE_NAME=udacitycms -e WEBSITE_AUTH_ENABLED=False -e WEBSITE_ROLE_INSTANCE_ID=0 -e WEBSITE_HOSTNAME=udacitycms-hsggc0fbb9cpfyav.canadacentral-01.azurewebsites.net -e WEBSITE_INSTANCE_ID=59351fa27e3b8ff2edfe6734b7b5bfd768057ef3feaf004e31c03e0b72d93ffe appsvc/python:3.10_20251017.5.tuxprod REDACTED
2025-11-06T21:49:02.816Z INFO  - Logging is not enabled for this container.
Please use https://aka.ms/linux-diagnostics to enable logging to see container logs here.
2025-11-06T21:49:05.092Z INFO  - Initiating warmup request to container udacitycms_0_71c83616 for site udacitycms
2025-11-06T21:49:18.048Z INFO  - Container udacitycms_0_71c83616 for site udacitycms initialized successfully and is ready to serve requests.
2025-11-06T22:10:05.040Z ERROR - DockerApiException: Docker API responded with status code=NotFound, response={"message":"manifest for 10.1.0.4:13209/appsvc/python:3.10_20251017.5.tuxprod not found: manifest unknown: manifest unknown"}

2025-11-06T22:10:05.410Z ERROR - DockerApiException: Docker API responded with status code=NotFound, response={"message":"manifest for 10.1.0.5:13209/appsvc/python:3.10_20251017.5.tuxprod not found: manifest unknown: manifest unknown"}

2025-11-06T22:10:06.092Z INFO  - 3.10_20251017.5.tuxprod Pulling from appsvc/python
2025-11-06T22:10:06.187Z INFO  -  Digest: sha256:40d17d8611cb7357bb00a6123e4d537b67581b784af8a79ae33c76e90834ed54
2025-11-06T22:10:06.223Z INFO  -  Status: Image is up to date for mcr.microsoft.com/appsvc/python:3.10_20251017.5.tuxprod
2025-11-06T22:10:06.258Z INFO  - Pull Image successful, Time taken: 0 Seconds
2025-11-06T22:10:06.502Z INFO  - Starting container for site
2025-11-06T22:10:06.502Z INFO  - docker run -d --expose=8000 --name udacitycms_1_82caef87 -e WEBSITE_USE_DIAGNOSTIC_SERVER=false -e PORT=8000 -e WEBSITE_SITE_NAME=udacitycms -e WEBSITE_AUTH_ENABLED=False -e WEBSITE_ROLE_INSTANCE_ID=0 -e WEBSITE_HOSTNAME=udacitycms-hsggc0fbb9cpfyav.canadacentral-01.azurewebsites.net -e WEBSITE_INSTANCE_ID=59351fa27e3b8ff2edfe6734b7b5bfd768057ef3feaf004e31c03e0b72d93ffe appsvc/python:3.10_20251017.5.tuxprod REDACTED
2025-11-06T22:10:06.502Z INFO  - Logging is not enabled for this container.
Please use https://aka.ms/linux-diagnostics to enable logging to see container logs here.
2025-11-06T22:10:10.733Z INFO  - Initiating warmup request to container udacitycms_1_82caef87 for site udacitycms
2025-11-06T22:10:26.440Z INFO  - Waiting for response to warmup request for container udacitycms_1_82caef87. Elapsed time = 15.7288011 sec
2025-11-06T22:10:51.095Z INFO  - Waiting for response to warmup request for container udacitycms_1_82caef87. Elapsed time = 40.3836371 sec
2025-11-06T22:11:10.744Z INFO  - Waiting for response to warmup request for container udacitycms_1_82caef87. Elapsed time = 60.032922 sec
2025-11-06T22:11:27.566Z INFO  - Waiting for response to warmup request for container udacitycms_1_82caef87. Elapsed time = 76.8548288 sec
2025-11-06T22:11:48.794Z INFO  - Waiting for response to warmup request for container udacitycms_1_82caef87. Elapsed time = 98.0827775 sec
2025-11-06T22:12:03.206Z INFO  - Container udacitycms_1_82caef87 for site udacitycms initialized successfully and is ready to serve requests.
2025-11-06T22:12:08.012Z ERROR - DockerApiException: Docker API responded with status code=NotFound, response={"message":"manifest for 10.1.0.4:13209/appsvc/python:3.10_20251017.5.tuxprod not found: manifest unknown: manifest unknown"}

2025-11-06T22:12:11.201Z ERROR - DockerApiException: Docker API responded with status code=NotFound, response={"message":"manifest for 10.1.0.5:13209/appsvc/python:3.10_20251017.5.tuxprod not found: manifest unknown: manifest unknown"}

2025-11-06T22:12:13.941Z INFO  - 3.10_20251017.5.tuxprod Pulling from appsvc/python
2025-11-06T22:12:13.970Z INFO  -  Digest: sha256:40d17d8611cb7357bb00a6123e4d537b67581b784af8a79ae33c76e90834ed54
2025-11-06T22:12:13.974Z INFO  -  Status: Image is up to date for mcr.microsoft.com/appsvc/python:3.10_20251017.5.tuxprod
2025-11-06T22:12:14.302Z INFO  - Pull Image successful, Time taken: 2 Seconds
2025-11-06T22:12:17.135Z INFO  - Starting container for site
2025-11-06T22:12:17.135Z INFO  - docker run -d --expose=8000 --name udacitycms_2_4a786b8e -e WEBSITE_USE_DIAGNOSTIC_SERVER=false -e PORT=8000 -e WEBSITE_SITE_NAME=udacitycms -e WEBSITE_AUTH_ENABLED=False -e WEBSITE_ROLE_INSTANCE_ID=0 -e WEBSITE_HOSTNAME=udacitycms-hsggc0fbb9cpfyav.canadacentral-01.azurewebsites.net -e WEBSITE_INSTANCE_ID=59351fa27e3b8ff2edfe6734b7b5bfd768057ef3feaf004e31c03e0b72d93ffe appsvc/python:3.10_20251017.5.tuxprod REDACTED
2025-11-06T22:12:17.135Z INFO  - Logging is not enabled for this container.
Please use https://aka.ms/linux-diagnostics to enable logging to see container logs here.
2025-11-06T22:12:49.528Z INFO  - Initiating warmup request to container udacitycms_2_4a786b8e for site udacitycms
2025-11-06T22:13:05.151Z INFO  - Waiting for response to warmup request for container udacitycms_2_4a786b8e. Elapsed time = 15.6294885 sec
2025-11-06T22:13:06.697Z INFO  - Container udacitycms_2_4a786b8e for site udacitycms initialized successfully and is ready to serve requests.
2025-11-06T22:14:15.9121988Z Container start method called.
2025-11-06T22:14:15.9222990Z Establishing network.
2025-11-06T22:14:15.9229900Z Pulling image: appsvc/python:3.10_20251017.5.tuxprod.
2025-11-06T22:14:20.9028473Z Container is starting.
2025-11-06T22:14:20.9042741Z Establishing user namespace if not established already.
2025-11-06T22:14:20.9044259Z Establishing network if not established already.
2025-11-06T22:14:20.9048129Z Mounting volumes.
2025-11-06T22:14:20.9103166Z Nested mountpoint 
2025-11-06T22:14:20.9236845Z Nested mountpoint volatile/logs
2025-11-06T22:14:20.9271742Z Nested mountpoint 
2025-11-06T22:14:20.9324861Z Nested mountpoint 
2025-11-06T22:14:20.9482462Z Nested mountpoint 
2025-11-06T22:14:20.9522677Z Nested mountpoint 
2025-11-06T22:14:20.9605369Z Nested mountpoint 
2025-11-06T22:14:21.1978387Z Creating container.
2025-11-06T22:14:21.1990019Z Creating pipes for streaming container io.
2025-11-06T22:14:21.1996476Z Creating stdout named pipe at /podr/container/pipe/acf027c06751_udacitycms/stdout_43c4556c03bc432196c4538f11496276.
2025-11-06T22:14:21.2006147Z Successfully created stdout named pipe at: /podr/container/pipe/acf027c06751_udacitycms/stdout_43c4556c03bc432196c4538f11496276.
2025-11-06T22:14:21.2007491Z Opening named pipe /podr/container/pipe/acf027c06751_udacitycms/stdout_43c4556c03bc432196c4538f11496276 for reading in non-blocking mode.
2025-11-06T22:14:21.2010182Z Successfully opened named pipe: /podr/container/pipe/acf027c06751_udacitycms/stdout_43c4556c03bc432196c4538f11496276.
2025-11-06T22:14:21.2011443Z Successfully removed non-blocking flag from /podr/container/pipe/acf027c06751_udacitycms/stdout_43c4556c03bc432196c4538f11496276.
2025-11-06T22:14:21.2012855Z Creating stderr named pipe at /podr/container/pipe/acf027c06751_udacitycms/stderr_63510a57e14c42f5b16177b983a93e6d.
2025-11-06T22:14:21.2020419Z Successfully created stderr named pipe at: /podr/container/pipe/acf027c06751_udacitycms/stderr_63510a57e14c42f5b16177b983a93e6d.
2025-11-06T22:14:21.2022258Z Opening named pipe /podr/container/pipe/acf027c06751_udacitycms/stderr_63510a57e14c42f5b16177b983a93e6d for reading in non-blocking mode.
2025-11-06T22:14:21.2023581Z Successfully opened named pipe: /podr/container/pipe/acf027c06751_udacitycms/stderr_63510a57e14c42f5b16177b983a93e6d.
2025-11-06T22:14:21.2024608Z Successfully removed non-blocking flag from /podr/container/pipe/acf027c06751_udacitycms/stderr_63510a57e14c42f5b16177b983a93e6d.
2025-11-06T22:14:21.2043202Z Creating container with image: appsvc/python:3.10_20251017.5.tuxprod from registry: mcr.microsoft.com and fully qualified image name: mcr.microsoft.com/appsvc/python:3.10_20251017.5.tuxprod
2025-11-06T22:14:21.5412301Z Starting container: acf027c06751_udacitycms.
2025-11-06T22:14:21.5662731Z Starting watchers and probes.
2025-11-06T22:14:21.5675060Z Starting metrics collection.
2025-11-06T22:14:21.5676673Z Container is running.
2025-11-06T22:14:22.2389151Z Container start method finished after 6317 ms.
2025-11-06T22:14:40.5958538Z Site startup probe succeeded after 18.339603 seconds.
2025-11-06T22:14:40.7643166Z Site is running with deployment version: 6d9d9433-8d05-42a6-9558-ad87d6d13b35
2025-11-06T22:14:40.7662555Z Site started.
2025-11-06T22:14:40.8331183Z Site is running with patch version PYTHON 3.10.19
2025-11-06T22:21:58.9974661Z Container start method called.
2025-11-06T22:21:59.0056922Z Establishing network.
2025-11-06T22:21:59.0064489Z Pulling image: appsvc/python:3.10_20251017.5.tuxprod.
2025-11-06T22:22:01.3779717Z Container is starting.
2025-11-06T22:22:01.3823096Z Establishing user namespace if not established already.
2025-11-06T22:22:01.3850002Z Establishing network if not established already.
2025-11-06T22:22:01.3851766Z Mounting volumes.
2025-11-06T22:22:01.3927353Z Nested mountpoint 
2025-11-06T22:22:01.4010982Z Nested mountpoint volatile/logs
2025-11-06T22:22:01.4051875Z Nested mountpoint 
2025-11-06T22:22:01.4305921Z Nested mountpoint 
2025-11-06T22:22:01.4510028Z Nested mountpoint 
2025-11-06T22:22:01.4528174Z Nested mountpoint 
2025-11-06T22:22:01.5035353Z Nested mountpoint 
2025-11-06T22:22:03.5310124Z Creating container.
2025-11-06T22:22:03.5349321Z Creating pipes for streaming container io.
2025-11-06T22:22:03.5372664Z Creating stdout named pipe at /podr/container/pipe/223c61437136_udacitycms/stdout_142c16b86a734742ac25bf414cf61c61.
2025-11-06T22:22:03.5414671Z Successfully created stdout named pipe at: /podr/container/pipe/223c61437136_udacitycms/stdout_142c16b86a734742ac25bf414cf61c61.
2025-11-06T22:22:03.5431731Z Opening named pipe /podr/container/pipe/223c61437136_udacitycms/stdout_142c16b86a734742ac25bf414cf61c61 for reading in non-blocking mode.
2025-11-06T22:22:03.5446365Z Successfully opened named pipe: /podr/container/pipe/223c61437136_udacitycms/stdout_142c16b86a734742ac25bf414cf61c61.
2025-11-06T22:22:03.5454736Z Successfully removed non-blocking flag from /podr/container/pipe/223c61437136_udacitycms/stdout_142c16b86a734742ac25bf414cf61c61.
2025-11-06T22:22:03.5482641Z Creating stderr named pipe at /podr/container/pipe/223c61437136_udacitycms/stderr_910a533ee6f2422e968e42a55957b725.
2025-11-06T22:22:03.5514524Z Successfully created stderr named pipe at: /podr/container/pipe/223c61437136_udacitycms/stderr_910a533ee6f2422e968e42a55957b725.
2025-11-06T22:22:03.5518015Z Opening named pipe /podr/container/pipe/223c61437136_udacitycms/stderr_910a533ee6f2422e968e42a55957b725 for reading in non-blocking mode.
2025-11-06T22:22:03.5521067Z Successfully opened named pipe: /podr/container/pipe/223c61437136_udacitycms/stderr_910a533ee6f2422e968e42a55957b725.
2025-11-06T22:22:03.5533716Z Successfully removed non-blocking flag from /podr/container/pipe/223c61437136_udacitycms/stderr_910a533ee6f2422e968e42a55957b725.
2025-11-06T22:22:03.5706971Z Creating container with image: appsvc/python:3.10_20251017.5.tuxprod from registry: mcr.microsoft.com and fully qualified image name: mcr.microsoft.com/appsvc/python:3.10_20251017.5.tuxprod
2025-11-06T22:22:04.1828025Z Starting container: 223c61437136_udacitycms.
2025-11-06T22:22:04.2897799Z Starting watchers and probes.
2025-11-06T22:22:04.3063592Z Starting metrics collection.
2025-11-06T22:22:04.3067072Z Container is running.
2025-11-06T22:22:04.3771003Z Container start method finished after 5377 ms.
2025-11-06T22:23:01.6561985Z Site startup probe succeeded after 57.2276233 seconds.
2025-11-06T22:23:01.8624831Z Site is running with deployment version: 059f8e54-d85e-4f29-8fd2-1a5b4689a863
2025-11-06T22:23:01.8697422Z Site started.
2025-11-06T22:23:01.8719693Z Site is running with patch version PYTHON 3.10.19
2025-11-06T22:23:21.9878454Z Container is terminating. Grace period: 5 seconds.
2025-11-06T22:23:22.0893592Z Stop and delete container. Retry count = 0
2025-11-06T22:23:22.0895403Z Stopping container: acf027c06751_udacitycms.
2025-11-06T22:23:27.1216249Z Deleting container: acf027c06751_udacitycms. Retry count = 0
2025-11-06T22:23:27.8795451Z Container spec TerminationMessagePolicy  path 
2025-11-06T22:23:27.8812770Z Container is terminated. Total time elapsed: 5892 ms.
2025-11-06T22:23:27.8838100Z Site: udacitycms stopped.
