2025-11-06T21:03:17.045047168Z    _____                               
2025-11-06T21:03:17.045088846Z   /  _  \ __________ _________   ____  
2025-11-06T21:03:17.045094397Z  /  /_\  \\___   /  |  \_  __ \_/ __ \ 
2025-11-06T21:03:17.045098905Z /    |    \/    /|  |  /|  | \/\  ___/ 
2025-11-06T21:03:17.045102913Z \____|__  /_____ \____/ |__|    \___  >
2025-11-06T21:03:17.045106900Z         \/      \/                  \/ 
2025-11-06T21:03:17.045110847Z A P P   S E R V I C E   O N   L I N U X
2025-11-06T21:03:17.045114344Z 
2025-11-06T21:03:17.045118181Z Documentation    : http://aka.ms/webapp-linux
2025-11-06T21:03:17.045122008Z Python quickstart: https://aka.ms/python-qs
2025-11-06T21:03:17.045125816Z Python version   : 3.10.19
2025-11-06T21:03:17.045129422Z Instance Name    : 10-30-0-143
2025-11-06T21:03:17.045133119Z Instance Id      : 59351fa27e3b8ff2edfe6734b7b5bfd768057ef3feaf004e31c03e0b72d93ffe
2025-11-06T21:03:17.045136867Z 
2025-11-06T21:03:17.045140654Z Note: Any data outside '/home' is not persisted
2025-11-06T21:03:17.504626525Z Starting OpenBSD Secure Shell server: sshd.
2025-11-06T21:03:17.530208990Z WEBSITES_INCLUDE_CLOUD_CERTS is not set to true.
2025-11-06T21:03:17.571062707Z Updating certificates in /etc/ssl/certs...
2025-11-06T21:03:23.749787598Z rehash: warning: skipping duplicate certificate in azl_Sectigo_Public_Server_Authentication_Root_E46.pem
2025-11-06T21:03:23.780246804Z rehash: warning: skipping duplicate certificate in azl_SSL.com_TLS_RSA_Root_CA_2022.pem
2025-11-06T21:03:23.780258215Z rehash: warning: skipping duplicate certificate in azl_Sectigo_Public_Server_Authentication_Root_R46.pem
2025-11-06T21:03:23.780264707Z rehash: warning: skipping duplicate certificate in azl_SSL.com_TLS_ECC_Root_CA_2022.pem
2025-11-06T21:03:23.817094565Z 4 added, 0 removed; done.
2025-11-06T21:03:23.818124960Z Running hooks in /etc/ca-certificates/update.d...
2025-11-06T21:03:23.829997030Z done.
2025-11-06T21:03:23.838369808Z CA certificates copied and updated successfully.
2025-11-06T21:03:23.898375258Z App Command Line not configured, will attempt auto-detect
2025-11-06T21:03:23.898397299Z Launching oryx with: create-script -appPath /home/site/wwwroot -output /opt/startup/startup.sh -virtualEnvName antenv -defaultApp /opt/defaultsite
2025-11-06T21:03:23.987696469Z Found build manifest file at '/home/site/wwwroot/oryx-manifest.toml'. Deserializing it...
2025-11-06T21:03:23.990067493Z Build Operation ID: fd03e60a07842298
2025-11-06T21:03:23.993013417Z Oryx Version: 0.2.20251017.2, Commit: 482d4c55e818733ab33b9d2131f9dc485a21fd03, ReleaseTagName: 20251017.2
2025-11-06T21:03:23.993194113Z Output is compressed. Extracting it...
2025-11-06T21:03:23.993432285Z Extracting '/home/site/wwwroot/output.tar.gz' to directory '/tmp/8de1d766bcb1dd0'...
2025-11-06T21:03:25.225351998Z App path is set to '/tmp/8de1d766bcb1dd0'
2025-11-06T21:03:25.347427177Z Detected an app based on Flask
2025-11-06T21:03:25.367562525Z Generating `gunicorn` command for 'application:app'
2025-11-06T21:03:25.385530152Z Writing output script to '/opt/startup/startup.sh'
2025-11-06T21:03:27.731219966Z Using packages from virtual environment antenv located at /tmp/8de1d766bcb1dd0/antenv.
2025-11-06T21:03:27.731341492Z Updated PYTHONPATH to '/agents/python:/opt/startup/app_logs:/tmp/8de1d766bcb1dd0/antenv/lib/python3.10/site-packages'
2025-11-06T21:03:29.686157867Z [2025-11-06 21:03:29 +0000] [2104] [INFO] Starting gunicorn 23.0.0
2025-11-06T21:03:29.706113521Z [2025-11-06 21:03:29 +0000] [2104] [INFO] Listening at: http://0.0.0.0:8000 (2104)
2025-11-06T21:03:29.706222856Z [2025-11-06 21:03:29 +0000] [2104] [INFO] Using worker: sync
2025-11-06T21:03:29.714832973Z [2025-11-06 21:03:29 +0000] [2121] [INFO] Booting worker with pid: 2121
2025-11-06T21:03:30.856898345Z [2025-11-06 21:03:30 +0000] [2121] [ERROR] Exception in worker process
2025-11-06T21:03:30.856925496Z Traceback (most recent call last):
2025-11-06T21:03:30.856932539Z   File "/tmp/8de1d766bcb1dd0/antenv/lib/python3.10/site-packages/gunicorn/arbiter.py", line 608, in spawn_worker
2025-11-06T21:03:30.856939221Z     worker.init_process()
2025-11-06T21:03:30.856945072Z   File "/tmp/8de1d766bcb1dd0/antenv/lib/python3.10/site-packages/gunicorn/workers/base.py", line 135, in init_process
2025-11-06T21:03:30.856951043Z     self.load_wsgi()
2025-11-06T21:03:30.857436733Z   File "/tmp/8de1d766bcb1dd0/antenv/lib/python3.10/site-packages/gunicorn/workers/base.py", line 147, in load_wsgi
2025-11-06T21:03:30.857447814Z     self.wsgi = self.app.wsgi()
2025-11-06T21:03:30.857454246Z   File "/tmp/8de1d766bcb1dd0/antenv/lib/python3.10/site-packages/gunicorn/app/base.py", line 66, in wsgi
2025-11-06T21:03:30.857460197Z     self.callable = self.load()
2025-11-06T21:03:30.857465938Z   File "/tmp/8de1d766bcb1dd0/antenv/lib/python3.10/site-packages/gunicorn/app/wsgiapp.py", line 57, in load
2025-11-06T21:03:30.857471699Z     return self.load_wsgiapp()
2025-11-06T21:03:30.857477409Z   File "/tmp/8de1d766bcb1dd0/antenv/lib/python3.10/site-packages/gunicorn/app/wsgiapp.py", line 47, in load_wsgiapp
2025-11-06T21:03:30.857483330Z     return util.import_app(self.app_uri)
2025-11-06T21:03:30.857488811Z   File "/tmp/8de1d766bcb1dd0/antenv/lib/python3.10/site-packages/gunicorn/util.py", line 370, in import_app
2025-11-06T21:03:30.857494802Z     mod = importlib.import_module(module)
2025-11-06T21:03:30.857500342Z   File "/opt/python/3.10.19/lib/python3.10/importlib/__init__.py", line 126, in import_module
2025-11-06T21:03:30.857506003Z     return _bootstrap._gcd_import(name[level:], package, level)
2025-11-06T21:03:30.857511553Z   File "<frozen importlib._bootstrap>", line 1050, in _gcd_import
2025-11-06T21:03:30.857517765Z   File "<frozen importlib._bootstrap>", line 1027, in _find_and_load
2025-11-06T21:03:30.857535318Z   File "<frozen importlib._bootstrap>", line 1006, in _find_and_load_unlocked
2025-11-06T21:03:30.857540016Z   File "<frozen importlib._bootstrap>", line 688, in _load_unlocked
2025-11-06T21:03:30.857543904Z   File "<frozen importlib._bootstrap_external>", line 883, in exec_module
2025-11-06T21:03:30.857547871Z   File "<frozen importlib._bootstrap>", line 241, in _call_with_frames_removed
2025-11-06T21:03:30.857551628Z   File "/tmp/8de1d766bcb1dd0/application.py", line 21, in <module>
2025-11-06T21:03:30.857555576Z     from FlaskWebProject import app
2025-11-06T21:03:30.857559353Z   File "/tmp/8de1d766bcb1dd0/FlaskWebProject/__init__.py", line 42, in <module>
2025-11-06T21:03:30.857563240Z     import FlaskWebProject.views
2025-11-06T21:03:30.857567177Z   File "/tmp/8de1d766bcb1dd0/FlaskWebProject/views.py", line 15, in <module>
2025-11-06T21:03:30.857572918Z     from FlaskWebProject.models import Post, User
2025-11-06T21:03:30.857576996Z   File "/tmp/8de1d766bcb1dd0/FlaskWebProject/models.py", line 5, in <module>
2025-11-06T21:03:30.857581083Z     from azure.storage.blob import BlockBlobService
2025-11-06T21:03:30.857584981Z ImportError: cannot import name 'BlockBlobService' from 'azure.storage.blob' (/tmp/8de1d766bcb1dd0/antenv/lib/python3.10/site-packages/azure/storage/blob/__init__.py)
2025-11-06T21:03:30.857589078Z [2025-11-06 21:03:30 +0000] [2121] [INFO] Worker exiting (pid: 2121)
2025-11-06T21:03:30.857168100Z here is config: cmsimages
2025-11-06T21:03:31.271630986Z [2025-11-06 21:03:31 +0000] [2104] [ERROR] Worker (pid:2121) exited with code 3
2025-11-06T21:03:31.272885756Z [2025-11-06 21:03:31 +0000] [2104] [ERROR] Shutting down: Master
2025-11-06T21:03:31.272898620Z [2025-11-06 21:03:31 +0000] [2104] [ERROR] Reason: Worker failed to boot.

2025-11-06T21:03:57.254384881Z    _____                               
2025-11-06T21:03:57.254437369Z   /  _  \ __________ _________   ____  
2025-11-06T21:03:57.254442740Z  /  /_\  \\___   /  |  \_  __ \_/ __ \ 
2025-11-06T21:03:57.254446536Z /    |    \/    /|  |  /|  | \/\  ___/ 
2025-11-06T21:03:57.254450274Z \____|__  /_____ \____/ |__|    \___  >
2025-11-06T21:03:57.254454031Z         \/      \/                  \/ 
2025-11-06T21:03:57.254457668Z A P P   S E R V I C E   O N   L I N U X
2025-11-06T21:03:57.254461124Z 
2025-11-06T21:03:57.254464650Z Documentation    : http://aka.ms/webapp-linux
2025-11-06T21:03:57.254468227Z Python quickstart: https://aka.ms/python-qs
2025-11-06T21:03:57.254471634Z Python version   : 3.10.19
2025-11-06T21:03:57.254474639Z Instance Name    : 10-30-0-143
2025-11-06T21:03:57.254477835Z Instance Id      : 59351fa27e3b8ff2edfe6734b7b5bfd768057ef3feaf004e31c03e0b72d93ffe
2025-11-06T21:03:57.254481302Z 
2025-11-06T21:03:57.254484658Z Note: Any data outside '/home' is not persisted
2025-11-06T21:03:58.517432376Z Starting OpenBSD Secure Shell server: sshd.
2025-11-06T21:03:58.526702067Z WEBSITES_INCLUDE_CLOUD_CERTS is not set to true.
2025-11-06T21:03:58.625375176Z Updating certificates in /etc/ssl/certs...
2025-11-06T21:04:11.133301100Z rehash: warning: skipping duplicate certificate in azl_Sectigo_Public_Server_Authentication_Root_E46.pem
2025-11-06T21:04:11.133355461Z rehash: warning: skipping duplicate certificate in azl_SSL.com_TLS_RSA_Root_CA_2022.pem
2025-11-06T21:04:11.133363406Z rehash: warning: skipping duplicate certificate in azl_Sectigo_Public_Server_Authentication_Root_R46.pem
2025-11-06T21:04:11.133369568Z rehash: warning: skipping duplicate certificate in azl_SSL.com_TLS_ECC_Root_CA_2022.pem
2025-11-06T21:04:11.440864090Z 4 added, 0 removed; done.
2025-11-06T21:04:11.444312434Z Running hooks in /etc/ca-certificates/update.d...
2025-11-06T21:04:11.444947833Z done.
2025-11-06T21:04:11.451022489Z CA certificates copied and updated successfully.
2025-11-06T21:04:11.600223231Z App Command Line not configured, will attempt auto-detect
2025-11-06T21:04:11.600312347Z Launching oryx with: create-script -appPath /home/site/wwwroot -output /opt/startup/startup.sh -virtualEnvName antenv -defaultApp /opt/defaultsite
2025-11-06T21:04:11.661166984Z Found build manifest file at '/home/site/wwwroot/oryx-manifest.toml'. Deserializing it...
2025-11-06T21:04:11.664640354Z Build Operation ID: fd03e60a07842298
2025-11-06T21:04:11.667061765Z Oryx Version: 0.2.20251017.2, Commit: 482d4c55e818733ab33b9d2131f9dc485a21fd03, ReleaseTagName: 20251017.2
2025-11-06T21:04:11.667321051Z Output is compressed. Extracting it...
2025-11-06T21:04:11.668824424Z Extracting '/home/site/wwwroot/output.tar.gz' to directory '/tmp/8de1d766bcb1dd0'...
2025-11-06T21:04:13.060562704Z App path is set to '/tmp/8de1d766bcb1dd0'
2025-11-06T21:04:13.757477467Z Detected an app based on Flask
2025-11-06T21:04:13.776879757Z Generating `gunicorn` command for 'application:app'
2025-11-06T21:04:13.796352145Z Writing output script to '/opt/startup/startup.sh'
2025-11-06T21:04:17.984778066Z Using packages from virtual environment antenv located at /tmp/8de1d766bcb1dd0/antenv.
2025-11-06T21:04:17.984843569Z Updated PYTHONPATH to '/agents/python:/opt/startup/app_logs:/tmp/8de1d766bcb1dd0/antenv/lib/python3.10/site-packages'
2025-11-06T21:04:20.069475151Z [2025-11-06 21:04:20 +0000] [2106] [INFO] Starting gunicorn 23.0.0
2025-11-06T21:04:20.094944680Z [2025-11-06 21:04:20 +0000] [2106] [INFO] Listening at: http://0.0.0.0:8000 (2106)
2025-11-06T21:04:20.094966261Z [2025-11-06 21:04:20 +0000] [2106] [INFO] Using worker: sync
2025-11-06T21:04:20.099854760Z [2025-11-06 21:04:20 +0000] [2119] [INFO] Booting worker with pid: 2119
2025-11-06T21:04:21.762192708Z here is config: cmsimages
2025-11-06T21:04:21.762500025Z [2025-11-06 21:04:21 +0000] [2119] [ERROR] Exception in worker process
2025-11-06T21:04:21.762513941Z Traceback (most recent call last):
2025-11-06T21:04:21.762519772Z   File "/tmp/8de1d766bcb1dd0/antenv/lib/python3.10/site-packages/gunicorn/arbiter.py", line 608, in spawn_worker
2025-11-06T21:04:21.762525813Z     worker.init_process()
2025-11-06T21:04:21.762530802Z   File "/tmp/8de1d766bcb1dd0/antenv/lib/python3.10/site-packages/gunicorn/workers/base.py", line 135, in init_process
2025-11-06T21:04:21.762536303Z     self.load_wsgi()
2025-11-06T21:04:21.762541162Z   File "/tmp/8de1d766bcb1dd0/antenv/lib/python3.10/site-packages/gunicorn/workers/base.py", line 147, in load_wsgi
2025-11-06T21:04:21.762546391Z     self.wsgi = self.app.wsgi()
2025-11-06T21:04:21.762551351Z   File "/tmp/8de1d766bcb1dd0/antenv/lib/python3.10/site-packages/gunicorn/app/base.py", line 66, in wsgi
2025-11-06T21:04:21.762556461Z     self.callable = self.load()
2025-11-06T21:04:21.762561189Z   File "/tmp/8de1d766bcb1dd0/antenv/lib/python3.10/site-packages/gunicorn/app/wsgiapp.py", line 57, in load
2025-11-06T21:04:21.762566329Z     return self.load_wsgiapp()
2025-11-06T21:04:21.762571369Z   File "/tmp/8de1d766bcb1dd0/antenv/lib/python3.10/site-packages/gunicorn/app/wsgiapp.py", line 47, in load_wsgiapp
2025-11-06T21:04:21.762576548Z     return util.import_app(self.app_uri)
2025-11-06T21:04:21.762581417Z   File "/tmp/8de1d766bcb1dd0/antenv/lib/python3.10/site-packages/gunicorn/util.py", line 370, in import_app
2025-11-06T21:04:21.762586517Z     mod = importlib.import_module(module)
2025-11-06T21:04:21.762591356Z   File "/opt/python/3.10.19/lib/python3.10/importlib/__init__.py", line 126, in import_module
2025-11-06T21:04:21.762596365Z     return _bootstrap._gcd_import(name[level:], package, level)
2025-11-06T21:04:21.762601154Z   File "<frozen importlib._bootstrap>", line 1050, in _gcd_import
2025-11-06T21:04:21.762616543Z   File "<frozen importlib._bootstrap>", line 1027, in _find_and_load
2025-11-06T21:04:21.762620320Z   File "<frozen importlib._bootstrap>", line 1006, in _find_and_load_unlocked
2025-11-06T21:04:21.762624027Z   File "<frozen importlib._bootstrap>", line 688, in _load_unlocked
2025-11-06T21:04:21.762627544Z   File "<frozen importlib._bootstrap_external>", line 883, in exec_module
2025-11-06T21:04:21.762631130Z   File "<frozen importlib._bootstrap>", line 241, in _call_with_frames_removed
2025-11-06T21:04:21.762634547Z   File "/tmp/8de1d766bcb1dd0/application.py", line 21, in <module>
2025-11-06T21:04:21.762638244Z     from FlaskWebProject import app
2025-11-06T21:04:21.762641971Z   File "/tmp/8de1d766bcb1dd0/FlaskWebProject/__init__.py", line 42, in <module>
2025-11-06T21:04:21.762645628Z     import FlaskWebProject.views
2025-11-06T21:04:21.762649255Z   File "/tmp/8de1d766bcb1dd0/FlaskWebProject/views.py", line 15, in <module>
2025-11-06T21:04:21.762653893Z     from FlaskWebProject.models import Post, User
2025-11-06T21:04:21.762657610Z   File "/tmp/8de1d766bcb1dd0/FlaskWebProject/models.py", line 5, in <module>
2025-11-06T21:04:21.762661648Z     from azure.storage.blob import BlockBlobService
2025-11-06T21:04:21.762665585Z ImportError: cannot import name 'BlockBlobService' from 'azure.storage.blob' (/tmp/8de1d766bcb1dd0/antenv/lib/python3.10/site-packages/azure/storage/blob/__init__.py)
2025-11-06T21:04:21.762669793Z [2025-11-06 21:04:21 +0000] [2119] [INFO] Worker exiting (pid: 2119)
2025-11-06T21:04:22.241272350Z [2025-11-06 21:04:22 +0000] [2106] [ERROR] Worker (pid:2119) exited with code 3
2025-11-06T21:04:22.244610071Z [2025-11-06 21:04:22 +0000] [2106] [ERROR] Shutting down: Master
2025-11-06T21:04:22.244624728Z [2025-11-06 21:04:22 +0000] [2106] [ERROR] Reason: Worker failed to boot.

2025-11-06T21:04:42.632528623Z    _____                               
2025-11-06T21:04:42.632697459Z   /  _  \ __________ _________   ____  
2025-11-06T21:04:42.632705344Z  /  /_\  \\___   /  |  \_  __ \_/ __ \ 
2025-11-06T21:04:42.632709993Z /    |    \/    /|  |  /|  | \/\  ___/ 
2025-11-06T21:04:42.632714050Z \____|__  /_____ \____/ |__|    \___  >
2025-11-06T21:04:42.632718148Z         \/      \/                  \/ 
2025-11-06T21:04:42.632721945Z A P P   S E R V I C E   O N   L I N U X
2025-11-06T21:04:42.632725752Z 
2025-11-06T21:04:42.632729569Z Documentation    : http://aka.ms/webapp-linux
2025-11-06T21:04:42.632748535Z Python quickstart: https://aka.ms/python-qs
2025-11-06T21:04:42.632752853Z Python version   : 3.10.19
2025-11-06T21:04:42.632756470Z Instance Name    : 10-30-0-143
2025-11-06T21:04:42.632760277Z Instance Id      : 59351fa27e3b8ff2edfe6734b7b5bfd768057ef3feaf004e31c03e0b72d93ffe
2025-11-06T21:04:42.632764054Z 
2025-11-06T21:04:42.632767661Z Note: Any data outside '/home' is not persisted
2025-11-06T21:04:43.283793595Z Starting OpenBSD Secure Shell server: sshd.
2025-11-06T21:04:43.324612470Z WEBSITES_INCLUDE_CLOUD_CERTS is not set to true.
2025-11-06T21:04:43.363601176Z Updating certificates in /etc/ssl/certs...
2025-11-06T21:04:54.186389851Z rehash: warning: skipping duplicate certificate in azl_Sectigo_Public_Server_Authentication_Root_E46.pem
2025-11-06T21:04:54.189748349Z rehash: warning: skipping duplicate certificate in azl_SSL.com_TLS_RSA_Root_CA_2022.pem
2025-11-06T21:04:54.192035892Z rehash: warning: skipping duplicate certificate in azl_Sectigo_Public_Server_Authentication_Root_R46.pem
2025-11-06T21:04:54.192052864Z rehash: warning: skipping duplicate certificate in azl_SSL.com_TLS_ECC_Root_CA_2022.pem
2025-11-06T21:04:54.223613478Z 4 added, 0 removed; done.
2025-11-06T21:04:54.223634567Z Running hooks in /etc/ca-certificates/update.d...
2025-11-06T21:04:54.226477020Z done.
2025-11-06T21:04:54.232350677Z CA certificates copied and updated successfully.
2025-11-06T21:04:54.294420063Z App Command Line not configured, will attempt auto-detect
2025-11-06T21:04:54.294794395Z Launching oryx with: create-script -appPath /home/site/wwwroot -output /opt/startup/startup.sh -virtualEnvName antenv -defaultApp /opt/defaultsite
2025-11-06T21:04:54.342666695Z Found build manifest file at '/home/site/wwwroot/oryx-manifest.toml'. Deserializing it...
2025-11-06T21:04:54.347385424Z Build Operation ID: fd03e60a07842298
2025-11-06T21:04:54.349545074Z Output is compressed. Extracting it...
2025-11-06T21:04:54.349639411Z Oryx Version: 0.2.20251017.2, Commit: 482d4c55e818733ab33b9d2131f9dc485a21fd03, ReleaseTagName: 20251017.2
2025-11-06T21:04:54.350881450Z Extracting '/home/site/wwwroot/output.tar.gz' to directory '/tmp/8de1d766bcb1dd0'...
2025-11-06T21:04:55.846991986Z App path is set to '/tmp/8de1d766bcb1dd0'
2025-11-06T21:04:56.147355608Z Detected an app based on Flask
2025-11-06T21:04:56.168152267Z Generating `gunicorn` command for 'application:app'
2025-11-06T21:04:56.189774255Z Writing output script to '/opt/startup/startup.sh'
2025-11-06T21:05:00.626857606Z Using packages from virtual environment antenv located at /tmp/8de1d766bcb1dd0/antenv.
2025-11-06T21:05:00.627382570Z Updated PYTHONPATH to '/agents/python:/opt/startup/app_logs:/tmp/8de1d766bcb1dd0/antenv/lib/python3.10/site-packages'
2025-11-06T21:05:03.344689331Z [2025-11-06 21:05:03 +0000] [2108] [INFO] Starting gunicorn 23.0.0
2025-11-06T21:05:03.367379456Z [2025-11-06 21:05:03 +0000] [2108] [INFO] Listening at: http://0.0.0.0:8000 (2108)
2025-11-06T21:05:03.367484543Z [2025-11-06 21:05:03 +0000] [2108] [INFO] Using worker: sync
2025-11-06T21:05:03.375421619Z [2025-11-06 21:05:03 +0000] [2121] [INFO] Booting worker with pid: 2121
2025-11-06T21:05:06.101231767Z [2025-11-06 21:05:06 +0000] [2121] [ERROR] Exception in worker process
2025-11-06T21:05:06.101257585Z Traceback (most recent call last):
2025-11-06T21:05:06.101264568Z   File "/tmp/8de1d766bcb1dd0/antenv/lib/python3.10/site-packages/gunicorn/arbiter.py", line 608, in spawn_worker
2025-11-06T21:05:06.101271040Z     worker.init_process()
2025-11-06T21:05:06.101275198Z   File "/tmp/8de1d766bcb1dd0/antenv/lib/python3.10/site-packages/gunicorn/workers/base.py", line 135, in init_process
2025-11-06T21:05:06.101279065Z     self.load_wsgi()
2025-11-06T21:05:06.101282802Z   File "/tmp/8de1d766bcb1dd0/antenv/lib/python3.10/site-packages/gunicorn/workers/base.py", line 147, in load_wsgi
2025-11-06T21:05:06.101286459Z     self.wsgi = self.app.wsgi()
2025-11-06T21:05:06.101290076Z   File "/tmp/8de1d766bcb1dd0/antenv/lib/python3.10/site-packages/gunicorn/app/base.py", line 66, in wsgi
2025-11-06T21:05:06.101293703Z     self.callable = self.load()
2025-11-06T21:05:06.101297199Z   File "/tmp/8de1d766bcb1dd0/antenv/lib/python3.10/site-packages/gunicorn/app/wsgiapp.py", line 57, in load
2025-11-06T21:05:06.101300826Z     return self.load_wsgiapp()
2025-11-06T21:05:06.101304313Z   File "/tmp/8de1d766bcb1dd0/antenv/lib/python3.10/site-packages/gunicorn/app/wsgiapp.py", line 47, in load_wsgiapp
2025-11-06T21:05:06.101307959Z     return util.import_app(self.app_uri)
2025-11-06T21:05:06.101311446Z   File "/tmp/8de1d766bcb1dd0/antenv/lib/python3.10/site-packages/gunicorn/util.py", line 370, in import_app
2025-11-06T21:05:06.101315073Z     mod = importlib.import_module(module)
2025-11-06T21:05:06.101318599Z   File "/opt/python/3.10.19/lib/python3.10/importlib/__init__.py", line 126, in import_module
2025-11-06T21:05:06.101322236Z     return _bootstrap._gcd_import(name[level:], package, level)
2025-11-06T21:05:06.101325773Z   File "<frozen importlib._bootstrap>", line 1050, in _gcd_import
2025-11-06T21:05:06.101329670Z   File "<frozen importlib._bootstrap>", line 1027, in _find_and_load
2025-11-06T21:05:06.101342194Z   File "<frozen importlib._bootstrap>", line 1006, in _find_and_load_unlocked
2025-11-06T21:05:06.101344848Z   File "<frozen importlib._bootstrap>", line 688, in _load_unlocked
2025-11-06T21:05:06.101347293Z   File "<frozen importlib._bootstrap_external>", line 883, in exec_module
2025-11-06T21:05:06.101349788Z   File "<frozen importlib._bootstrap>", line 241, in _call_with_frames_removed
2025-11-06T21:05:06.101352273Z   File "/tmp/8de1d766bcb1dd0/application.py", line 21, in <module>
2025-11-06T21:05:06.101354857Z     from FlaskWebProject import app
2025-11-06T21:05:06.101357232Z   File "/tmp/8de1d766bcb1dd0/FlaskWebProject/__init__.py", line 42, in <module>
2025-11-06T21:05:06.101359747Z     import FlaskWebProject.views
2025-11-06T21:05:06.101362091Z   File "/tmp/8de1d766bcb1dd0/FlaskWebProject/views.py", line 15, in <module>
2025-11-06T21:05:06.101365788Z     from FlaskWebProject.models import Post, User
2025-11-06T21:05:06.101368182Z   File "/tmp/8de1d766bcb1dd0/FlaskWebProject/models.py", line 5, in <module>
2025-11-06T21:05:06.101370627Z     from azure.storage.blob import BlockBlobService
2025-11-06T21:05:06.101373032Z ImportError: cannot import name 'BlockBlobService' from 'azure.storage.blob' (/tmp/8de1d766bcb1dd0/antenv/lib/python3.10/site-packages/azure/storage/blob/__init__.py)
2025-11-06T21:05:06.104372664Z here is config: cmsimages
2025-11-06T21:05:06.104416116Z [2025-11-06 21:05:06 +0000] [2121] [INFO] Worker exiting (pid: 2121)
2025-11-06T21:05:06.586809671Z [2025-11-06 21:05:06 +0000] [2108] [ERROR] Worker (pid:2121) exited with code 3
2025-11-06T21:05:06.587468176Z [2025-11-06 21:05:06 +0000] [2108] [ERROR] Shutting down: Master
2025-11-06T21:05:06.587690332Z [2025-11-06 21:05:06 +0000] [2108] [ERROR] Reason: Worker failed to boot.

2025-11-06T21:05:25.157556648Z    _____                               
2025-11-06T21:05:25.157608715Z   /  _  \ __________ _________   ____  
2025-11-06T21:05:25.157615067Z  /  /_\  \\___   /  |  \_  __ \_/ __ \ 
2025-11-06T21:05:25.157618604Z /    |    \/    /|  |  /|  | \/\  ___/ 
2025-11-06T21:05:25.157621189Z \____|__  /_____ \____/ |__|    \___  >
2025-11-06T21:05:25.157623914Z         \/      \/                  \/ 
2025-11-06T21:05:25.157626459Z A P P   S E R V I C E   O N   L I N U X
2025-11-06T21:05:25.157628903Z 
2025-11-06T21:05:25.157631157Z Documentation    : http://aka.ms/webapp-linux
2025-11-06T21:05:25.157633532Z Python quickstart: https://aka.ms/python-qs
2025-11-06T21:05:25.157635836Z Python version   : 3.10.19
2025-11-06T21:05:25.157638291Z Instance Name    : 10-30-0-143
2025-11-06T21:05:25.157640655Z Instance Id      : 59351fa27e3b8ff2edfe6734b7b5bfd768057ef3feaf004e31c03e0b72d93ffe
2025-11-06T21:05:25.157643030Z 
2025-11-06T21:05:25.157645304Z Note: Any data outside '/home' is not persisted
2025-11-06T21:05:25.830232490Z Starting OpenBSD Secure Shell server: sshd.
2025-11-06T21:05:25.840129264Z WEBSITES_INCLUDE_CLOUD_CERTS is not set to true.
2025-11-06T21:05:25.912217350Z Updating certificates in /etc/ssl/certs...
2025-11-06T21:05:36.677342710Z rehash: warning: skipping duplicate certificate in azl_Sectigo_Public_Server_Authentication_Root_E46.pem
2025-11-06T21:05:36.677888384Z rehash: warning: skipping duplicate certificate in azl_SSL.com_TLS_RSA_Root_CA_2022.pem
2025-11-06T21:05:36.679159995Z rehash: warning: skipping duplicate certificate in azl_Sectigo_Public_Server_Authentication_Root_R46.pem
2025-11-06T21:05:36.679881749Z rehash: warning: skipping duplicate certificate in azl_SSL.com_TLS_ECC_Root_CA_2022.pem
2025-11-06T21:05:37.174518068Z 4 added, 0 removed; done.
2025-11-06T21:05:37.174539017Z Running hooks in /etc/ca-certificates/update.d...
2025-11-06T21:05:37.185830517Z done.
2025-11-06T21:05:37.186663421Z CA certificates copied and updated successfully.
2025-11-06T21:05:37.229518894Z App Command Line not configured, will attempt auto-detect
2025-11-06T21:05:37.229541246Z Launching oryx with: create-script -appPath /home/site/wwwroot -output /opt/startup/startup.sh -virtualEnvName antenv -defaultApp /opt/defaultsite
2025-11-06T21:05:37.273068594Z Found build manifest file at '/home/site/wwwroot/oryx-manifest.toml'. Deserializing it...
2025-11-06T21:05:37.275629304Z Build Operation ID: fd03e60a07842298
2025-11-06T21:05:37.277425326Z Oryx Version: 0.2.20251017.2, Commit: 482d4c55e818733ab33b9d2131f9dc485a21fd03, ReleaseTagName: 20251017.2
2025-11-06T21:05:37.277520835Z Output is compressed. Extracting it...
2025-11-06T21:05:37.279607762Z Extracting '/home/site/wwwroot/output.tar.gz' to directory '/tmp/8de1d766bcb1dd0'...
2025-11-06T21:05:38.572022697Z App path is set to '/tmp/8de1d766bcb1dd0'
2025-11-06T21:05:39.556496741Z Detected an app based on Flask
2025-11-06T21:05:39.575994172Z Generating `gunicorn` command for 'application:app'
2025-11-06T21:05:39.596218147Z Writing output script to '/opt/startup/startup.sh'
2025-11-06T21:05:42.602820888Z Using packages from virtual environment antenv located at /tmp/8de1d766bcb1dd0/antenv.
2025-11-06T21:05:42.602842519Z Updated PYTHONPATH to '/agents/python:/opt/startup/app_logs:/tmp/8de1d766bcb1dd0/antenv/lib/python3.10/site-packages'
2025-11-06T21:05:45.599147752Z [2025-11-06 21:05:45 +0000] [2107] [INFO] Starting gunicorn 23.0.0
2025-11-06T21:05:45.627437621Z [2025-11-06 21:05:45 +0000] [2107] [INFO] Listening at: http://0.0.0.0:8000 (2107)
2025-11-06T21:05:45.631358340Z [2025-11-06 21:05:45 +0000] [2107] [INFO] Using worker: sync
2025-11-06T21:05:45.636591492Z [2025-11-06 21:05:45 +0000] [2120] [INFO] Booting worker with pid: 2120
2025-11-06T21:05:47.635824038Z [2025-11-06 21:05:47 +0000] [2120] [ERROR] Exception in worker process
2025-11-06T21:05:47.635885133Z Traceback (most recent call last):
2025-11-06T21:05:47.635892146Z   File "/tmp/8de1d766bcb1dd0/antenv/lib/python3.10/site-packages/gunicorn/arbiter.py", line 608, in spawn_worker
2025-11-06T21:05:47.635898908Z     worker.init_process()
2025-11-06T21:05:47.635997984Z   File "/tmp/8de1d766bcb1dd0/antenv/lib/python3.10/site-packages/gunicorn/workers/base.py", line 135, in init_process
2025-11-06T21:05:47.636007692Z     self.load_wsgi()
2025-11-06T21:05:47.636012692Z   File "/tmp/8de1d766bcb1dd0/antenv/lib/python3.10/site-packages/gunicorn/workers/base.py", line 147, in load_wsgi
2025-11-06T21:05:47.636017881Z     self.wsgi = self.app.wsgi()
2025-11-06T21:05:47.636022981Z   File "/tmp/8de1d766bcb1dd0/antenv/lib/python3.10/site-packages/gunicorn/app/base.py", line 66, in wsgi
2025-11-06T21:05:47.636028642Z     self.callable = self.load()
2025-11-06T21:05:47.636372576Z   File "/tmp/8de1d766bcb1dd0/antenv/lib/python3.10/site-packages/gunicorn/app/wsgiapp.py", line 57, in load
2025-11-06T21:05:47.636385431Z     return self.load_wsgiapp()
2025-11-06T21:05:47.636489085Z   File "/tmp/8de1d766bcb1dd0/antenv/lib/python3.10/site-packages/gunicorn/app/wsgiapp.py", line 47, in load_wsgiapp
2025-11-06T21:05:47.636499875Z     return util.import_app(self.app_uri)
2025-11-06T21:05:47.636506077Z   File "/tmp/8de1d766bcb1dd0/antenv/lib/python3.10/site-packages/gunicorn/util.py", line 370, in import_app
2025-11-06T21:05:47.636511888Z     mod = importlib.import_module(module)
2025-11-06T21:05:47.636516947Z   File "/opt/python/3.10.19/lib/python3.10/importlib/__init__.py", line 126, in import_module
2025-11-06T21:05:47.636522237Z     return _bootstrap._gcd_import(name[level:], package, level)
2025-11-06T21:05:47.636667259Z   File "<frozen importlib._bootstrap>", line 1050, in _gcd_import
2025-11-06T21:05:47.636677528Z   File "<frozen importlib._bootstrap>", line 1027, in _find_and_load
2025-11-06T21:05:47.636692647Z   File "<frozen importlib._bootstrap>", line 1006, in _find_and_load_unlocked
2025-11-06T21:05:47.636697546Z   File "<frozen importlib._bootstrap>", line 688, in _load_unlocked
2025-11-06T21:05:47.636701203Z   File "<frozen importlib._bootstrap_external>", line 883, in exec_module
2025-11-06T21:05:47.636705030Z   File "<frozen importlib._bootstrap>", line 241, in _call_with_frames_removed
2025-11-06T21:05:47.636709147Z   File "/tmp/8de1d766bcb1dd0/application.py", line 21, in <module>
2025-11-06T21:05:47.636713085Z     from FlaskWebProject import app
2025-11-06T21:05:47.636717082Z   File "/tmp/8de1d766bcb1dd0/FlaskWebProject/__init__.py", line 42, in <module>
2025-11-06T21:05:47.636767186Z     import FlaskWebProject.views
2025-11-06T21:05:47.636772637Z   File "/tmp/8de1d766bcb1dd0/FlaskWebProject/views.py", line 15, in <module>
2025-11-06T21:05:47.636778818Z     from FlaskWebProject.models import Post, User
2025-11-06T21:05:47.636782876Z   File "/tmp/8de1d766bcb1dd0/FlaskWebProject/models.py", line 5, in <module>
2025-11-06T21:05:47.636786763Z     from azure.storage.blob import BlockBlobService
2025-11-06T21:05:47.636790520Z ImportError: cannot import name 'BlockBlobService' from 'azure.storage.blob' (/tmp/8de1d766bcb1dd0/antenv/lib/python3.10/site-packages/azure/storage/blob/__init__.py)
2025-11-06T21:05:47.636794578Z [2025-11-06 21:05:47 +0000] [2120] [INFO] Worker exiting (pid: 2120)
2025-11-06T21:05:47.636812581Z here is config: cmsimages
2025-11-06T21:05:48.187470934Z [2025-11-06 21:05:48 +0000] [2107] [ERROR] Worker (pid:2120) exited with code 3
2025-11-06T21:05:48.187492995Z [2025-11-06 21:05:48 +0000] [2107] [ERROR] Shutting down: Master
2025-11-06T21:05:48.187497584Z [2025-11-06 21:05:48 +0000] [2107] [ERROR] Reason: Worker failed to boot.

2025-11-06T21:08:19.521250870Z    _____                               
2025-11-06T21:08:19.521590538Z   /  _  \ __________ _________   ____  
2025-11-06T21:08:19.521599295Z  /  /_\  \\___   /  |  \_  __ \_/ __ \ 
2025-11-06T21:08:19.521604535Z /    |    \/    /|  |  /|  | \/\  ___/ 
2025-11-06T21:08:19.521609244Z \____|__  /_____ \____/ |__|    \___  >
2025-11-06T21:08:19.521613612Z         \/      \/                  \/ 
2025-11-06T21:08:19.521618031Z A P P   S E R V I C E   O N   L I N U X
2025-11-06T21:08:19.521622480Z 
2025-11-06T21:08:19.521626116Z Documentation    : http://aka.ms/webapp-linux
2025-11-06T21:08:19.521629814Z Python quickstart: https://aka.ms/python-qs
2025-11-06T21:08:19.521633260Z Python version   : 3.10.19
2025-11-06T21:08:19.521636617Z Instance Name    : 10-30-0-143
2025-11-06T21:08:19.521640234Z Instance Id      : 59351fa27e3b8ff2edfe6734b7b5bfd768057ef3feaf004e31c03e0b72d93ffe
2025-11-06T21:08:19.521643931Z 
2025-11-06T21:08:19.521647187Z Note: Any data outside '/home' is not persisted
2025-11-06T21:08:20.009640574Z Starting OpenBSD Secure Shell server: sshd.
2025-11-06T21:08:20.081374211Z WEBSITES_INCLUDE_CLOUD_CERTS is not set to true.
2025-11-06T21:08:20.116024583Z Updating certificates in /etc/ssl/certs...
2025-11-06T21:08:26.989467754Z rehash: warning: skipping duplicate certificate in azl_Sectigo_Public_Server_Authentication_Root_E46.pem
2025-11-06T21:08:26.991044646Z rehash: warning: skipping duplicate certificate in azl_SSL.com_TLS_RSA_Root_CA_2022.pem
2025-11-06T21:08:26.991296378Z rehash: warning: skipping duplicate certificate in azl_Sectigo_Public_Server_Authentication_Root_R46.pem
2025-11-06T21:08:26.993528847Z rehash: warning: skipping duplicate certificate in azl_SSL.com_TLS_ECC_Root_CA_2022.pem
2025-11-06T21:08:27.013015906Z 4 added, 0 removed; done.
2025-11-06T21:08:27.013037977Z Running hooks in /etc/ca-certificates/update.d...
2025-11-06T21:08:27.015836966Z done.
2025-11-06T21:08:27.021006004Z CA certificates copied and updated successfully.
2025-11-06T21:08:27.052866468Z App Command Line not configured, will attempt auto-detect
2025-11-06T21:08:27.054335989Z Launching oryx with: create-script -appPath /home/site/wwwroot -output /opt/startup/startup.sh -virtualEnvName antenv -defaultApp /opt/defaultsite
2025-11-06T21:08:27.131150142Z Found build manifest file at '/home/site/wwwroot/oryx-manifest.toml'. Deserializing it...
2025-11-06T21:08:27.134099444Z Build Operation ID: fd03e60a07842298
2025-11-06T21:08:27.137829838Z Oryx Version: 0.2.20251017.2, Commit: 482d4c55e818733ab33b9d2131f9dc485a21fd03, ReleaseTagName: 20251017.2
2025-11-06T21:08:27.138039761Z Output is compressed. Extracting it...
2025-11-06T21:08:27.139515334Z Extracting '/home/site/wwwroot/output.tar.gz' to directory '/tmp/8de1d766bcb1dd0'...
2025-11-06T21:08:28.516402322Z App path is set to '/tmp/8de1d766bcb1dd0'
2025-11-06T21:08:28.973406300Z Detected an app based on Flask
2025-11-06T21:08:28.989713666Z Generating `gunicorn` command for 'application:app'
2025-11-06T21:08:29.006076500Z Writing output script to '/opt/startup/startup.sh'
2025-11-06T21:08:31.384201486Z Using packages from virtual environment antenv located at /tmp/8de1d766bcb1dd0/antenv.
2025-11-06T21:08:31.384266898Z Updated PYTHONPATH to '/agents/python:/opt/startup/app_logs:/tmp/8de1d766bcb1dd0/antenv/lib/python3.10/site-packages'
2025-11-06T21:08:32.980128570Z [2025-11-06 21:08:32 +0000] [2107] [INFO] Starting gunicorn 23.0.0
2025-11-06T21:08:32.999443093Z [2025-11-06 21:08:32 +0000] [2107] [INFO] Listening at: http://0.0.0.0:8000 (2107)
2025-11-06T21:08:32.999498898Z [2025-11-06 21:08:32 +0000] [2107] [INFO] Using worker: sync
2025-11-06T21:08:33.008935517Z [2025-11-06 21:08:33 +0000] [2120] [INFO] Booting worker with pid: 2120
2025-11-06T21:08:35.141054938Z here is config: cmsimages
2025-11-06T21:08:35.140846897Z [2025-11-06 21:08:35 +0000] [2120] [ERROR] Exception in worker process
2025-11-06T21:08:35.141793946Z Traceback (most recent call last):
2025-11-06T21:08:35.142108477Z   File "/tmp/8de1d766bcb1dd0/antenv/lib/python3.10/site-packages/gunicorn/arbiter.py", line 608, in spawn_worker
2025-11-06T21:08:35.142116523Z     worker.init_process()
2025-11-06T21:08:35.142122774Z   File "/tmp/8de1d766bcb1dd0/antenv/lib/python3.10/site-packages/gunicorn/workers/base.py", line 135, in init_process
2025-11-06T21:08:35.142128836Z     self.load_wsgi()
2025-11-06T21:08:35.142134526Z   File "/tmp/8de1d766bcb1dd0/antenv/lib/python3.10/site-packages/gunicorn/workers/base.py", line 147, in load_wsgi
2025-11-06T21:08:35.142140528Z     self.wsgi = self.app.wsgi()
2025-11-06T21:08:35.142146078Z   File "/tmp/8de1d766bcb1dd0/antenv/lib/python3.10/site-packages/gunicorn/app/base.py", line 66, in wsgi
2025-11-06T21:08:35.142152250Z     self.callable = self.load()
2025-11-06T21:08:35.142158231Z   File "/tmp/8de1d766bcb1dd0/antenv/lib/python3.10/site-packages/gunicorn/app/wsgiapp.py", line 57, in load
2025-11-06T21:08:35.142164242Z     return self.load_wsgiapp()
2025-11-06T21:08:35.142169803Z   File "/tmp/8de1d766bcb1dd0/antenv/lib/python3.10/site-packages/gunicorn/app/wsgiapp.py", line 47, in load_wsgiapp
2025-11-06T21:08:35.142175874Z     return util.import_app(self.app_uri)
2025-11-06T21:08:35.142182086Z   File "/tmp/8de1d766bcb1dd0/antenv/lib/python3.10/site-packages/gunicorn/util.py", line 370, in import_app
2025-11-06T21:08:35.142187967Z     mod = importlib.import_module(module)
2025-11-06T21:08:35.142193828Z   File "/opt/python/3.10.19/lib/python3.10/importlib/__init__.py", line 126, in import_module
2025-11-06T21:08:35.142199979Z     return _bootstrap._gcd_import(name[level:], package, level)
2025-11-06T21:08:35.142206071Z   File "<frozen importlib._bootstrap>", line 1050, in _gcd_import
2025-11-06T21:08:35.142225036Z   File "<frozen importlib._bootstrap>", line 1027, in _find_and_load
2025-11-06T21:08:35.142230286Z   File "<frozen importlib._bootstrap>", line 1006, in _find_and_load_unlocked
2025-11-06T21:08:35.142234845Z   File "<frozen importlib._bootstrap>", line 688, in _load_unlocked
2025-11-06T21:08:35.142239143Z   File "<frozen importlib._bootstrap_external>", line 883, in exec_module
2025-11-06T21:08:35.142243722Z   File "<frozen importlib._bootstrap>", line 241, in _call_with_frames_removed
2025-11-06T21:08:35.142248270Z   File "/tmp/8de1d766bcb1dd0/application.py", line 21, in <module>
2025-11-06T21:08:35.142252658Z     from FlaskWebProject import app
2025-11-06T21:08:35.142256916Z   File "/tmp/8de1d766bcb1dd0/FlaskWebProject/__init__.py", line 42, in <module>
2025-11-06T21:08:35.142261816Z     import FlaskWebProject.views
2025-11-06T21:08:35.142266053Z   File "/tmp/8de1d766bcb1dd0/FlaskWebProject/views.py", line 15, in <module>
2025-11-06T21:08:35.142272045Z     from FlaskWebProject.models import Post, User
2025-11-06T21:08:35.142276223Z   File "/tmp/8de1d766bcb1dd0/FlaskWebProject/models.py", line 5, in <module>
2025-11-06T21:08:35.142280651Z     from azure.storage.blob import BlockBlobService
2025-11-06T21:08:35.142285059Z ImportError: cannot import name 'BlockBlobService' from 'azure.storage.blob' (/tmp/8de1d766bcb1dd0/antenv/lib/python3.10/site-packages/azure/storage/blob/__init__.py)
2025-11-06T21:08:35.143484603Z [2025-11-06 21:08:35 +0000] [2120] [INFO] Worker exiting (pid: 2120)
2025-11-06T21:08:35.558491126Z [2025-11-06 21:08:35 +0000] [2107] [ERROR] Worker (pid:2120) exited with code 3
2025-11-06T21:08:35.559326646Z [2025-11-06 21:08:35 +0000] [2107] [ERROR] Shutting down: Master
2025-11-06T21:08:35.559792499Z [2025-11-06 21:08:35 +0000] [2107] [ERROR] Reason: Worker failed to boot.

2025-11-06T21:12:45.454938719Z    _____                               
2025-11-06T21:12:45.455705076Z   /  _  \ __________ _________   ____  
2025-11-06T21:12:45.455714995Z  /  /_\  \\___   /  |  \_  __ \_/ __ \ 
2025-11-06T21:12:45.455719824Z /    |    \/    /|  |  /|  | \/\  ___/ 
2025-11-06T21:12:45.455771050Z \____|__  /_____ \____/ |__|    \___  >
2025-11-06T21:12:45.455777642Z         \/      \/                  \/ 
2025-11-06T21:12:45.455782130Z A P P   S E R V I C E   O N   L I N U X
2025-11-06T21:12:45.455786839Z 
2025-11-06T21:12:45.455791338Z Documentation    : http://aka.ms/webapp-linux
2025-11-06T21:12:45.455795506Z Python quickstart: https://aka.ms/python-qs
2025-11-06T21:12:45.455799874Z Python version   : 3.10.19
2025-11-06T21:12:45.455803841Z Instance Name    : 10-30-0-143
2025-11-06T21:12:45.455807578Z Instance Id      : 59351fa27e3b8ff2edfe6734b7b5bfd768057ef3feaf004e31c03e0b72d93ffe
2025-11-06T21:12:45.455811345Z 
2025-11-06T21:12:45.455814782Z Note: Any data outside '/home' is not persisted
2025-11-06T21:12:46.124609272Z Starting OpenBSD Secure Shell server: sshd.
2025-11-06T21:12:46.160529640Z WEBSITES_INCLUDE_CLOUD_CERTS is not set to true.
2025-11-06T21:12:46.232640741Z Updating certificates in /etc/ssl/certs...
2025-11-06T21:12:54.234702990Z rehash: warning: skipping duplicate certificate in azl_Sectigo_Public_Server_Authentication_Root_E46.pem
2025-11-06T21:12:54.236073030Z rehash: warning: skipping duplicate certificate in azl_SSL.com_TLS_RSA_Root_CA_2022.pem
2025-11-06T21:12:54.240280591Z rehash: warning: skipping duplicate certificate in azl_Sectigo_Public_Server_Authentication_Root_R46.pem
2025-11-06T21:12:54.240974540Z rehash: warning: skipping duplicate certificate in azl_SSL.com_TLS_ECC_Root_CA_2022.pem
2025-11-06T21:12:54.291435383Z 4 added, 0 removed; done.
2025-11-06T21:12:54.293891920Z Running hooks in /etc/ca-certificates/update.d...
2025-11-06T21:12:54.295840895Z done.
2025-11-06T21:12:54.309578840Z CA certificates copied and updated successfully.
2025-11-06T21:12:54.378425747Z App Command Line not configured, will attempt auto-detect
2025-11-06T21:12:54.378772267Z Launching oryx with: create-script -appPath /home/site/wwwroot -output /opt/startup/startup.sh -virtualEnvName antenv -defaultApp /opt/defaultsite
2025-11-06T21:12:54.484724633Z Found build manifest file at '/home/site/wwwroot/oryx-manifest.toml'. Deserializing it...
2025-11-06T21:12:54.495745306Z Build Operation ID: 2e03fa76aa175340
2025-11-06T21:12:54.498403441Z Oryx Version: 0.2.20251017.2, Commit: 482d4c55e818733ab33b9d2131f9dc485a21fd03, ReleaseTagName: 20251017.2
2025-11-06T21:12:54.499988103Z Output is compressed. Extracting it...
2025-11-06T21:12:54.500004463Z Extracting '/home/site/wwwroot/output.tar.gz' to directory '/tmp/8de1d78e589d7b7'...
2025-11-06T21:12:56.532941733Z App path is set to '/tmp/8de1d78e589d7b7'
2025-11-06T21:12:57.016081985Z Detected an app based on Flask
2025-11-06T21:12:57.036976834Z Generating `gunicorn` command for 'application:app'
2025-11-06T21:12:57.060796857Z Writing output script to '/opt/startup/startup.sh'
2025-11-06T21:13:00.888553691Z Using packages from virtual environment antenv located at /tmp/8de1d78e589d7b7/antenv.
2025-11-06T21:13:00.888583988Z Updated PYTHONPATH to '/agents/python:/opt/startup/app_logs:/tmp/8de1d78e589d7b7/antenv/lib/python3.10/site-packages'
2025-11-06T21:13:03.815193987Z [2025-11-06 21:13:03 +0000] [2107] [INFO] Starting gunicorn 23.0.0
2025-11-06T21:13:03.843433412Z [2025-11-06 21:13:03 +0000] [2107] [INFO] Listening at: http://0.0.0.0:8000 (2107)
2025-11-06T21:13:03.844148723Z [2025-11-06 21:13:03 +0000] [2107] [INFO] Using worker: sync
2025-11-06T21:13:03.857894554Z [2025-11-06 21:13:03 +0000] [2120] [INFO] Booting worker with pid: 2120
2025-11-06T21:13:06.356988156Z [2025-11-06 21:13:06 +0000] [2120] [ERROR] Exception in worker process
2025-11-06T21:13:06.357111136Z Traceback (most recent call last):
2025-11-06T21:13:06.357162012Z   File "/tmp/8de1d78e589d7b7/antenv/lib/python3.10/site-packages/gunicorn/arbiter.py", line 608, in spawn_worker
2025-11-06T21:13:06.357218758Z     worker.init_process()
2025-11-06T21:13:06.357224830Z   File "/tmp/8de1d78e589d7b7/antenv/lib/python3.10/site-packages/gunicorn/workers/base.py", line 135, in init_process
2025-11-06T21:13:06.357230841Z     self.load_wsgi()
2025-11-06T21:13:06.357236431Z   File "/tmp/8de1d78e589d7b7/antenv/lib/python3.10/site-packages/gunicorn/workers/base.py", line 147, in load_wsgi
2025-11-06T21:13:06.357242613Z     self.wsgi = self.app.wsgi()
2025-11-06T21:13:06.357248404Z   File "/tmp/8de1d78e589d7b7/antenv/lib/python3.10/site-packages/gunicorn/app/base.py", line 66, in wsgi
2025-11-06T21:13:06.357281867Z     self.callable = self.load()
2025-11-06T21:13:06.357287437Z   File "/tmp/8de1d78e589d7b7/antenv/lib/python3.10/site-packages/gunicorn/app/wsgiapp.py", line 57, in load
2025-11-06T21:13:06.357293038Z     return self.load_wsgiapp()
2025-11-06T21:13:06.357298077Z   File "/tmp/8de1d78e589d7b7/antenv/lib/python3.10/site-packages/gunicorn/app/wsgiapp.py", line 47, in load_wsgiapp
2025-11-06T21:13:06.357303928Z     return util.import_app(self.app_uri)
2025-11-06T21:13:06.357309488Z   File "/tmp/8de1d78e589d7b7/antenv/lib/python3.10/site-packages/gunicorn/util.py", line 370, in import_app
2025-11-06T21:13:06.357314769Z     mod = importlib.import_module(module)
2025-11-06T21:13:06.357320339Z   File "/opt/python/3.10.19/lib/python3.10/importlib/__init__.py", line 126, in import_module
2025-11-06T21:13:06.357325929Z     return _bootstrap._gcd_import(name[level:], package, level)
2025-11-06T21:13:06.357331329Z   File "<frozen importlib._bootstrap>", line 1050, in _gcd_import
2025-11-06T21:13:06.357337110Z   File "<frozen importlib._bootstrap>", line 1027, in _find_and_load
2025-11-06T21:13:06.357356126Z   File "<frozen importlib._bootstrap>", line 1006, in _find_and_load_unlocked
2025-11-06T21:13:06.357360855Z   File "<frozen importlib._bootstrap>", line 688, in _load_unlocked
2025-11-06T21:13:06.357364952Z   File "<frozen importlib._bootstrap_external>", line 883, in exec_module
2025-11-06T21:13:06.357368760Z   File "<frozen importlib._bootstrap>", line 241, in _call_with_frames_removed
2025-11-06T21:13:06.357372938Z   File "/tmp/8de1d78e589d7b7/application.py", line 21, in <module>
2025-11-06T21:13:06.357376785Z     from FlaskWebProject import app
2025-11-06T21:13:06.357380662Z   File "/tmp/8de1d78e589d7b7/FlaskWebProject/__init__.py", line 42, in <module>
2025-11-06T21:13:06.357384780Z     import FlaskWebProject.views
2025-11-06T21:13:06.357388276Z   File "/tmp/8de1d78e589d7b7/FlaskWebProject/views.py", line 15, in <module>
2025-11-06T21:13:06.357393847Z     from FlaskWebProject.models import Post, User
2025-11-06T21:13:06.357397654Z   File "/tmp/8de1d78e589d7b7/FlaskWebProject/models.py", line 5, in <module>
2025-11-06T21:13:06.357401661Z     from azure.storage.blob import BlockBlobService
2025-11-06T21:13:06.357405168Z ImportError: cannot import name 'BlockBlobService' from 'azure.storage.blob' (/tmp/8de1d78e589d7b7/antenv/lib/python3.10/site-packages/azure/storage/blob/__init__.py)
2025-11-06T21:13:06.358176274Z here is config: cmsimages
2025-11-06T21:13:06.358190811Z [2025-11-06 21:13:06 +0000] [2120] [INFO] Worker exiting (pid: 2120)
2025-11-06T21:13:06.762372017Z [2025-11-06 21:13:06 +0000] [2107] [ERROR] Worker (pid:2120) exited with code 3
2025-11-06T21:13:06.762880811Z [2025-11-06 21:13:06 +0000] [2107] [ERROR] Shutting down: Master
2025-11-06T21:13:06.763000646Z [2025-11-06 21:13:06 +0000] [2107] [ERROR] Reason: Worker failed to boot.

2025-11-06T21:15:46.711769955Z    _____                               
2025-11-06T21:15:46.711837752Z   /  _  \ __________ _________   ____  
2025-11-06T21:15:46.711842912Z  /  /_\  \\___   /  |  \_  __ \_/ __ \ 
2025-11-06T21:15:46.711846950Z /    |    \/    /|  |  /|  | \/\  ___/ 
2025-11-06T21:15:46.711850466Z \____|__  /_____ \____/ |__|    \___  >
2025-11-06T21:15:46.711854113Z         \/      \/                  \/ 
2025-11-06T21:15:46.711858271Z A P P   S E R V I C E   O N   L I N U X
2025-11-06T21:15:46.711862298Z 
2025-11-06T21:15:46.711866216Z Documentation    : http://aka.ms/webapp-linux
2025-11-06T21:15:46.711870224Z Python quickstart: https://aka.ms/python-qs
2025-11-06T21:15:46.711873700Z Python version   : 3.10.19
2025-11-06T21:15:46.711877417Z Instance Name    : 10-30-0-143
2025-11-06T21:15:46.711881124Z Instance Id      : 59351fa27e3b8ff2edfe6734b7b5bfd768057ef3feaf004e31c03e0b72d93ffe
2025-11-06T21:15:46.711884680Z 
2025-11-06T21:15:46.711888117Z Note: Any data outside '/home' is not persisted
2025-11-06T21:15:47.449078460Z Starting OpenBSD Secure Shell server: sshd.
2025-11-06T21:15:47.458263380Z WEBSITES_INCLUDE_CLOUD_CERTS is not set to true.
2025-11-06T21:15:47.502504930Z Updating certificates in /etc/ssl/certs...
2025-11-06T21:15:54.452557655Z rehash: warning: skipping duplicate certificate in azl_Sectigo_Public_Server_Authentication_Root_E46.pem
2025-11-06T21:15:54.452605024Z rehash: warning: skipping duplicate certificate in azl_SSL.com_TLS_RSA_Root_CA_2022.pem
2025-11-06T21:15:54.452612107Z rehash: warning: skipping duplicate certificate in azl_Sectigo_Public_Server_Authentication_Root_R46.pem
2025-11-06T21:15:54.452618519Z rehash: warning: skipping duplicate certificate in azl_SSL.com_TLS_ECC_Root_CA_2022.pem
2025-11-06T21:15:54.483876696Z 4 added, 0 removed; done.
2025-11-06T21:15:54.483901503Z Running hooks in /etc/ca-certificates/update.d...
2025-11-06T21:15:54.486289194Z done.
2025-11-06T21:15:54.493776807Z CA certificates copied and updated successfully.
2025-11-06T21:15:54.531840030Z App Command Line not configured, will attempt auto-detect
2025-11-06T21:15:54.531867452Z Launching oryx with: create-script -appPath /home/site/wwwroot -output /opt/startup/startup.sh -virtualEnvName antenv -defaultApp /opt/defaultsite
2025-11-06T21:15:54.600154083Z Found build manifest file at '/home/site/wwwroot/oryx-manifest.toml'. Deserializing it...
2025-11-06T21:15:54.602789046Z Build Operation ID: 2e03fa76aa175340
2025-11-06T21:15:54.604424167Z Oryx Version: 0.2.20251017.2, Commit: 482d4c55e818733ab33b9d2131f9dc485a21fd03, ReleaseTagName: 20251017.2
2025-11-06T21:15:54.604430897Z Output is compressed. Extracting it...
2025-11-06T21:15:54.605953327Z Extracting '/home/site/wwwroot/output.tar.gz' to directory '/tmp/8de1d78e589d7b7'...
2025-11-06T21:15:56.165211922Z App path is set to '/tmp/8de1d78e589d7b7'
2025-11-06T21:15:56.933103383Z Detected an app based on Flask
2025-11-06T21:15:56.962211577Z Generating `gunicorn` command for 'application:app'
2025-11-06T21:15:56.975745680Z Writing output script to '/opt/startup/startup.sh'
2025-11-06T21:15:59.979702532Z Using packages from virtual environment antenv located at /tmp/8de1d78e589d7b7/antenv.
2025-11-06T21:15:59.979730384Z Updated PYTHONPATH to '/agents/python:/opt/startup/app_logs:/tmp/8de1d78e589d7b7/antenv/lib/python3.10/site-packages'
2025-11-06T21:16:02.462641048Z [2025-11-06 21:16:02 +0000] [2108] [INFO] Starting gunicorn 23.0.0
2025-11-06T21:16:02.484496023Z [2025-11-06 21:16:02 +0000] [2108] [INFO] Listening at: http://0.0.0.0:8000 (2108)
2025-11-06T21:16:02.484553130Z [2025-11-06 21:16:02 +0000] [2108] [INFO] Using worker: sync
2025-11-06T21:16:02.491337940Z [2025-11-06 21:16:02 +0000] [2121] [INFO] Booting worker with pid: 2121
2025-11-06T21:16:03.930521372Z [2025-11-06 21:16:03 +0000] [2121] [ERROR] Exception in worker process
2025-11-06T21:16:03.930553222Z Traceback (most recent call last):
2025-11-06T21:16:03.930560025Z   File "/tmp/8de1d78e589d7b7/antenv/lib/python3.10/site-packages/gunicorn/arbiter.py", line 608, in spawn_worker
2025-11-06T21:16:03.930565966Z     worker.init_process()
2025-11-06T21:16:03.930571486Z   File "/tmp/8de1d78e589d7b7/antenv/lib/python3.10/site-packages/gunicorn/workers/base.py", line 135, in init_process
2025-11-06T21:16:03.930577087Z     self.load_wsgi()
2025-11-06T21:16:03.930582557Z   File "/tmp/8de1d78e589d7b7/antenv/lib/python3.10/site-packages/gunicorn/workers/base.py", line 147, in load_wsgi
2025-11-06T21:16:03.930587847Z     self.wsgi = self.app.wsgi()
2025-11-06T21:16:03.930592977Z   File "/tmp/8de1d78e589d7b7/antenv/lib/python3.10/site-packages/gunicorn/app/base.py", line 66, in wsgi
2025-11-06T21:16:03.930598547Z     self.callable = self.load()
2025-11-06T21:16:03.930603897Z   File "/tmp/8de1d78e589d7b7/antenv/lib/python3.10/site-packages/gunicorn/app/wsgiapp.py", line 57, in load
2025-11-06T21:16:03.930609508Z     return self.load_wsgiapp()
2025-11-06T21:16:03.930615348Z   File "/tmp/8de1d78e589d7b7/antenv/lib/python3.10/site-packages/gunicorn/app/wsgiapp.py", line 47, in load_wsgiapp
2025-11-06T21:16:03.935508949Z     return util.import_app(self.app_uri)
2025-11-06T21:16:03.935873212Z   File "/tmp/8de1d78e589d7b7/antenv/lib/python3.10/site-packages/gunicorn/util.py", line 370, in import_app
2025-11-06T21:16:03.935880977Z     mod = importlib.import_module(module)
2025-11-06T21:16:03.935886657Z   File "/opt/python/3.10.19/lib/python3.10/importlib/__init__.py", line 126, in import_module
2025-11-06T21:16:03.935892128Z     return _bootstrap._gcd_import(name[level:], package, level)
2025-11-06T21:16:03.935897438Z   File "<frozen importlib._bootstrap>", line 1050, in _gcd_import
2025-11-06T21:16:03.935903619Z   File "<frozen importlib._bootstrap>", line 1027, in _find_and_load
2025-11-06T21:16:03.936003106Z   File "<frozen importlib._bootstrap>", line 1006, in _find_and_load_unlocked
2025-11-06T21:16:03.936007624Z   File "<frozen importlib._bootstrap>", line 688, in _load_unlocked
2025-11-06T21:16:03.936011191Z   File "<frozen importlib._bootstrap_external>", line 883, in exec_module
2025-11-06T21:16:03.936014798Z   File "<frozen importlib._bootstrap>", line 241, in _call_with_frames_removed
2025-11-06T21:16:03.936018585Z   File "/tmp/8de1d78e589d7b7/application.py", line 21, in <module>
2025-11-06T21:16:03.936022462Z     from FlaskWebProject import app
2025-11-06T21:16:03.936025969Z   File "/tmp/8de1d78e589d7b7/FlaskWebProject/__init__.py", line 42, in <module>
2025-11-06T21:16:03.936030016Z     import FlaskWebProject.views
2025-11-06T21:16:03.936033944Z   File "/tmp/8de1d78e589d7b7/FlaskWebProject/views.py", line 15, in <module>
2025-11-06T21:16:03.936041498Z     from FlaskWebProject.models import Post, User
2025-11-06T21:16:03.936045305Z   File "/tmp/8de1d78e589d7b7/FlaskWebProject/models.py", line 5, in <module>
2025-11-06T21:16:03.936049643Z     from azure.storage.blob import BlockBlobService
2025-11-06T21:16:03.936053541Z ImportError: cannot import name 'BlockBlobService' from 'azure.storage.blob' (/tmp/8de1d78e589d7b7/antenv/lib/python3.10/site-packages/azure/storage/blob/__init__.py)
2025-11-06T21:16:03.936058440Z [2025-11-06 21:16:03 +0000] [2121] [INFO] Worker exiting (pid: 2121)
2025-11-06T21:16:03.931270139Z here is config: cmsimages
2025-11-06T21:16:04.678210346Z [2025-11-06 21:16:04 +0000] [2108] [ERROR] Worker (pid:2121) exited with code 3
2025-11-06T21:16:04.679203850Z [2025-11-06 21:16:04 +0000] [2108] [ERROR] Shutting down: Master
2025-11-06T21:16:04.679212175Z [2025-11-06 21:16:04 +0000] [2108] [ERROR] Reason: Worker failed to boot.

2025-11-06T21:23:17.807136399Z    _____                               
2025-11-06T21:23:17.807221028Z   /  _  \ __________ _________   ____  
2025-11-06T21:23:17.807227961Z  /  /_\  \\___   /  |  \_  __ \_/ __ \ 
2025-11-06T21:23:17.807232289Z /    |    \/    /|  |  /|  | \/\  ___/ 
2025-11-06T21:23:17.807236437Z \____|__  /_____ \____/ |__|    \___  >
2025-11-06T21:23:17.807240855Z         \/      \/                  \/ 
2025-11-06T21:23:17.807244763Z A P P   S E R V I C E   O N   L I N U X
2025-11-06T21:23:17.807248740Z 
2025-11-06T21:23:17.807252597Z Documentation    : http://aka.ms/webapp-linux
2025-11-06T21:23:17.807256505Z Python quickstart: https://aka.ms/python-qs
2025-11-06T21:23:17.807260262Z Python version   : 3.10.19
2025-11-06T21:23:17.807329051Z Instance Name    : 10-30-0-143
2025-11-06T21:23:17.807334731Z Instance Id      : 59351fa27e3b8ff2edfe6734b7b5bfd768057ef3feaf004e31c03e0b72d93ffe
2025-11-06T21:23:17.807338799Z 
2025-11-06T21:23:17.807342546Z Note: Any data outside '/home' is not persisted
2025-11-06T21:23:18.508105247Z Starting OpenBSD Secure Shell server: sshd.
2025-11-06T21:23:18.533283659Z WEBSITES_INCLUDE_CLOUD_CERTS is not set to true.
2025-11-06T21:23:18.638411400Z Updating certificates in /etc/ssl/certs...
2025-11-06T21:23:25.326920799Z rehash: warning: skipping duplicate certificate in azl_Sectigo_Public_Server_Authentication_Root_E46.pem
2025-11-06T21:23:25.327429032Z rehash: warning: skipping duplicate certificate in azl_SSL.com_TLS_RSA_Root_CA_2022.pem
2025-11-06T21:23:25.330109920Z rehash: warning: skipping duplicate certificate in azl_Sectigo_Public_Server_Authentication_Root_R46.pem
2025-11-06T21:23:25.331328816Z rehash: warning: skipping duplicate certificate in azl_SSL.com_TLS_ECC_Root_CA_2022.pem
2025-11-06T21:23:25.366524285Z 4 added, 0 removed; done.
2025-11-06T21:23:25.366545204Z Running hooks in /etc/ca-certificates/update.d...
2025-11-06T21:23:25.369347550Z done.
2025-11-06T21:23:25.374975595Z CA certificates copied and updated successfully.
2025-11-06T21:23:25.411013720Z App Command Line not configured, will attempt auto-detect
2025-11-06T21:23:25.411088540Z Launching oryx with: create-script -appPath /home/site/wwwroot -output /opt/startup/startup.sh -virtualEnvName antenv -defaultApp /opt/defaultsite
2025-11-06T21:23:25.472526633Z Found build manifest file at '/home/site/wwwroot/oryx-manifest.toml'. Deserializing it...
2025-11-06T21:23:25.477401979Z Build Operation ID: 2e03fa76aa175340
2025-11-06T21:23:25.480504678Z Oryx Version: 0.2.20251017.2, Commit: 482d4c55e818733ab33b9d2131f9dc485a21fd03, ReleaseTagName: 20251017.2
2025-11-06T21:23:25.481114792Z Output is compressed. Extracting it...
2025-11-06T21:23:25.483978230Z Extracting '/home/site/wwwroot/output.tar.gz' to directory '/tmp/8de1d78e589d7b7'...
2025-11-06T21:23:27.364511246Z App path is set to '/tmp/8de1d78e589d7b7'
2025-11-06T21:23:27.865218601Z Detected an app based on Flask
2025-11-06T21:23:27.884297910Z Generating `gunicorn` command for 'application:app'
2025-11-06T21:23:27.899834178Z Writing output script to '/opt/startup/startup.sh'
2025-11-06T21:23:30.235478680Z Using packages from virtual environment antenv located at /tmp/8de1d78e589d7b7/antenv.
2025-11-06T21:23:30.235549904Z Updated PYTHONPATH to '/agents/python:/opt/startup/app_logs:/tmp/8de1d78e589d7b7/antenv/lib/python3.10/site-packages'
2025-11-06T21:23:32.150314260Z [2025-11-06 21:23:32 +0000] [2107] [INFO] Starting gunicorn 23.0.0
2025-11-06T21:23:32.168946847Z [2025-11-06 21:23:32 +0000] [2107] [INFO] Listening at: http://0.0.0.0:8000 (2107)
2025-11-06T21:23:32.168973397Z [2025-11-06 21:23:32 +0000] [2107] [INFO] Using worker: sync
2025-11-06T21:23:32.177951234Z [2025-11-06 21:23:32 +0000] [2120] [INFO] Booting worker with pid: 2120
2025-11-06T21:23:33.632062084Z [2025-11-06 21:23:33 +0000] [2120] [ERROR] Exception in worker process
2025-11-06T21:23:33.632086069Z Traceback (most recent call last):
2025-11-06T21:23:33.632092652Z   File "/tmp/8de1d78e589d7b7/antenv/lib/python3.10/site-packages/gunicorn/arbiter.py", line 608, in spawn_worker
2025-11-06T21:23:33.632099294Z     worker.init_process()
2025-11-06T21:23:33.632104714Z   File "/tmp/8de1d78e589d7b7/antenv/lib/python3.10/site-packages/gunicorn/workers/base.py", line 135, in init_process
2025-11-06T21:23:33.632110645Z     self.load_wsgi()
2025-11-06T21:23:33.632116607Z   File "/tmp/8de1d78e589d7b7/antenv/lib/python3.10/site-packages/gunicorn/workers/base.py", line 147, in load_wsgi
2025-11-06T21:23:33.632122507Z     self.wsgi = self.app.wsgi()
2025-11-06T21:23:33.632128298Z   File "/tmp/8de1d78e589d7b7/antenv/lib/python3.10/site-packages/gunicorn/app/base.py", line 66, in wsgi
2025-11-06T21:23:33.632134229Z     self.callable = self.load()
2025-11-06T21:23:33.632139950Z   File "/tmp/8de1d78e589d7b7/antenv/lib/python3.10/site-packages/gunicorn/app/wsgiapp.py", line 57, in load
2025-11-06T21:23:33.632145671Z     return self.load_wsgiapp()
2025-11-06T21:23:33.632151201Z   File "/tmp/8de1d78e589d7b7/antenv/lib/python3.10/site-packages/gunicorn/app/wsgiapp.py", line 47, in load_wsgiapp
2025-11-06T21:23:33.632156882Z     return util.import_app(self.app_uri)
2025-11-06T21:23:33.632162613Z   File "/tmp/8de1d78e589d7b7/antenv/lib/python3.10/site-packages/gunicorn/util.py", line 370, in import_app
2025-11-06T21:23:33.632168073Z     mod = importlib.import_module(module)
2025-11-06T21:23:33.632173153Z   File "/opt/python/3.10.19/lib/python3.10/importlib/__init__.py", line 126, in import_module
2025-11-06T21:23:33.632178653Z     return _bootstrap._gcd_import(name[level:], package, level)
2025-11-06T21:23:33.632184454Z   File "<frozen importlib._bootstrap>", line 1050, in _gcd_import
2025-11-06T21:23:33.632190185Z   File "<frozen importlib._bootstrap>", line 1027, in _find_and_load
2025-11-06T21:23:33.632208489Z   File "<frozen importlib._bootstrap>", line 1006, in _find_and_load_unlocked
2025-11-06T21:23:33.632212717Z   File "<frozen importlib._bootstrap>", line 688, in _load_unlocked
2025-11-06T21:23:33.632216233Z   File "<frozen importlib._bootstrap_external>", line 883, in exec_module
2025-11-06T21:23:33.632220221Z   File "<frozen importlib._bootstrap>", line 241, in _call_with_frames_removed
2025-11-06T21:23:33.632224198Z   File "/tmp/8de1d78e589d7b7/application.py", line 21, in <module>
2025-11-06T21:23:33.632227975Z     from FlaskWebProject import app
2025-11-06T21:23:33.632231442Z   File "/tmp/8de1d78e589d7b7/FlaskWebProject/__init__.py", line 42, in <module>
2025-11-06T21:23:33.632235069Z     import FlaskWebProject.views
2025-11-06T21:23:33.632238625Z   File "/tmp/8de1d78e589d7b7/FlaskWebProject/views.py", line 15, in <module>
2025-11-06T21:23:33.632243194Z     from FlaskWebProject.models import Post, User
2025-11-06T21:23:33.632246931Z   File "/tmp/8de1d78e589d7b7/FlaskWebProject/models.py", line 5, in <module>
2025-11-06T21:23:33.632250528Z     from azure.storage.blob import BlockBlobService
2025-11-06T21:23:33.632254014Z ImportError: cannot import name 'BlockBlobService' from 'azure.storage.blob' (/tmp/8de1d78e589d7b7/antenv/lib/python3.10/site-packages/azure/storage/blob/__init__.py)
2025-11-06T21:23:33.634938839Z [2025-11-06 21:23:33 +0000] [2120] [INFO] Worker exiting (pid: 2120)
2025-11-06T21:23:33.634953577Z here is config: cmsimages
2025-11-06T21:23:34.056835351Z [2025-11-06 21:23:34 +0000] [2107] [ERROR] Worker (pid:2120) exited with code 3
2025-11-06T21:23:34.060350591Z [2025-11-06 21:23:34 +0000] [2107] [ERROR] Shutting down: Master
2025-11-06T21:23:34.060367393Z [2025-11-06 21:23:34 +0000] [2107] [ERROR] Reason: Worker failed to boot.

2025-11-06T21:26:18.830378563Z    _____                               
2025-11-06T21:26:18.830424699Z   /  _  \ __________ _________   ____  
2025-11-06T21:26:18.830431703Z  /  /_\  \\___   /  |  \_  __ \_/ __ \ 
2025-11-06T21:26:18.830436772Z /    |    \/    /|  |  /|  | \/\  ___/ 
2025-11-06T21:26:18.830441551Z \____|__  /_____ \____/ |__|    \___  >
2025-11-06T21:26:18.830446150Z         \/      \/                  \/ 
2025-11-06T21:26:18.830451059Z A P P   S E R V I C E   O N   L I N U X
2025-11-06T21:26:18.830455147Z 
2025-11-06T21:26:18.830458944Z Documentation    : http://aka.ms/webapp-linux
2025-11-06T21:26:18.830462651Z Python quickstart: https://aka.ms/python-qs
2025-11-06T21:26:18.830466197Z Python version   : 3.10.19
2025-11-06T21:26:18.830469754Z Instance Name    : 10-30-0-143
2025-11-06T21:26:18.830473321Z Instance Id      : 59351fa27e3b8ff2edfe6734b7b5bfd768057ef3feaf004e31c03e0b72d93ffe
2025-11-06T21:26:18.830477118Z 
2025-11-06T21:26:18.830480895Z Note: Any data outside '/home' is not persisted
2025-11-06T21:26:19.663706314Z Starting OpenBSD Secure Shell server: sshd.
2025-11-06T21:26:19.670666446Z WEBSITES_INCLUDE_CLOUD_CERTS is not set to true.
2025-11-06T21:26:19.713048950Z Updating certificates in /etc/ssl/certs...
2025-11-06T21:26:25.829132144Z rehash: warning: skipping duplicate certificate in azl_Sectigo_Public_Server_Authentication_Root_E46.pem
2025-11-06T21:26:25.829244134Z rehash: warning: skipping duplicate certificate in azl_SSL.com_TLS_RSA_Root_CA_2022.pem
2025-11-06T21:26:25.834434752Z rehash: warning: skipping duplicate certificate in azl_Sectigo_Public_Server_Authentication_Root_R46.pem
2025-11-06T21:26:25.838612889Z rehash: warning: skipping duplicate certificate in azl_SSL.com_TLS_ECC_Root_CA_2022.pem
2025-11-06T21:26:25.886512335Z 4 added, 0 removed; done.
2025-11-06T21:26:25.887342434Z Running hooks in /etc/ca-certificates/update.d...
2025-11-06T21:26:26.129556359Z done.
2025-11-06T21:26:26.134553121Z CA certificates copied and updated successfully.
2025-11-06T21:26:26.411704369Z App Command Line not configured, will attempt auto-detect
2025-11-06T21:26:26.411731650Z Launching oryx with: create-script -appPath /home/site/wwwroot -output /opt/startup/startup.sh -virtualEnvName antenv -defaultApp /opt/defaultsite
2025-11-06T21:26:26.427723669Z Found build manifest file at '/home/site/wwwroot/oryx-manifest.toml'. Deserializing it...
2025-11-06T21:26:26.430914291Z Build Operation ID: 2e03fa76aa175340
2025-11-06T21:26:26.432335944Z Output is compressed. Extracting it...
2025-11-06T21:26:26.432488520Z Oryx Version: 0.2.20251017.2, Commit: 482d4c55e818733ab33b9d2131f9dc485a21fd03, ReleaseTagName: 20251017.2
2025-11-06T21:26:26.435085618Z Extracting '/home/site/wwwroot/output.tar.gz' to directory '/tmp/8de1d78e589d7b7'...
2025-11-06T21:26:28.083368782Z App path is set to '/tmp/8de1d78e589d7b7'
2025-11-06T21:26:28.379702179Z Detected an app based on Flask
2025-11-06T21:26:28.400185522Z Generating `gunicorn` command for 'application:app'
2025-11-06T21:26:28.416502855Z Writing output script to '/opt/startup/startup.sh'
2025-11-06T21:26:31.763244125Z Using packages from virtual environment antenv located at /tmp/8de1d78e589d7b7/antenv.
2025-11-06T21:26:31.763272778Z Updated PYTHONPATH to '/agents/python:/opt/startup/app_logs:/tmp/8de1d78e589d7b7/antenv/lib/python3.10/site-packages'
2025-11-06T21:26:33.270664051Z [2025-11-06 21:26:33 +0000] [2107] [INFO] Starting gunicorn 23.0.0
2025-11-06T21:26:33.316575338Z [2025-11-06 21:26:33 +0000] [2107] [INFO] Listening at: http://0.0.0.0:8000 (2107)
2025-11-06T21:26:33.316601687Z [2025-11-06 21:26:33 +0000] [2107] [INFO] Using worker: sync
2025-11-06T21:26:33.328000499Z [2025-11-06 21:26:33 +0000] [2120] [INFO] Booting worker with pid: 2120
2025-11-06T21:26:34.389902739Z [2025-11-06 21:26:34 +0000] [2120] [ERROR] Exception in worker process
2025-11-06T21:26:34.390191431Z Traceback (most recent call last):
2025-11-06T21:26:34.390560815Z   File "/tmp/8de1d78e589d7b7/antenv/lib/python3.10/site-packages/gunicorn/arbiter.py", line 608, in spawn_worker
2025-11-06T21:26:34.390572196Z     worker.init_process()
2025-11-06T21:26:34.390578939Z   File "/tmp/8de1d78e589d7b7/antenv/lib/python3.10/site-packages/gunicorn/workers/base.py", line 135, in init_process
2025-11-06T21:26:34.390585050Z     self.load_wsgi()
2025-11-06T21:26:34.390590611Z   File "/tmp/8de1d78e589d7b7/antenv/lib/python3.10/site-packages/gunicorn/workers/base.py", line 147, in load_wsgi
2025-11-06T21:26:34.390596873Z     self.wsgi = self.app.wsgi()
2025-11-06T21:26:34.390602503Z   File "/tmp/8de1d78e589d7b7/antenv/lib/python3.10/site-packages/gunicorn/app/base.py", line 66, in wsgi
2025-11-06T21:26:34.390608414Z     self.callable = self.load()
2025-11-06T21:26:34.390636447Z   File "/tmp/8de1d78e589d7b7/antenv/lib/python3.10/site-packages/gunicorn/app/wsgiapp.py", line 57, in load
2025-11-06T21:26:34.390644212Z     return self.load_wsgiapp()
2025-11-06T21:26:34.390649732Z   File "/tmp/8de1d78e589d7b7/antenv/lib/python3.10/site-packages/gunicorn/app/wsgiapp.py", line 47, in load_wsgiapp
2025-11-06T21:26:34.390655773Z     return util.import_app(self.app_uri)
2025-11-06T21:26:34.390661554Z   File "/tmp/8de1d78e589d7b7/antenv/lib/python3.10/site-packages/gunicorn/util.py", line 370, in import_app
2025-11-06T21:26:34.390667325Z     mod = importlib.import_module(module)
2025-11-06T21:26:34.390673056Z   File "/opt/python/3.10.19/lib/python3.10/importlib/__init__.py", line 126, in import_module
2025-11-06T21:26:34.390678506Z     return _bootstrap._gcd_import(name[level:], package, level)
2025-11-06T21:26:34.390684357Z   File "<frozen importlib._bootstrap>", line 1050, in _gcd_import
2025-11-06T21:26:34.390690799Z   File "<frozen importlib._bootstrap>", line 1027, in _find_and_load
2025-11-06T21:26:34.390711458Z   File "<frozen importlib._bootstrap>", line 1006, in _find_and_load_unlocked
2025-11-06T21:26:34.390716257Z   File "<frozen importlib._bootstrap>", line 688, in _load_unlocked
2025-11-06T21:26:34.390720455Z   File "<frozen importlib._bootstrap_external>", line 883, in exec_module
2025-11-06T21:26:34.390724713Z   File "<frozen importlib._bootstrap>", line 241, in _call_with_frames_removed
2025-11-06T21:26:34.390729762Z   File "/tmp/8de1d78e589d7b7/application.py", line 21, in <module>
2025-11-06T21:26:34.390733930Z     from FlaskWebProject import app
2025-11-06T21:26:34.390737908Z   File "/tmp/8de1d78e589d7b7/FlaskWebProject/__init__.py", line 42, in <module>
2025-11-06T21:26:34.390742185Z     import FlaskWebProject.views
2025-11-06T21:26:34.390746253Z   File "/tmp/8de1d78e589d7b7/FlaskWebProject/views.py", line 15, in <module>
2025-11-06T21:26:34.390751894Z     from FlaskWebProject.models import Post, User
2025-11-06T21:26:34.390755671Z   File "/tmp/8de1d78e589d7b7/FlaskWebProject/models.py", line 5, in <module>
2025-11-06T21:26:34.390759989Z     from azure.storage.blob import BlockBlobService
2025-11-06T21:26:34.390764117Z ImportError: cannot import name 'BlockBlobService' from 'azure.storage.blob' (/tmp/8de1d78e589d7b7/antenv/lib/python3.10/site-packages/azure/storage/blob/__init__.py)
2025-11-06T21:26:34.390768295Z [2025-11-06 21:26:34 +0000] [2120] [INFO] Worker exiting (pid: 2120)
2025-11-06T21:26:34.390163198Z here is config: cmsimages
2025-11-06T21:26:34.859864819Z [2025-11-06 21:26:34 +0000] [2107] [ERROR] Worker (pid:2120) exited with code 3
2025-11-06T21:26:34.860795036Z [2025-11-06 21:26:34 +0000] [2107] [ERROR] Shutting down: Master
2025-11-06T21:26:34.860809894Z [2025-11-06 21:26:34 +0000] [2107] [ERROR] Reason: Worker failed to boot.

2025-11-06T21:31:21.313243119Z    _____                               
2025-11-06T21:31:21.313347856Z   /  _  \ __________ _________   ____  
2025-11-06T21:31:21.313353717Z  /  /_\  \\___   /  |  \_  __ \_/ __ \ 
2025-11-06T21:31:21.313402669Z /    |    \/    /|  |  /|  | \/\  ___/ 
2025-11-06T21:31:21.313409221Z \____|__  /_____ \____/ |__|    \___  >
2025-11-06T21:31:21.313413950Z         \/      \/                  \/ 
2025-11-06T21:31:21.313417927Z A P P   S E R V I C E   O N   L I N U X
2025-11-06T21:31:21.313421624Z 
2025-11-06T21:31:21.313425952Z Documentation    : http://aka.ms/webapp-linux
2025-11-06T21:31:21.313430070Z Python quickstart: https://aka.ms/python-qs
2025-11-06T21:31:21.313434017Z Python version   : 3.10.19
2025-11-06T21:31:21.313437724Z Instance Name    : 10-30-0-143
2025-11-06T21:31:21.313441612Z Instance Id      : 59351fa27e3b8ff2edfe6734b7b5bfd768057ef3feaf004e31c03e0b72d93ffe
2025-11-06T21:31:21.313445569Z 
2025-11-06T21:31:21.313449196Z Note: Any data outside '/home' is not persisted
2025-11-06T21:31:21.957182323Z Starting OpenBSD Secure Shell server: sshd.
2025-11-06T21:31:21.981434901Z WEBSITES_INCLUDE_CLOUD_CERTS is not set to true.
2025-11-06T21:31:22.055805505Z Updating certificates in /etc/ssl/certs...
2025-11-06T21:31:30.145213026Z rehash: warning: skipping duplicate certificate in azl_Sectigo_Public_Server_Authentication_Root_E46.pem
2025-11-06T21:31:30.146443175Z rehash: warning: skipping duplicate certificate in azl_SSL.com_TLS_RSA_Root_CA_2022.pem
2025-11-06T21:31:30.147588936Z rehash: warning: skipping duplicate certificate in azl_Sectigo_Public_Server_Authentication_Root_R46.pem
2025-11-06T21:31:30.148851085Z rehash: warning: skipping duplicate certificate in azl_SSL.com_TLS_ECC_Root_CA_2022.pem
2025-11-06T21:31:30.183665913Z 4 added, 0 removed; done.
2025-11-06T21:31:30.183875355Z Running hooks in /etc/ca-certificates/update.d...
2025-11-06T21:31:30.195505667Z done.
2025-11-06T21:31:30.202321092Z CA certificates copied and updated successfully.
2025-11-06T21:31:30.264537350Z App Command Line not configured, will attempt auto-detect
2025-11-06T21:31:30.265139971Z Launching oryx with: create-script -appPath /home/site/wwwroot -output /opt/startup/startup.sh -virtualEnvName antenv -defaultApp /opt/defaultsite
2025-11-06T21:31:30.453306106Z Found build manifest file at '/home/site/wwwroot/oryx-manifest.toml'. Deserializing it...
2025-11-06T21:31:30.455803523Z Build Operation ID: 2e03fa76aa175340
2025-11-06T21:31:30.465198208Z Output is compressed. Extracting it...
2025-11-06T21:31:30.465775441Z Oryx Version: 0.2.20251017.2, Commit: 482d4c55e818733ab33b9d2131f9dc485a21fd03, ReleaseTagName: 20251017.2
2025-11-06T21:31:30.466435152Z Extracting '/home/site/wwwroot/output.tar.gz' to directory '/tmp/8de1d78e589d7b7'...
2025-11-06T21:31:32.902491646Z App path is set to '/tmp/8de1d78e589d7b7'
2025-11-06T21:31:33.024982289Z Detected an app based on Flask
2025-11-06T21:31:33.044743922Z Generating `gunicorn` command for 'application:app'
2025-11-06T21:31:33.066611728Z Writing output script to '/opt/startup/startup.sh'
2025-11-06T21:31:35.773680304Z Using packages from virtual environment antenv located at /tmp/8de1d78e589d7b7/antenv.
2025-11-06T21:31:35.773707915Z Updated PYTHONPATH to '/agents/python:/opt/startup/app_logs:/tmp/8de1d78e589d7b7/antenv/lib/python3.10/site-packages'
2025-11-06T21:31:38.054263701Z [2025-11-06 21:31:38 +0000] [2107] [INFO] Starting gunicorn 23.0.0
2025-11-06T21:31:38.096032883Z [2025-11-06 21:31:38 +0000] [2107] [INFO] Listening at: http://0.0.0.0:8000 (2107)
2025-11-06T21:31:38.096059482Z [2025-11-06 21:31:38 +0000] [2107] [INFO] Using worker: sync
2025-11-06T21:31:38.107033228Z [2025-11-06 21:31:38 +0000] [2120] [INFO] Booting worker with pid: 2120
2025-11-06T21:31:39.464701432Z [2025-11-06 21:31:39 +0000] [2120] [ERROR] Exception in worker process
2025-11-06T21:31:39.464727721Z Traceback (most recent call last):
2025-11-06T21:31:39.464734885Z   File "/tmp/8de1d78e589d7b7/antenv/lib/python3.10/site-packages/gunicorn/arbiter.py", line 608, in spawn_worker
2025-11-06T21:31:39.465043553Z     worker.init_process()
2025-11-06T21:31:39.465054153Z   File "/tmp/8de1d78e589d7b7/antenv/lib/python3.10/site-packages/gunicorn/workers/base.py", line 135, in init_process
2025-11-06T21:31:39.465060265Z     self.load_wsgi()
2025-11-06T21:31:39.465065635Z   File "/tmp/8de1d78e589d7b7/antenv/lib/python3.10/site-packages/gunicorn/workers/base.py", line 147, in load_wsgi
2025-11-06T21:31:39.465071636Z     self.wsgi = self.app.wsgi()
2025-11-06T21:31:39.465076886Z   File "/tmp/8de1d78e589d7b7/antenv/lib/python3.10/site-packages/gunicorn/app/base.py", line 66, in wsgi
2025-11-06T21:31:39.465082426Z     self.callable = self.load()
2025-11-06T21:31:39.465087806Z   File "/tmp/8de1d78e589d7b7/antenv/lib/python3.10/site-packages/gunicorn/app/wsgiapp.py", line 57, in load
2025-11-06T21:31:39.465121870Z     return self.load_wsgiapp()
2025-11-06T21:31:39.465129534Z   File "/tmp/8de1d78e589d7b7/antenv/lib/python3.10/site-packages/gunicorn/app/wsgiapp.py", line 47, in load_wsgiapp
2025-11-06T21:31:39.465135606Z     return util.import_app(self.app_uri)
2025-11-06T21:31:39.465141327Z   File "/tmp/8de1d78e589d7b7/antenv/lib/python3.10/site-packages/gunicorn/util.py", line 370, in import_app
2025-11-06T21:31:39.465147138Z     mod = importlib.import_module(module)
2025-11-06T21:31:39.465152828Z   File "/opt/python/3.10.19/lib/python3.10/importlib/__init__.py", line 126, in import_module
2025-11-06T21:31:39.465158709Z     return _bootstrap._gcd_import(name[level:], package, level)
2025-11-06T21:31:39.465164250Z   File "<frozen importlib._bootstrap>", line 1050, in _gcd_import
2025-11-06T21:31:39.465170451Z   File "<frozen importlib._bootstrap>", line 1027, in _find_and_load
2025-11-06T21:31:39.465185740Z   File "<frozen importlib._bootstrap>", line 1006, in _find_and_load_unlocked
2025-11-06T21:31:39.465190168Z   File "<frozen importlib._bootstrap>", line 688, in _load_unlocked
2025-11-06T21:31:39.465194046Z   File "<frozen importlib._bootstrap_external>", line 883, in exec_module
2025-11-06T21:31:39.465198143Z   File "<frozen importlib._bootstrap>", line 241, in _call_with_frames_removed
2025-11-06T21:31:39.465202130Z   File "/tmp/8de1d78e589d7b7/application.py", line 21, in <module>
2025-11-06T21:31:39.465206318Z     from FlaskWebProject import app
2025-11-06T21:31:39.465210186Z   File "/tmp/8de1d78e589d7b7/FlaskWebProject/__init__.py", line 42, in <module>
2025-11-06T21:31:39.465217570Z     import FlaskWebProject.views
2025-11-06T21:31:39.465221477Z   File "/tmp/8de1d78e589d7b7/FlaskWebProject/views.py", line 15, in <module>
2025-11-06T21:31:39.465226977Z     from FlaskWebProject.models import Post, User
2025-11-06T21:31:39.465231746Z   File "/tmp/8de1d78e589d7b7/FlaskWebProject/models.py", line 5, in <module>
2025-11-06T21:31:39.465235884Z     from azure.storage.blob import BlockBlobService
2025-11-06T21:31:39.465239992Z ImportError: cannot import name 'BlockBlobService' from 'azure.storage.blob' (/tmp/8de1d78e589d7b7/antenv/lib/python3.10/site-packages/azure/storage/blob/__init__.py)
2025-11-06T21:31:39.465244660Z [2025-11-06 21:31:39 +0000] [2120] [INFO] Worker exiting (pid: 2120)
2025-11-06T21:31:39.464950669Z here is config: cmsimages
2025-11-06T21:31:39.884033341Z [2025-11-06 21:31:39 +0000] [2107] [ERROR] Worker (pid:2120) exited with code 3
2025-11-06T21:31:39.885288343Z [2025-11-06 21:31:39 +0000] [2107] [ERROR] Shutting down: Master
2025-11-06T21:31:39.885298913Z [2025-11-06 21:31:39 +0000] [2107] [ERROR] Reason: Worker failed to boot.

