2025-11-06T20:42:44.6100339Z,Updating submodules.,7328c30c-adbe-4a2a-bc54-73e1306e44c0,0
2025-11-06T20:42:45.8616206Z,Preparing deployment for commit id '636597ee-b'.,2875d556-be0d-4b32-b6c8-93fc9198d69b,0
2025-11-06T20:42:46.3786132Z,PreDeployment: context.CleanOutputPath False,704fdca8-f4a7-4182-80e7-e15bcfe389c8,0
2025-11-06T20:42:46.5943234Z,PreDeployment: context.OutputPath /home/site/wwwroot,3d754948-a97d-4029-86f9-9f67b7e39a14,0
2025-11-06T20:42:46.8123404Z,Repository path is /tmp/zipdeploy/extracted,24c06a01-8394-4cce-b54d-c7dd49c4654e,0
2025-11-06T20:42:47.0313281Z,Running oryx build...,09315805-2113-4d10-9488-367e6d754e58,0
	2025-11-06T20:42:47.0413956Z,Command: oryx build /tmp/zipdeploy/extracted -o /home/site/wwwroot --platform python --platform-version 3.10 -p virtualenv_name=antenv --log-file /tmp/build-debug.log  -i /tmp/8de1d750ab7f6e2 --compress-destination-dir | tee /tmp/oryx-build.log,,0
	2025-11-06T20:42:57.9321345Z,Operation performed by Microsoft Oryx&comma; https://github.com/Microsoft/Oryx,,0
	2025-11-06T20:42:57.9819013Z,You can report issues at https://github.com/Microsoft/Oryx/issues,,0
	2025-11-06T20:42:58.0026900Z,,,0
	2025-11-06T20:42:58.0170755Z,Oryx Version: 0.2.20251022.1+bef98bc7139feefaa74be16de9d835e2c85385d4&comma; Commit: bef98bc7139feefaa74be16de9d835e2c85385d4&comma; ReleaseTagName: 20251022.1,,0
	2025-11-06T20:42:58.0468329Z,,,0
	2025-11-06T20:42:58.0644759Z,Build Operation ID: 575d36959dbe9e04,,0
	2025-11-06T20:42:58.0780808Z,Repository Commit : 636597ee-b1e2-4d22-aae4-a8575d8e7f80,,0
	2025-11-06T20:42:58.0887881Z,OS Type           : bullseye,,0
	2025-11-06T20:42:58.1188562Z,Image Type        : githubactions,,0
	2025-11-06T20:42:58.1589559Z,,,0
	2025-11-06T20:42:58.1669121Z,Primary SDK Storage URL: https://oryx-cdn.microsoft.io,,0
	2025-11-06T20:42:58.1741431Z,Backup SDK Storage URL: ,,0
	2025-11-06T20:42:58.2093631Z,Detecting platforms...,,0
	2025-11-06T20:42:58.2971654Z,External SDK provider is enabled.,,0
	2025-11-06T20:42:58.4274382Z,Requesting metadata for platform python from external SDK provider,,0
	2025-11-06T20:43:02.0442953Z,Requesting metadata for platform python from external SDK provider,,0
	2025-11-06T20:43:05.7226210Z,Detected following platforms:,,0
	2025-11-06T20:43:05.7620704Z,  python: 3.10.19,,0
	2025-11-06T20:43:05.7822833Z,Requesting metadata for platform python from external SDK provider,,0
	2025-11-06T20:43:12.3063537Z,Version '3.10.19' of platform 'python' is not installed. Generating script to install it...,,0
	2025-11-06T20:43:16.4250703Z,,,0
	2025-11-06T20:43:16.7406376Z,Using intermediate directory '/tmp/8de1d750ab7f6e2'.,,0
	2025-11-06T20:43:16.8159388Z,,,0
	2025-11-06T20:43:16.8593880Z,Copying files to the intermediate directory...,,0
	2025-11-06T20:43:17.2677054Z,Done in 1 sec(s).,,0
	2025-11-06T20:43:17.3021258Z,,,0
	2025-11-06T20:43:17.3225216Z,Source directory     : /tmp/8de1d750ab7f6e2,,0
	2025-11-06T20:43:17.3397367Z,Destination directory: /home/site/wwwroot,,0
	2025-11-06T20:43:17.3817189Z,,,0
	2025-11-06T20:43:17.4270130Z,,,0
	2025-11-06T20:43:17.4464490Z,Downloading and extracting 'python' version '3.10.19' to '/tmp/oryx/platforms/python/3.10.19'...,,0
	2025-11-06T20:43:18.4683685Z,Detected image debian flavor: bullseye.,,0
	2025-11-06T20:43:18.4948214Z,Skipping download of python version 3.10.19 as it is available in external sdk provider cache...,,0
	2025-11-06T20:43:18.5076235Z,Extracting contents...,,0
	2025-11-06T20:43:31.6031894Z,Successfully extracted python version 3.10.19 from external sdk provider cache...,,0
	2025-11-06T20:43:31.6364567Z,Done in 14 sec(s).,,0
	2025-11-06T20:43:31.6571428Z,,,0
	2025-11-06T20:43:31.6930809Z,image detector file exists&comma; platform is python..,,0
	2025-11-06T20:43:31.7134695Z,OS detector file exists&comma; OS is bullseye..,,0
	2025-11-06T20:43:32.2958114Z,Python Version: /tmp/oryx/platforms/python/3.10.19/bin/python3.10,,0
	2025-11-06T20:43:32.3587149Z,Creating directory for command manifest file if it does not exist,,0
	2025-11-06T20:43:32.3731040Z,Removing existing manifest file,,0
	2025-11-06T20:43:32.4290346Z,Python Virtual Environment: antenv,,0
	2025-11-06T20:43:32.4850541Z,Creating virtual environment...,,0
	2025-11-06T20:43:32.5093740Z,Executing: /tmp/oryx/platforms/python/3.10.19/bin/python3.10 -m venv antenv --copies --system-site-packages,,0
	2025-11-06T20:43:46.9482234Z,Activating virtual environment...,,0
	2025-11-06T20:43:46.9977986Z,Running pip install...,,0
	2025-11-06T20:44:09.9774773Z,[20:43:52+0000] Collecting Flask==2.0.3,,0
	2025-11-06T20:44:10.0750495Z,[20:43:52+0000]   Downloading Flask-2.0.3-py3-none-any.whl (95 kB),,0
	2025-11-06T20:44:10.0918502Z,[20:43:52+0000]      ━━━━━━━━━━━━━━━━━━━━━━━━━━━━━━━━━━━━━━━ 95.6/95.6 kB 616.2 kB/s eta 0:00:00,,0
	2025-11-06T20:44:10.1121225Z,[20:43:52+0000] Collecting Flask-Login==0.5.0,,0
	2025-11-06T20:44:10.1271651Z,[20:43:52+0000]   Downloading Flask_Login-0.5.0-py2.py3-none-any.whl (16 kB),,0
	2025-11-06T20:44:10.1415660Z,[20:43:52+0000] Collecting Flask-Session==0.4.0,,0
	2025-11-06T20:44:10.1680421Z,[20:43:52+0000]   Downloading Flask_Session-0.4.0-py2.py3-none-any.whl (7.5 kB),,0
	2025-11-06T20:44:10.1844326Z,[20:43:52+0000] Collecting Flask-SQLAlchemy==2.5.1,,0
	2025-11-06T20:44:10.2092233Z,[20:43:52+0000]   Downloading Flask_SQLAlchemy-2.5.1-py2.py3-none-any.whl (17 kB),,0
	2025-11-06T20:44:10.2479836Z,[20:43:53+0000] Collecting Flask-WTF==0.14.3,,0
	2025-11-06T20:44:10.2612266Z,[20:43:53+0000]   Downloading Flask_WTF-0.14.3-py2.py3-none-any.whl (13 kB),,0
	2025-11-06T20:44:10.2772458Z,[20:43:53+0000] Collecting msal>=1.13.0,,0
	2025-11-06T20:44:10.2915442Z,[20:43:53+0000]   Downloading msal-1.34.0-py3-none-any.whl (116 kB),,0
	2025-11-06T20:44:10.3021541Z,[20:43:53+0000]      ━━━━━━━━━━━━━━━━━━━━━━━━━━━━━━━━━━━━━━━ 117.0/117.0 kB 4.7 MB/s eta 0:00:00,,0
	2025-11-06T20:44:10.3148574Z,[20:43:53+0000] Collecting pyodbc>=4.0.30,,0
	2025-11-06T20:44:10.3265773Z,[20:43:53+0000]   Downloading pyodbc-5.3.0-cp310-cp310-manylinux2014_x86_64.manylinux_2_17_x86_64.manylinux_2_28_x86_64.whl (322 kB),,0
	2025-11-06T20:44:10.3359029Z,[20:43:53+0000]      ━━━━━━━━━━━━━━━━━━━━━━━━━━━━━━━━━━━━━━ 322.0/322.0 kB 18.7 MB/s eta 0:00:00,,0
	2025-11-06T20:44:10.3482374Z,[20:43:53+0000] Collecting python-dotenv,,0
	2025-11-06T20:44:10.3594443Z,[20:43:53+0000]   Downloading python_dotenv-1.2.1-py3-none-any.whl (21 kB),,0
	2025-11-06T20:44:10.3707150Z,[20:43:53+0000] Collecting requests>=2.22.0,,0
	2025-11-06T20:44:10.3853989Z,[20:43:53+0000]   Downloading requests-2.32.5-py3-none-any.whl (64 kB),,0
	2025-11-06T20:44:10.3963873Z,[20:43:53+0000]      ━━━━━━━━━━━━━━━━━━━━━━━━━━━━━━━━━━━━━━━━ 64.7/64.7 kB 5.8 MB/s eta 0:00:00,,0
	2025-11-06T20:44:10.4092703Z,[20:43:54+0000] Collecting Werkzeug==2.0.3,,0
	2025-11-06T20:44:10.4235621Z,[20:43:54+0000]   Downloading Werkzeug-2.0.3-py3-none-any.whl (289 kB),,0
	2025-11-06T20:44:10.4338540Z,[20:43:54+0000]      ━━━━━━━━━━━━━━━━━━━━━━━━━━━━━━━━━━━━━━ 289.2/289.2 kB 16.3 MB/s eta 0:00:00,,0
	2025-11-06T20:44:10.4562484Z,[20:43:54+0000] Collecting WTForms>=2.2.1,,0
	2025-11-06T20:44:10.4679404Z,[20:43:54+0000]   Downloading wtforms-3.2.1-py3-none-any.whl (152 kB),,0
	2025-11-06T20:44:10.4788132Z,[20:43:54+0000]      ━━━━━━━━━━━━━━━━━━━━━━━━━━━━━━━━━━━━━━ 152.5/152.5 kB 10.5 MB/s eta 0:00:00,,0
	2025-11-06T20:44:10.4940873Z,[20:43:55+0000] Collecting SQLAlchemy==1.4.46,,0
	2025-11-06T20:44:10.5061909Z,[20:43:55+0000]   Downloading SQLAlchemy-1.4.46-cp310-cp310-manylinux_2_5_x86_64.manylinux1_x86_64.manylinux_2_17_x86_64.manylinux2014_x86_64.whl (1.6 MB),,0
	2025-11-06T20:44:10.5213371Z,[20:43:55+0000]      ━━━━━━━━━━━━━━━━━━━━━━━━━━━━━━━━━━━━━━━━ 1.6/1.6 MB 13.1 MB/s eta 0:00:00,,0
	2025-11-06T20:44:10.5353906Z,[20:43:55+0000] Collecting azure-storage-blob>=12.0.0,,0
	2025-11-06T20:44:10.5460709Z,[20:43:55+0000]   Downloading azure_storage_blob-12.27.1-py3-none-any.whl (428 kB),,0
	2025-11-06T20:44:10.5587230Z,[20:43:55+0000]      ━━━━━━━━━━━━━━━━━━━━━━━━━━━━━━━━━━━━━━ 429.0/429.0 kB 12.8 MB/s eta 0:00:00,,0
	2025-11-06T20:44:10.5716398Z,[20:43:55+0000] Collecting Pillow>=8.0.0,,0
	2025-11-06T20:44:10.5894416Z,[20:43:55+0000]   Downloading pillow-12.0.0-cp310-cp310-manylinux_2_27_x86_64.manylinux_2_28_x86_64.whl (7.0 MB),,0
	2025-11-06T20:44:10.6005438Z,[20:43:56+0000]      ━━━━━━━━━━━━━━━━━━━━━━━━━━━━━━━━━━━━━━━━ 7.0/7.0 MB 20.4 MB/s eta 0:00:00,,0
	2025-11-06T20:44:10.6117148Z,[20:43:56+0000] Collecting cryptography>=3.0.0,,0
	2025-11-06T20:44:10.6263308Z,[20:43:56+0000]   Downloading cryptography-46.0.3-cp38-abi3-manylinux_2_28_x86_64.whl (4.5 MB),,0
	2025-11-06T20:44:10.6362313Z,[20:43:57+0000]      ━━━━━━━━━━━━━━━━━━━━━━━━━━━━━━━━━━━━━━━━ 4.5/4.5 MB 10.6 MB/s eta 0:00:00,,0
	2025-11-06T20:44:10.6470058Z,[20:43:57+0000] Collecting gunicorn,,0
	2025-11-06T20:44:10.6602071Z,[20:43:57+0000]   Downloading gunicorn-23.0.0-py3-none-any.whl (85 kB),,0
	2025-11-06T20:44:10.6725386Z,[20:43:57+0000]      ━━━━━━━━━━━━━━━━━━━━━━━━━━━━━━━━━━━━━━━━ 85.0/85.0 kB 9.1 MB/s eta 0:00:00,,0
	2025-11-06T20:44:10.6832720Z,[20:43:57+0000] Collecting click>=7.1.2,,0
	2025-11-06T20:44:10.6955109Z,[20:43:57+0000]   Downloading click-8.3.0-py3-none-any.whl (107 kB),,0
	2025-11-06T20:44:10.7087585Z,[20:43:57+0000]      ━━━━━━━━━━━━━━━━━━━━━━━━━━━━━━━━━━━━━━━ 107.3/107.3 kB 9.6 MB/s eta 0:00:00,,0
	2025-11-06T20:44:10.7267194Z,[20:43:57+0000] Collecting Jinja2>=3.0,,0
	2025-11-06T20:44:10.7421449Z,[20:43:57+0000]   Downloading jinja2-3.1.6-py3-none-any.whl (134 kB),,0
	2025-11-06T20:44:10.7543908Z,[20:43:57+0000]      ━━━━━━━━━━━━━━━━━━━━━━━━━━━━━━━━━━━━━━ 134.9/134.9 kB 10.2 MB/s eta 0:00:00,,0
	2025-11-06T20:44:10.7671076Z,[20:43:57+0000] Collecting itsdangerous>=2.0,,0
	2025-11-06T20:44:10.7881353Z,[20:43:57+0000]   Downloading itsdangerous-2.2.0-py3-none-any.whl (16 kB),,0
	2025-11-06T20:44:10.8085404Z,[20:43:57+0000] Collecting cachelib,,0
	2025-11-06T20:44:10.8257460Z,[20:43:57+0000]   Downloading cachelib-0.13.0-py3-none-any.whl (20 kB),,0
	2025-11-06T20:44:10.8421725Z,[20:43:58+0000] Collecting greenlet!=0.4.17,,0
	2025-11-06T20:44:10.8600590Z,[20:43:58+0000]   Downloading greenlet-3.2.4-cp310-cp310-manylinux_2_24_x86_64.manylinux_2_28_x86_64.whl (584 kB),,0
	2025-11-06T20:44:10.8940723Z,[20:43:58+0000]      ━━━━━━━━━━━━━━━━━━━━━━━━━━━━━━━━━━━━━━ 584.4/584.4 kB 37.4 MB/s eta 0:00:00,,0
	2025-11-06T20:44:10.9056145Z,[20:43:58+0000] Collecting PyJWT[crypto]<3&comma;>=1.0.0,,0
	2025-11-06T20:44:10.9240207Z,[20:43:58+0000]   Downloading PyJWT-2.10.1-py3-none-any.whl (22 kB),,0
	2025-11-06T20:44:10.9404517Z,[20:43:58+0000] Collecting certifi>=2017.4.17,,0
	2025-11-06T20:44:10.9563169Z,[20:43:58+0000]   Downloading certifi-2025.10.5-py3-none-any.whl (163 kB),,0
	2025-11-06T20:44:10.9754475Z,[20:43:58+0000]      ━━━━━━━━━━━━━━━━━━━━━━━━━━━━━━━━━━━━━━━ 163.3/163.3 kB 6.4 MB/s eta 0:00:00,,0
	2025-11-06T20:44:10.9925195Z,[20:43:58+0000] Collecting urllib3<3&comma;>=1.21.1,,0
	2025-11-06T20:44:11.0188259Z,[20:43:58+0000]   Downloading urllib3-2.5.0-py3-none-any.whl (129 kB),,0
	2025-11-06T20:44:11.0600856Z,[20:43:58+0000]      ━━━━━━━━━━━━━━━━━━━━━━━━━━━━━━━━━━━━━━ 129.8/129.8 kB 11.6 MB/s eta 0:00:00,,0
	2025-11-06T20:44:11.0989031Z,[20:43:58+0000] Collecting charset_normalizer<4&comma;>=2,,0
	2025-11-06T20:44:11.1165840Z,[20:43:58+0000]   Downloading charset_normalizer-3.4.4-cp310-cp310-manylinux2014_x86_64.manylinux_2_17_x86_64.manylinux_2_28_x86_64.whl (153 kB),,0
	2025-11-06T20:44:11.1437261Z,[20:43:58+0000]      ━━━━━━━━━━━━━━━━━━━━━━━━━━━━━━━━━━━━━━ 153.6/153.6 kB 12.1 MB/s eta 0:00:00,,0
	2025-11-06T20:44:11.1541310Z,[20:43:58+0000] Collecting idna<4&comma;>=2.5,,0
	2025-11-06T20:44:11.1681537Z,[20:43:58+0000]   Downloading idna-3.11-py3-none-any.whl (71 kB),,0
	2025-11-06T20:44:11.1877568Z,[20:43:58+0000]      ━━━━━━━━━━━━━━━━━━━━━━━━━━━━━━━━━━━━━━━━ 71.0/71.0 kB 6.3 MB/s eta 0:00:00,,0
	2025-11-06T20:44:11.2389806Z,[20:43:58+0000] Collecting markupsafe,,0
	2025-11-06T20:44:11.2616422Z,[20:43:58+0000]   Downloading markupsafe-3.0.3-cp310-cp310-manylinux2014_x86_64.manylinux_2_17_x86_64.manylinux_2_28_x86_64.whl (20 kB),,0
	2025-11-06T20:44:11.2956724Z,[20:43:58+0000] Collecting isodate>=0.6.1,,0
	2025-11-06T20:44:11.3281928Z,[20:43:58+0000]   Downloading isodate-0.7.2-py3-none-any.whl (22 kB),,0
	2025-11-06T20:44:11.3490589Z,[20:43:59+0000] Collecting azure-core>=1.30.0,,0
	2025-11-06T20:44:11.3666400Z,[20:43:59+0000]   Downloading azure_core-1.36.0-py3-none-any.whl (213 kB),,0
	2025-11-06T20:44:11.4059957Z,[20:43:59+0000]      ━━━━━━━━━━━━━━━━━━━━━━━━━━━━━━━━━━━━━━ 213.3/213.3 kB 19.6 MB/s eta 0:00:00,,0
	2025-11-06T20:44:11.4178336Z,[20:43:59+0000] Collecting typing-extensions>=4.6.0,,0
	2025-11-06T20:44:11.4375942Z,[20:43:59+0000]   Downloading typing_extensions-4.15.0-py3-none-any.whl (44 kB),,0
	2025-11-06T20:44:11.4757499Z,[20:43:59+0000]      ━━━━━━━━━━━━━━━━━━━━━━━━━━━━━━━━━━━━━━━━ 44.6/44.6 kB 4.7 MB/s eta 0:00:00,,0
	2025-11-06T20:44:11.4862161Z,[20:43:59+0000] Collecting cffi>=2.0.0,,0
	2025-11-06T20:44:11.5161755Z,[20:43:59+0000]   Downloading cffi-2.0.0-cp310-cp310-manylinux2014_x86_64.manylinux_2_17_x86_64.whl (216 kB),,0
	2025-11-06T20:44:11.5316406Z,[20:43:59+0000]      ━━━━━━━━━━━━━━━━━━━━━━━━━━━━━━━━━━━━━━ 216.5/216.5 kB 10.9 MB/s eta 0:00:00,,0
	2025-11-06T20:44:11.5504689Z,[20:43:59+0000] Collecting packaging,,0
	2025-11-06T20:44:11.5777489Z,[20:43:59+0000]   Downloading packaging-25.0-py3-none-any.whl (66 kB),,0
	2025-11-06T20:44:11.6057666Z,[20:43:59+0000]      ━━━━━━━━━━━━━━━━━━━━━━━━━━━━━━━━━━━━━━━━ 66.5/66.5 kB 5.6 MB/s eta 0:00:00,,0
	2025-11-06T20:44:11.6405615Z,[20:43:59+0000] Collecting pycparser,,0
	2025-11-06T20:44:11.6752094Z,[20:43:59+0000]   Downloading pycparser-2.23-py3-none-any.whl (118 kB),,0
	2025-11-06T20:44:11.6932544Z,[20:43:59+0000]      ━━━━━━━━━━━━━━━━━━━━━━━━━━━━━━━━━━━━━━━ 118.1/118.1 kB 6.2 MB/s eta 0:00:00,,0
	2025-11-06T20:44:11.7287977Z,[20:44:00+0000] Installing collected packages: Werkzeug&comma; urllib3&comma; typing-extensions&comma; python-dotenv&comma; pyodbc&comma; PyJWT&comma; pycparser&comma; Pillow&comma; packaging&comma; markupsafe&comma; itsdangerous&comma; isodate&comma; idna&comma; greenlet&comma; click&comma; charset_normalizer&comma; certifi&comma; cachelib&comma; WTForms&comma; SQLAlchemy&comma; requests&comma; Jinja2&comma; gunicorn&comma; cffi&comma; Flask&comma; cryptography&comma; azure-core&comma; Flask-WTF&comma; Flask-SQLAlchemy&comma; Flask-Session&comma; Flask-Login&comma; azure-storage-blob&comma; msal,,0
	2025-11-06T20:44:11.7516961Z,[20:44:09+0000] Successfully installed Flask-2.0.3 Flask-Login-0.5.0 Flask-SQLAlchemy-2.5.1 Flask-Session-0.4.0 Flask-WTF-0.14.3 Jinja2-3.1.6 Pillow-12.0.0 PyJWT-2.10.1 SQLAlchemy-1.4.46 WTForms-3.2.1 Werkzeug-2.0.3 azure-core-1.36.0 azure-storage-blob-12.27.1 cachelib-0.13.0 certifi-2025.10.5 cffi-2.0.0 charset_normalizer-3.4.4 click-8.3.0 cryptography-46.0.3 greenlet-3.2.4 gunicorn-23.0.0 idna-3.11 isodate-0.7.2 itsdangerous-2.2.0 markupsafe-3.0.3 msal-1.34.0 packaging-25.0 pycparser-2.23 pyodbc-5.3.0 python-dotenv-1.2.1 requests-2.32.5 typing-extensions-4.15.0 urllib3-2.5.0,,0
	2025-11-06T20:44:11.7791627Z,,,0
	2025-11-06T20:44:11.8023365Z,[notice] A new release of pip is available: 23.0.1 -> 25.3,,0
	2025-11-06T20:44:11.8145126Z,[notice] To update&comma; run: pip install --upgrade pip,,0
	2025-11-06T20:44:11.8502838Z,Not a vso image&comma; so not writing build commands,,0
	2025-11-06T20:44:11.8720286Z,Preparing output...,,0
	2025-11-06T20:44:11.8923644Z,,,0
	2025-11-06T20:44:11.9109769Z,Copying files to destination directory '/tmp/_preCompressedDestinationDir'...,,0
	2025-11-06T20:44:15.7895774Z,Done in 5 sec(s).,,0
	2025-11-06T20:44:15.8080673Z,Compressing content of directory '/tmp/_preCompressedDestinationDir'...,,0
	2025-11-06T20:44:22.2592138Z,Copied the compressed output to '/home/site/wwwroot',,0
	2025-11-06T20:44:22.3091501Z,,,0
	2025-11-06T20:44:22.3269728Z,Removing existing manifest file,,0
	2025-11-06T20:44:22.3399110Z,Creating a manifest file...,,0
	2025-11-06T20:44:22.3649130Z,Manifest file created.,,0
	2025-11-06T20:44:22.3808795Z,Copying .ostype to manifest output directory.,,0
	2025-11-06T20:44:22.4200970Z,,,0
	2025-11-06T20:44:22.4379350Z,Done in 66 sec(s).,,0
2025-11-06T20:44:22.8179588Z,Running post deployment command(s)...,3ac088e2-e245-4e98-86ef-80e6e8f45bb3,0
2025-11-06T20:44:22.9630009Z,,86a74ee4-4132-49b6-afc6-1f5ac4490a59,0
2025-11-06T20:44:23.0870654Z,Generating summary of Oryx build,7092ec47-5615-45b5-96df-2530a2e8937f,0
2025-11-06T20:44:23.2450022Z,Parsing the build logs,2572e601-7430-4af2-802c-5dd86ede8058,0
2025-11-06T20:44:23.3758519Z,Found 0 issue(s),c9f42f64-04f5-402e-83be-60d5787b9e7f,0
2025-11-06T20:44:23.5018783Z,,fb0146b3-ac91-45d1-954e-d6242a81cc10,0
2025-11-06T20:44:24.1799109Z,Build Summary :,b5b60b19-2a5d-4e04-b1b7-7d29f4d7decd,0
2025-11-06T20:44:24.3239839Z,===============,c91dbe58-e83f-4794-b39a-516ec0bf5c72,0
2025-11-06T20:44:24.4500609Z,Errors (0),4f86101c-416c-42f6-a755-475fcb510e52,0
2025-11-06T20:44:24.5900581Z,Warnings (0),a628d019-83c6-4625-bc8e-3fc733466e92,0
2025-11-06T20:44:24.7271735Z,,fbe8ae29-7e95-4ca2-aef3-4110d4e51cbf,0
2025-11-06T20:44:24.8719085Z,Triggering container recycle for OneDeploy by adding/updating restartTrigger.txt to the site root path,3e1a7540-b587-4093-86b5-d5c9aa0978ba,0
2025-11-06T20:44:25.0963734Z,Deployment successful. deployer = OneDeploy deploymentPath = OneDeploy,3561208d-eeac-4aad-9d0e-7c9ff9c0995a,0
